<?xml version="1.0" encoding="UTF-8"?>
<!-- Generated by org.testng.reporters.JUnitXMLReporter -->
<testsuite ignored="0" hostname="Anaras-MacBook-Pro.local" failures="1" tests="9" name="Chrome Tests" time="77.881" errors="0" timestamp="2020-06-07T08:27:25 PDT">
  <testcase classname="com.romanceabroad.ui.RegistrationTests" name="testBoolean" time="0.0"/>
  <testcase classname="com.romanceabroad.ui.RegistrationTests" name="testRegistration2" time="3.752"/>
  <testcase classname="com.romanceabroad.ui.RegistrationTests" name="testRegistration2" time="0.38"/>
  <testcase classname="com.romanceabroad.ui.RegistrationTests" name="testRegistration2" time="4.2"/>
  <testcase classname="com.romanceabroad.ui.RegistrationTests" name="testRegistrationForInvalidEmailTestCase31" time="0.336"/>
  <testcase classname="com.romanceabroad.ui.RegistrationTests" name="testRegistrationForExistingUserTestCase32" time="1.459"/>
  <testcase classname="com.romanceabroad.ui.RegistrationTests" name="testRegistrationForInvalidPasswordTestCase33" time="20.34">
    <failure type="org.openqa.selenium.TimeoutException" message="Expected condition failed: waiting for element to be clickable: By.xpath: //button[@data-action=&amp;apos;next-page&amp;apos;][text()=&amp;apos;Next&amp;apos;] (tried for 20 second(s) with 500 milliseconds interval)
Build info: version: &amp;apos;3.141.59&amp;apos;, revision: &amp;apos;e82be7d358&amp;apos;, time: &amp;apos;2018-11-14T08:17:03&amp;apos;
System info: host: &amp;apos;Anaras-MacBook-Pro.local&amp;apos;, ip: &amp;apos;2601:647:4a00:ccf0:0:0:0:f5fd%en0&amp;apos;, os.name: &amp;apos;Mac OS X&amp;apos;, os.arch: &amp;apos;x86_64&amp;apos;, os.version: &amp;apos;10.14.6&amp;apos;, java.version: &amp;apos;11.0.7&amp;apos;
Driver info: org.openqa.selenium.chrome.ChromeDriver
Capabilities {acceptInsecureCerts: false, browserName: chrome, browserVersion: 83.0.4103.61, chrome: {chromedriverVersion: 83.0.4103.39 (ccbf011cb2d2b..., userDataDir: /var/folders/6y/hllg1rhd29j...}, goog:chromeOptions: {debuggerAddress: localhost:55926}, javascriptEnabled: true, networkConnectionEnabled: false, pageLoadStrategy: normal, platform: MAC, platformName: MAC, proxy: Proxy(), setWindowRect: true, strictFileInteractability: false, timeouts: {implicit: 0, pageLoad: 300000, script: 30000}, unhandledPromptBehavior: dismiss and notify, webauthn:virtualAuthenticators: true}
Session ID: caf5f2d1ccc617b0b18e5c2a4725ec78">
      <![CDATA[org.openqa.selenium.TimeoutException: Expected condition failed: waiting for element to be clickable: By.xpath: //button[@data-action='next-page'][text()='Next'] (tried for 20 second(s) with 500 milliseconds interval)
Build info: version: '3.141.59', revision: 'e82be7d358', time: '2018-11-14T08:17:03'
System info: host: 'Anaras-MacBook-Pro.local', ip: '2601:647:4a00:ccf0:0:0:0:f5fd%en0', os.name: 'Mac OS X', os.arch: 'x86_64', os.version: '10.14.6', java.version: '11.0.7'
Driver info: org.openqa.selenium.chrome.ChromeDriver
Capabilities {acceptInsecureCerts: false, browserName: chrome, browserVersion: 83.0.4103.61, chrome: {chromedriverVersion: 83.0.4103.39 (ccbf011cb2d2b..., userDataDir: /var/folders/6y/hllg1rhd29j...}, goog:chromeOptions: {debuggerAddress: localhost:55926}, javascriptEnabled: true, networkConnectionEnabled: false, pageLoadStrategy: normal, platform: MAC, platformName: MAC, proxy: Proxy(), setWindowRect: true, strictFileInteractability: false, timeouts: {implicit: 0, pageLoad: 300000, script: 30000}, unhandledPromptBehavior: dismiss and notify, webauthn:virtualAuthenticators: true}
Session ID: caf5f2d1ccc617b0b18e5c2a4725ec78
at org.openqa.selenium.support.ui.WebDriverWait.timeoutException(WebDriverWait.java:95)
at org.openqa.selenium.support.ui.FluentWait.until(FluentWait.java:272)
at com.romanceabroad.ui.MainPage.clickNextButton(MainPage.java:66)
at com.romanceabroad.ui.RegistrationTests.testRegistrationForInvalidPasswordTestCase33(RegistrationTests.java:103)
at java.base/java.util.ArrayList.forEach(ArrayList.java:1540)
... Removed 31 stack frames]]>
    </failure>
  </testcase> <!-- testRegistrationForInvalidPasswordTestCase33 -->
  <testcase classname="com.romanceabroad.ui.RegistrationTests" name="testRegistration1" time="3.692"/>
  <testcase classname="com.romanceabroad.ui.RegistrationTests" name="testRegistration1" time="3.867"/>
</testsuite> <!-- Chrome Tests -->
