<?xml version="1.0" encoding="UTF-8"?>
<testsuite xmlns:xsi="http://www.w3.org/2001/XMLSchema-instance" xsi:noNamespaceSchemaLocation="https://maven.apache.org/surefire/maven-surefire-plugin/xsd/surefire-test-report-3.0.xsd" version="3.0" name="TestSuite" time="250.232" tests="45" errors="0" skipped="18" failures="11">
  <properties>
    <property name="gopherProxySet" value="false"/>
    <property name="awt.toolkit" value="sun.lwawt.macosx.LWCToolkit"/>
    <property name="java.specification.version" value="11"/>
    <property name="sun.cpu.isalist" value=""/>
    <property name="sun.jnu.encoding" value="UTF-8"/>
    <property name="java.class.path" value="/Users/anaraimasheva/GitHub/roman/romancepractice/target/test-classes:/Users/anaraimasheva/GitHub/roman/romancepractice/target/classes:/Users/anaraimasheva/.m2/repository/org/apache/commons/commons-lang3/3.4/commons-lang3-3.4.jar:/Users/anaraimasheva/.m2/repository/org/seleniumhq/selenium/selenium-java/3.141.59/selenium-java-3.141.59.jar:/Users/anaraimasheva/.m2/repository/org/seleniumhq/selenium/selenium-api/3.141.59/selenium-api-3.141.59.jar:/Users/anaraimasheva/.m2/repository/org/seleniumhq/selenium/selenium-chrome-driver/3.141.59/selenium-chrome-driver-3.141.59.jar:/Users/anaraimasheva/.m2/repository/org/seleniumhq/selenium/selenium-edge-driver/3.141.59/selenium-edge-driver-3.141.59.jar:/Users/anaraimasheva/.m2/repository/org/seleniumhq/selenium/selenium-firefox-driver/3.141.59/selenium-firefox-driver-3.141.59.jar:/Users/anaraimasheva/.m2/repository/org/seleniumhq/selenium/selenium-ie-driver/3.141.59/selenium-ie-driver-3.141.59.jar:/Users/anaraimasheva/.m2/repository/org/seleniumhq/selenium/selenium-opera-driver/3.141.59/selenium-opera-driver-3.141.59.jar:/Users/anaraimasheva/.m2/repository/org/seleniumhq/selenium/selenium-remote-driver/3.141.59/selenium-remote-driver-3.141.59.jar:/Users/anaraimasheva/.m2/repository/org/seleniumhq/selenium/selenium-safari-driver/3.141.59/selenium-safari-driver-3.141.59.jar:/Users/anaraimasheva/.m2/repository/org/seleniumhq/selenium/selenium-support/3.141.59/selenium-support-3.141.59.jar:/Users/anaraimasheva/.m2/repository/net/bytebuddy/byte-buddy/1.8.15/byte-buddy-1.8.15.jar:/Users/anaraimasheva/.m2/repository/org/apache/commons/commons-exec/1.3/commons-exec-1.3.jar:/Users/anaraimasheva/.m2/repository/com/google/guava/guava/25.0-jre/guava-25.0-jre.jar:/Users/anaraimasheva/.m2/repository/com/google/code/findbugs/jsr305/1.3.9/jsr305-1.3.9.jar:/Users/anaraimasheva/.m2/repository/org/checkerframework/checker-compat-qual/2.0.0/checker-compat-qual-2.0.0.jar:/Users/anaraimasheva/.m2/repository/com/google/errorprone/error_prone_annotations/2.1.3/error_prone_annotations-2.1.3.jar:/Users/anaraimasheva/.m2/repository/com/google/j2objc/j2objc-annotations/1.1/j2objc-annotations-1.1.jar:/Users/anaraimasheva/.m2/repository/org/codehaus/mojo/animal-sniffer-annotations/1.14/animal-sniffer-annotations-1.14.jar:/Users/anaraimasheva/.m2/repository/com/squareup/okhttp3/okhttp/3.11.0/okhttp-3.11.0.jar:/Users/anaraimasheva/.m2/repository/com/squareup/okio/okio/1.14.0/okio-1.14.0.jar:/Users/anaraimasheva/.m2/repository/io/rest-assured/rest-assured/3.3.0/rest-assured-3.3.0.jar:/Users/anaraimasheva/.m2/repository/org/codehaus/groovy/groovy/2.4.15/groovy-2.4.15.jar:/Users/anaraimasheva/.m2/repository/org/codehaus/groovy/groovy-xml/2.4.15/groovy-xml-2.4.15.jar:/Users/anaraimasheva/.m2/repository/org/apache/httpcomponents/httpclient/4.5.3/httpclient-4.5.3.jar:/Users/anaraimasheva/.m2/repository/org/apache/httpcomponents/httpcore/4.4.6/httpcore-4.4.6.jar:/Users/anaraimasheva/.m2/repository/commons-logging/commons-logging/1.2/commons-logging-1.2.jar:/Users/anaraimasheva/.m2/repository/commons-codec/commons-codec/1.9/commons-codec-1.9.jar:/Users/anaraimasheva/.m2/repository/org/apache/httpcomponents/httpmime/4.5.3/httpmime-4.5.3.jar:/Users/anaraimasheva/.m2/repository/org/hamcrest/hamcrest-core/1.3/hamcrest-core-1.3.jar:/Users/anaraimasheva/.m2/repository/org/hamcrest/hamcrest-library/1.3/hamcrest-library-1.3.jar:/Users/anaraimasheva/.m2/repository/org/ccil/cowan/tagsoup/tagsoup/1.2.1/tagsoup-1.2.1.jar:/Users/anaraimasheva/.m2/repository/io/rest-assured/json-path/3.3.0/json-path-3.3.0.jar:/Users/anaraimasheva/.m2/repository/org/codehaus/groovy/groovy-json/2.4.15/groovy-json-2.4.15.jar:/Users/anaraimasheva/.m2/repository/io/rest-assured/rest-assured-common/3.3.0/rest-assured-common-3.3.0.jar:/Users/anaraimasheva/.m2/repository/io/rest-assured/xml-path/3.3.0/xml-path-3.3.0.jar:/Users/anaraimasheva/.m2/repository/javax/xml/bind/jaxb-api/2.2.12/jaxb-api-2.2.12.jar:/Users/anaraimasheva/.m2/repository/com/sun/xml/bind/jaxb-osgi/2.2.10/jaxb-osgi-2.2.10.jar:/Users/anaraimasheva/.m2/repository/org/apache/sling/org.apache.sling.javax.activation/0.1.0/org.apache.sling.javax.activation-0.1.0.jar:/Users/anaraimasheva/.m2/repository/javax/activation/activation/1.1.1/activation-1.1.1.jar:/Users/anaraimasheva/.m2/repository/org/testng/testng/7.0.0/testng-7.0.0.jar:/Users/anaraimasheva/.m2/repository/com/beust/jcommander/1.72/jcommander-1.72.jar:/Users/anaraimasheva/.m2/repository/com/aventstack/extentreports/3.1.5/extentreports-3.1.5.jar:/Users/anaraimasheva/.m2/repository/org/freemarker/freemarker/2.3.23/freemarker-2.3.23.jar:/Users/anaraimasheva/.m2/repository/org/mongodb/mongodb-driver/3.3.0/mongodb-driver-3.3.0.jar:/Users/anaraimasheva/.m2/repository/org/mongodb/bson/3.3.0/bson-3.3.0.jar:/Users/anaraimasheva/.m2/repository/org/mongodb/mongodb-driver-core/3.3.0/mongodb-driver-core-3.3.0.jar:/Users/anaraimasheva/.m2/repository/org/jsoup/jsoup/1.9.2/jsoup-1.9.2.jar:/Users/anaraimasheva/.m2/repository/com/google/code/gson/gson/2.8.0/gson-2.8.0.jar:/Users/anaraimasheva/.m2/repository/com/automation-remarks/video-recorder-testng/1.0/video-recorder-testng-1.0.jar:/Users/anaraimasheva/.m2/repository/com/automation-remarks/video-recorder-core/1.0/video-recorder-core-1.0.jar:/Users/anaraimasheva/.m2/repository/ru/yandex/qatools/allure/allure-java-annotations/1.4.23/allure-java-annotations-1.4.23.jar:/Users/anaraimasheva/.m2/repository/ru/yandex/qatools/allure/allure-model/1.4.23/allure-model-1.4.23.jar:/Users/anaraimasheva/.m2/repository/org/jvnet/jaxb2_commons/jaxb2-basics-runtime/0.9.3/jaxb2-basics-runtime-0.9.3.jar:/Users/anaraimasheva/.m2/repository/ru/yandex/qatools/properties/properties-loader/1.5/properties-loader-1.5.jar:/Users/anaraimasheva/.m2/repository/commons-beanutils/commons-beanutils-core/1.8.3/commons-beanutils-core-1.8.3.jar:/Users/anaraimasheva/.m2/repository/org/slf4j/slf4j-api/1.7.12/slf4j-api-1.7.12.jar:"/>
    <property name="java.vm.vendor" value="JetBrains s.r.o."/>
    <property name="sun.arch.data.model" value="64"/>
    <property name="java.vendor.url" value="https://www.jetbrains.com/"/>
    <property name="user.timezone" value=""/>
    <property name="java.vm.specification.version" value="11"/>
    <property name="os.name" value="Mac OS X"/>
    <property name="sun.java.launcher" value="SUN_STANDARD"/>
    <property name="user.country" value="US"/>
    <property name="sun.boot.library.path" value="/Applications/IntelliJ IDEA CE.app/Contents/jbr/Contents/Home/lib"/>
    <property name="sun.java.command" value="/Users/anaraimasheva/GitHub/roman/romancepractice/target/surefire/surefirebooter15408159613791567225.jar /Users/anaraimasheva/GitHub/roman/romancepractice/target/surefire 2020-06-06T20-44-06_113-jvmRun1 surefire3250678047535164382tmp surefire_06067594806840864931tmp"/>
    <property name="http.nonProxyHosts" value="local|*.local|169.254/16|*.169.254/16"/>
    <property name="jdk.debug" value="release"/>
    <property name="surefire.test.class.path" value="/Users/anaraimasheva/GitHub/roman/romancepractice/target/test-classes:/Users/anaraimasheva/GitHub/roman/romancepractice/target/classes:/Users/anaraimasheva/.m2/repository/org/apache/commons/commons-lang3/3.4/commons-lang3-3.4.jar:/Users/anaraimasheva/.m2/repository/org/seleniumhq/selenium/selenium-java/3.141.59/selenium-java-3.141.59.jar:/Users/anaraimasheva/.m2/repository/org/seleniumhq/selenium/selenium-api/3.141.59/selenium-api-3.141.59.jar:/Users/anaraimasheva/.m2/repository/org/seleniumhq/selenium/selenium-chrome-driver/3.141.59/selenium-chrome-driver-3.141.59.jar:/Users/anaraimasheva/.m2/repository/org/seleniumhq/selenium/selenium-edge-driver/3.141.59/selenium-edge-driver-3.141.59.jar:/Users/anaraimasheva/.m2/repository/org/seleniumhq/selenium/selenium-firefox-driver/3.141.59/selenium-firefox-driver-3.141.59.jar:/Users/anaraimasheva/.m2/repository/org/seleniumhq/selenium/selenium-ie-driver/3.141.59/selenium-ie-driver-3.141.59.jar:/Users/anaraimasheva/.m2/repository/org/seleniumhq/selenium/selenium-opera-driver/3.141.59/selenium-opera-driver-3.141.59.jar:/Users/anaraimasheva/.m2/repository/org/seleniumhq/selenium/selenium-remote-driver/3.141.59/selenium-remote-driver-3.141.59.jar:/Users/anaraimasheva/.m2/repository/org/seleniumhq/selenium/selenium-safari-driver/3.141.59/selenium-safari-driver-3.141.59.jar:/Users/anaraimasheva/.m2/repository/org/seleniumhq/selenium/selenium-support/3.141.59/selenium-support-3.141.59.jar:/Users/anaraimasheva/.m2/repository/net/bytebuddy/byte-buddy/1.8.15/byte-buddy-1.8.15.jar:/Users/anaraimasheva/.m2/repository/org/apache/commons/commons-exec/1.3/commons-exec-1.3.jar:/Users/anaraimasheva/.m2/repository/com/google/guava/guava/25.0-jre/guava-25.0-jre.jar:/Users/anaraimasheva/.m2/repository/com/google/code/findbugs/jsr305/1.3.9/jsr305-1.3.9.jar:/Users/anaraimasheva/.m2/repository/org/checkerframework/checker-compat-qual/2.0.0/checker-compat-qual-2.0.0.jar:/Users/anaraimasheva/.m2/repository/com/google/errorprone/error_prone_annotations/2.1.3/error_prone_annotations-2.1.3.jar:/Users/anaraimasheva/.m2/repository/com/google/j2objc/j2objc-annotations/1.1/j2objc-annotations-1.1.jar:/Users/anaraimasheva/.m2/repository/org/codehaus/mojo/animal-sniffer-annotations/1.14/animal-sniffer-annotations-1.14.jar:/Users/anaraimasheva/.m2/repository/com/squareup/okhttp3/okhttp/3.11.0/okhttp-3.11.0.jar:/Users/anaraimasheva/.m2/repository/com/squareup/okio/okio/1.14.0/okio-1.14.0.jar:/Users/anaraimasheva/.m2/repository/io/rest-assured/rest-assured/3.3.0/rest-assured-3.3.0.jar:/Users/anaraimasheva/.m2/repository/org/codehaus/groovy/groovy/2.4.15/groovy-2.4.15.jar:/Users/anaraimasheva/.m2/repository/org/codehaus/groovy/groovy-xml/2.4.15/groovy-xml-2.4.15.jar:/Users/anaraimasheva/.m2/repository/org/apache/httpcomponents/httpclient/4.5.3/httpclient-4.5.3.jar:/Users/anaraimasheva/.m2/repository/org/apache/httpcomponents/httpcore/4.4.6/httpcore-4.4.6.jar:/Users/anaraimasheva/.m2/repository/commons-logging/commons-logging/1.2/commons-logging-1.2.jar:/Users/anaraimasheva/.m2/repository/commons-codec/commons-codec/1.9/commons-codec-1.9.jar:/Users/anaraimasheva/.m2/repository/org/apache/httpcomponents/httpmime/4.5.3/httpmime-4.5.3.jar:/Users/anaraimasheva/.m2/repository/org/hamcrest/hamcrest-core/1.3/hamcrest-core-1.3.jar:/Users/anaraimasheva/.m2/repository/org/hamcrest/hamcrest-library/1.3/hamcrest-library-1.3.jar:/Users/anaraimasheva/.m2/repository/org/ccil/cowan/tagsoup/tagsoup/1.2.1/tagsoup-1.2.1.jar:/Users/anaraimasheva/.m2/repository/io/rest-assured/json-path/3.3.0/json-path-3.3.0.jar:/Users/anaraimasheva/.m2/repository/org/codehaus/groovy/groovy-json/2.4.15/groovy-json-2.4.15.jar:/Users/anaraimasheva/.m2/repository/io/rest-assured/rest-assured-common/3.3.0/rest-assured-common-3.3.0.jar:/Users/anaraimasheva/.m2/repository/io/rest-assured/xml-path/3.3.0/xml-path-3.3.0.jar:/Users/anaraimasheva/.m2/repository/javax/xml/bind/jaxb-api/2.2.12/jaxb-api-2.2.12.jar:/Users/anaraimasheva/.m2/repository/com/sun/xml/bind/jaxb-osgi/2.2.10/jaxb-osgi-2.2.10.jar:/Users/anaraimasheva/.m2/repository/org/apache/sling/org.apache.sling.javax.activation/0.1.0/org.apache.sling.javax.activation-0.1.0.jar:/Users/anaraimasheva/.m2/repository/javax/activation/activation/1.1.1/activation-1.1.1.jar:/Users/anaraimasheva/.m2/repository/org/testng/testng/7.0.0/testng-7.0.0.jar:/Users/anaraimasheva/.m2/repository/com/beust/jcommander/1.72/jcommander-1.72.jar:/Users/anaraimasheva/.m2/repository/com/aventstack/extentreports/3.1.5/extentreports-3.1.5.jar:/Users/anaraimasheva/.m2/repository/org/freemarker/freemarker/2.3.23/freemarker-2.3.23.jar:/Users/anaraimasheva/.m2/repository/org/mongodb/mongodb-driver/3.3.0/mongodb-driver-3.3.0.jar:/Users/anaraimasheva/.m2/repository/org/mongodb/bson/3.3.0/bson-3.3.0.jar:/Users/anaraimasheva/.m2/repository/org/mongodb/mongodb-driver-core/3.3.0/mongodb-driver-core-3.3.0.jar:/Users/anaraimasheva/.m2/repository/org/jsoup/jsoup/1.9.2/jsoup-1.9.2.jar:/Users/anaraimasheva/.m2/repository/com/google/code/gson/gson/2.8.0/gson-2.8.0.jar:/Users/anaraimasheva/.m2/repository/com/automation-remarks/video-recorder-testng/1.0/video-recorder-testng-1.0.jar:/Users/anaraimasheva/.m2/repository/com/automation-remarks/video-recorder-core/1.0/video-recorder-core-1.0.jar:/Users/anaraimasheva/.m2/repository/ru/yandex/qatools/allure/allure-java-annotations/1.4.23/allure-java-annotations-1.4.23.jar:/Users/anaraimasheva/.m2/repository/ru/yandex/qatools/allure/allure-model/1.4.23/allure-model-1.4.23.jar:/Users/anaraimasheva/.m2/repository/org/jvnet/jaxb2_commons/jaxb2-basics-runtime/0.9.3/jaxb2-basics-runtime-0.9.3.jar:/Users/anaraimasheva/.m2/repository/ru/yandex/qatools/properties/properties-loader/1.5/properties-loader-1.5.jar:/Users/anaraimasheva/.m2/repository/commons-beanutils/commons-beanutils-core/1.8.3/commons-beanutils-core-1.8.3.jar:/Users/anaraimasheva/.m2/repository/org/slf4j/slf4j-api/1.7.12/slf4j-api-1.7.12.jar:"/>
    <property name="sun.cpu.endian" value="little"/>
    <property name="user.home" value="/Users/anaraimasheva"/>
    <property name="user.language" value="en"/>
    <property name="java.specification.vendor" value="Oracle Corporation"/>
    <property name="java.version.date" value="2020-04-14"/>
    <property name="java.home" value="/Applications/IntelliJ IDEA CE.app/Contents/jbr/Contents/Home"/>
    <property name="file.separator" value="/"/>
    <property name="basedir" value="/Users/anaraimasheva/GitHub/roman/romancepractice"/>
    <property name="java.vm.compressedOopsMode" value="Zero based"/>
    <property name="line.separator" value="&#10;"/>
    <property name="java.specification.name" value="Java Platform API Specification"/>
    <property name="java.vm.specification.vendor" value="Oracle Corporation"/>
    <property name="java.awt.graphicsenv" value="sun.awt.CGraphicsEnvironment"/>
    <property name="idea.version2020.1.2" value="true"/>
    <property name="surefire.real.class.path" value="/Users/anaraimasheva/GitHub/roman/romancepractice/target/surefire/surefirebooter15408159613791567225.jar"/>
    <property name="sun.management.compiler" value="HotSpot 64-Bit Tiered Compilers"/>
    <property name="ftp.nonProxyHosts" value="local|*.local|169.254/16|*.169.254/16"/>
    <property name="java.runtime.version" value="11.0.7+10-b765.53"/>
    <property name="user.name" value="anaraimasheva"/>
    <property name="path.separator" value=":"/>
    <property name="os.version" value="10.14.6"/>
    <property name="java.runtime.name" value="OpenJDK Runtime Environment"/>
    <property name="file.encoding" value="UTF-8"/>
    <property name="java.vm.name" value="OpenJDK 64-Bit Server VM"/>
    <property name="java.vendor.version" value="JBR-11.0.7.10-765.53-jfx"/>
    <property name="localRepository" value="/Users/anaraimasheva/.m2/repository"/>
    <property name="java.vendor.url.bug" value="https://youtrack.jetbrains.com"/>
    <property name="java.io.tmpdir" value="/var/folders/6y/hllg1rhd29j8k1dgnzkw8tl00000gn/T/"/>
    <property name="java.version" value="11.0.7"/>
    <property name="user.dir" value="/Users/anaraimasheva/GitHub/roman/romancepractice"/>
    <property name="os.arch" value="x86_64"/>
    <property name="java.vm.specification.name" value="Java Virtual Machine Specification"/>
    <property name="java.awt.printerjob" value="sun.lwawt.macosx.CPrinterJob"/>
    <property name="sun.os.patch.level" value="unknown"/>
    <property name="java.library.path" value="/Users/anaraimasheva/Library/Java/Extensions:/Library/Java/Extensions:/Network/Library/Java/Extensions:/System/Library/Java/Extensions:/usr/lib/java:."/>
    <property name="java.vendor" value="JetBrains s.r.o."/>
    <property name="java.vm.info" value="mixed mode"/>
    <property name="java.vm.version" value="11.0.7+10-b765.53"/>
    <property name="sun.io.unicode.encoding" value="UnicodeBig"/>
    <property name="java.class.version" value="55.0"/>
    <property name="socksNonProxyHosts" value="local|*.local|169.254/16|*.169.254/16"/>
  </properties>
  <testcase name="setup" classname="com.romanceabroad.ui.RegistrationTests" time="0.436">
    <failure message="You appear to be running MAC. The IE driver only runs on Windows.&#10;Build info: version: &apos;3.141.59&apos;, revision: &apos;e82be7d358&apos;, time: &apos;2018-11-14T08:17:03&apos;&#10;System info: host: &apos;Anaras-MacBook-Pro.local&apos;, ip: &apos;2601:647:4a00:ccf0:0:0:0:f5fd%en0&apos;, os.name: &apos;Mac OS X&apos;, os.arch: &apos;x86_64&apos;, os.version: &apos;10.14.6&apos;, java.version: &apos;11.0.7&apos;&#10;Driver info: driver.version: InternetExplorerDriver" type="org.openqa.selenium.WebDriverException">org.openqa.selenium.WebDriverException: 
You appear to be running MAC. The IE driver only runs on Windows.
Build info: version: '3.141.59', revision: 'e82be7d358', time: '2018-11-14T08:17:03'
System info: host: 'Anaras-MacBook-Pro.local', ip: '2601:647:4a00:ccf0:0:0:0:f5fd%en0', os.name: 'Mac OS X', os.arch: 'x86_64', os.version: '10.14.6', java.version: '11.0.7'
Driver info: driver.version: InternetExplorerDriver
</failure>
  </testcase>
  <testcase name="setup" classname="com.romanceabroad.ui.RegistrationTests" time="0.011">
    <failure message="You appear to be running MAC. The IE driver only runs on Windows.&#10;Build info: version: &apos;3.141.59&apos;, revision: &apos;e82be7d358&apos;, time: &apos;2018-11-14T08:17:03&apos;&#10;System info: host: &apos;Anaras-MacBook-Pro.local&apos;, ip: &apos;2601:647:4a00:ccf0:0:0:0:f5fd%en0&apos;, os.name: &apos;Mac OS X&apos;, os.arch: &apos;x86_64&apos;, os.version: &apos;10.14.6&apos;, java.version: &apos;11.0.7&apos;&#10;Driver info: driver.version: InternetExplorerDriver" type="org.openqa.selenium.WebDriverException">org.openqa.selenium.WebDriverException: 
You appear to be running MAC. The IE driver only runs on Windows.
Build info: version: '3.141.59', revision: 'e82be7d358', time: '2018-11-14T08:17:03'
System info: host: 'Anaras-MacBook-Pro.local', ip: '2601:647:4a00:ccf0:0:0:0:f5fd%en0', os.name: 'Mac OS X', os.arch: 'x86_64', os.version: '10.14.6', java.version: '11.0.7'
Driver info: driver.version: InternetExplorerDriver
</failure>
  </testcase>
  <testcase name="setup" classname="com.romanceabroad.ui.RegistrationTests" time="0.563">
    <failure message="You appear to be running MAC. The IE driver only runs on Windows.&#10;Build info: version: &apos;3.141.59&apos;, revision: &apos;e82be7d358&apos;, time: &apos;2018-11-14T08:17:03&apos;&#10;System info: host: &apos;Anaras-MacBook-Pro.local&apos;, ip: &apos;2601:647:4a00:ccf0:0:0:0:f5fd%en0&apos;, os.name: &apos;Mac OS X&apos;, os.arch: &apos;x86_64&apos;, os.version: &apos;10.14.6&apos;, java.version: &apos;11.0.7&apos;&#10;Driver info: driver.version: InternetExplorerDriver" type="org.openqa.selenium.WebDriverException">org.openqa.selenium.WebDriverException: 
You appear to be running MAC. The IE driver only runs on Windows.
Build info: version: '3.141.59', revision: 'e82be7d358', time: '2018-11-14T08:17:03'
System info: host: 'Anaras-MacBook-Pro.local', ip: '2601:647:4a00:ccf0:0:0:0:f5fd%en0', os.name: 'Mac OS X', os.arch: 'x86_64', os.version: '10.14.6', java.version: '11.0.7'
Driver info: driver.version: InternetExplorerDriver
</failure>
  </testcase>
  <testcase name="setup" classname="com.romanceabroad.ui.RegistrationTests" time="0.246">
    <failure message="You appear to be running MAC. The IE driver only runs on Windows.&#10;Build info: version: &apos;3.141.59&apos;, revision: &apos;e82be7d358&apos;, time: &apos;2018-11-14T08:17:03&apos;&#10;System info: host: &apos;Anaras-MacBook-Pro.local&apos;, ip: &apos;2601:647:4a00:ccf0:0:0:0:f5fd%en0&apos;, os.name: &apos;Mac OS X&apos;, os.arch: &apos;x86_64&apos;, os.version: &apos;10.14.6&apos;, java.version: &apos;11.0.7&apos;&#10;Driver info: driver.version: InternetExplorerDriver" type="org.openqa.selenium.WebDriverException">org.openqa.selenium.WebDriverException: 
You appear to be running MAC. The IE driver only runs on Windows.
Build info: version: '3.141.59', revision: 'e82be7d358', time: '2018-11-14T08:17:03'
System info: host: 'Anaras-MacBook-Pro.local', ip: '2601:647:4a00:ccf0:0:0:0:f5fd%en0', os.name: 'Mac OS X', os.arch: 'x86_64', os.version: '10.14.6', java.version: '11.0.7'
Driver info: driver.version: InternetExplorerDriver
</failure>
  </testcase>
  <testcase name="setup" classname="com.romanceabroad.ui.RegistrationTests" time="0.207">
    <failure message="You appear to be running MAC. The IE driver only runs on Windows.&#10;Build info: version: &apos;3.141.59&apos;, revision: &apos;e82be7d358&apos;, time: &apos;2018-11-14T08:17:03&apos;&#10;System info: host: &apos;Anaras-MacBook-Pro.local&apos;, ip: &apos;2601:647:4a00:ccf0:0:0:0:f5fd%en0&apos;, os.name: &apos;Mac OS X&apos;, os.arch: &apos;x86_64&apos;, os.version: &apos;10.14.6&apos;, java.version: &apos;11.0.7&apos;&#10;Driver info: driver.version: InternetExplorerDriver" type="org.openqa.selenium.WebDriverException">org.openqa.selenium.WebDriverException: 
You appear to be running MAC. The IE driver only runs on Windows.
Build info: version: '3.141.59', revision: 'e82be7d358', time: '2018-11-14T08:17:03'
System info: host: 'Anaras-MacBook-Pro.local', ip: '2601:647:4a00:ccf0:0:0:0:f5fd%en0', os.name: 'Mac OS X', os.arch: 'x86_64', os.version: '10.14.6', java.version: '11.0.7'
Driver info: driver.version: InternetExplorerDriver
</failure>
  </testcase>
  <testcase name="setup" classname="com.romanceabroad.ui.RegistrationTests" time="0.002">
    <failure message="You appear to be running MAC. The IE driver only runs on Windows.&#10;Build info: version: &apos;3.141.59&apos;, revision: &apos;e82be7d358&apos;, time: &apos;2018-11-14T08:17:03&apos;&#10;System info: host: &apos;Anaras-MacBook-Pro.local&apos;, ip: &apos;2601:647:4a00:ccf0:0:0:0:f5fd%en0&apos;, os.name: &apos;Mac OS X&apos;, os.arch: &apos;x86_64&apos;, os.version: &apos;10.14.6&apos;, java.version: &apos;11.0.7&apos;&#10;Driver info: driver.version: InternetExplorerDriver" type="org.openqa.selenium.WebDriverException">org.openqa.selenium.WebDriverException: 
You appear to be running MAC. The IE driver only runs on Windows.
Build info: version: '3.141.59', revision: 'e82be7d358', time: '2018-11-14T08:17:03'
System info: host: 'Anaras-MacBook-Pro.local', ip: '2601:647:4a00:ccf0:0:0:0:f5fd%en0', os.name: 'Mac OS X', os.arch: 'x86_64', os.version: '10.14.6', java.version: '11.0.7'
Driver info: driver.version: InternetExplorerDriver
</failure>
  </testcase>
  <testcase name="setup" classname="com.romanceabroad.ui.RegistrationTests" time="0.003">
    <failure message="You appear to be running MAC. The IE driver only runs on Windows.&#10;Build info: version: &apos;3.141.59&apos;, revision: &apos;e82be7d358&apos;, time: &apos;2018-11-14T08:17:03&apos;&#10;System info: host: &apos;Anaras-MacBook-Pro.local&apos;, ip: &apos;2601:647:4a00:ccf0:0:0:0:f5fd%en0&apos;, os.name: &apos;Mac OS X&apos;, os.arch: &apos;x86_64&apos;, os.version: &apos;10.14.6&apos;, java.version: &apos;11.0.7&apos;&#10;Driver info: driver.version: InternetExplorerDriver" type="org.openqa.selenium.WebDriverException">org.openqa.selenium.WebDriverException: 
You appear to be running MAC. The IE driver only runs on Windows.
Build info: version: '3.141.59', revision: 'e82be7d358', time: '2018-11-14T08:17:03'
System info: host: 'Anaras-MacBook-Pro.local', ip: '2601:647:4a00:ccf0:0:0:0:f5fd%en0', os.name: 'Mac OS X', os.arch: 'x86_64', os.version: '10.14.6', java.version: '11.0.7'
Driver info: driver.version: InternetExplorerDriver
</failure>
  </testcase>
  <testcase name="setup" classname="com.romanceabroad.ui.RegistrationTests" time="0.005">
    <failure message="You appear to be running MAC. The IE driver only runs on Windows.&#10;Build info: version: &apos;3.141.59&apos;, revision: &apos;e82be7d358&apos;, time: &apos;2018-11-14T08:17:03&apos;&#10;System info: host: &apos;Anaras-MacBook-Pro.local&apos;, ip: &apos;2601:647:4a00:ccf0:0:0:0:f5fd%en0&apos;, os.name: &apos;Mac OS X&apos;, os.arch: &apos;x86_64&apos;, os.version: &apos;10.14.6&apos;, java.version: &apos;11.0.7&apos;&#10;Driver info: driver.version: InternetExplorerDriver" type="org.openqa.selenium.WebDriverException">org.openqa.selenium.WebDriverException: 
You appear to be running MAC. The IE driver only runs on Windows.
Build info: version: '3.141.59', revision: 'e82be7d358', time: '2018-11-14T08:17:03'
System info: host: 'Anaras-MacBook-Pro.local', ip: '2601:647:4a00:ccf0:0:0:0:f5fd%en0', os.name: 'Mac OS X', os.arch: 'x86_64', os.version: '10.14.6', java.version: '11.0.7'
Driver info: driver.version: InternetExplorerDriver
</failure>
  </testcase>
  <testcase name="setup" classname="com.romanceabroad.ui.RegistrationTests" time="0.002">
    <failure message="You appear to be running MAC. The IE driver only runs on Windows.&#10;Build info: version: &apos;3.141.59&apos;, revision: &apos;e82be7d358&apos;, time: &apos;2018-11-14T08:17:03&apos;&#10;System info: host: &apos;Anaras-MacBook-Pro.local&apos;, ip: &apos;2601:647:4a00:ccf0:0:0:0:f5fd%en0&apos;, os.name: &apos;Mac OS X&apos;, os.arch: &apos;x86_64&apos;, os.version: &apos;10.14.6&apos;, java.version: &apos;11.0.7&apos;&#10;Driver info: driver.version: InternetExplorerDriver" type="org.openqa.selenium.WebDriverException">org.openqa.selenium.WebDriverException: 
You appear to be running MAC. The IE driver only runs on Windows.
Build info: version: '3.141.59', revision: 'e82be7d358', time: '2018-11-14T08:17:03'
System info: host: 'Anaras-MacBook-Pro.local', ip: '2601:647:4a00:ccf0:0:0:0:f5fd%en0', os.name: 'Mac OS X', os.arch: 'x86_64', os.version: '10.14.6', java.version: '11.0.7'
Driver info: driver.version: InternetExplorerDriver
</failure>
  </testcase>
  <testcase name="testBoolean" classname="com.romanceabroad.ui.RegistrationTests" time="0">
    <skipped message="You appear to be running MAC. The IE driver only runs on Windows.&#10;Build info: version: &apos;3.141.59&apos;, revision: &apos;e82be7d358&apos;, time: &apos;2018-11-14T08:17:03&apos;&#10;System info: host: &apos;Anaras-MacBook-Pro.local&apos;, ip: &apos;2601:647:4a00:ccf0:0:0:0:f5fd%en0&apos;, os.name: &apos;Mac OS X&apos;, os.arch: &apos;x86_64&apos;, os.version: &apos;10.14.6&apos;, java.version: &apos;11.0.7&apos;&#10;Driver info: driver.version: InternetExplorerDriver"/>
  </testcase>
  <testcase name="testBoolean" classname="com.romanceabroad.ui.RegistrationTests" time="0.002"/>
  <testcase name="testBoolean" classname="com.romanceabroad.ui.RegistrationTests" time="0"/>
  <testcase name="closeBrowser" classname="com.romanceabroad.ui.RegistrationTests" time="0">
    <skipped/>
  </testcase>
  <testcase name="closeBrowser" classname="com.romanceabroad.ui.RegistrationTests" time="0">
    <skipped/>
  </testcase>
  <testcase name="closeBrowser" classname="com.romanceabroad.ui.RegistrationTests" time="0">
    <skipped/>
  </testcase>
  <testcase name="closeBrowser" classname="com.romanceabroad.ui.RegistrationTests" time="0">
    <skipped/>
  </testcase>
  <testcase name="closeBrowser" classname="com.romanceabroad.ui.RegistrationTests" time="0">
    <skipped/>
  </testcase>
  <testcase name="closeBrowser" classname="com.romanceabroad.ui.RegistrationTests" time="0">
    <skipped/>
  </testcase>
  <testcase name="closeBrowser" classname="com.romanceabroad.ui.RegistrationTests" time="0">
    <skipped/>
  </testcase>
  <testcase name="closeBrowser" classname="com.romanceabroad.ui.RegistrationTests" time="0">
    <skipped/>
  </testcase>
  <testcase name="closeBrowser" classname="com.romanceabroad.ui.RegistrationTests" time="0">
    <skipped/>
  </testcase>
  <testcase name="testRegistration2" classname="com.romanceabroad.ui.RegistrationTests" time="0">
    <skipped message="You appear to be running MAC. The IE driver only runs on Windows.&#10;Build info: version: &apos;3.141.59&apos;, revision: &apos;e82be7d358&apos;, time: &apos;2018-11-14T08:17:03&apos;&#10;System info: host: &apos;Anaras-MacBook-Pro.local&apos;, ip: &apos;2601:647:4a00:ccf0:0:0:0:f5fd%en0&apos;, os.name: &apos;Mac OS X&apos;, os.arch: &apos;x86_64&apos;, os.version: &apos;10.14.6&apos;, java.version: &apos;11.0.7&apos;&#10;Driver info: driver.version: InternetExplorerDriver"/>
    <system-err><![CDATA[Video recording
[/Users/anaraimasheva/GitHub/roman/romancepractice/video/Registration tests_recording_2020_06_06_20_44_07.avi]
]]></system-err>
  </testcase>
  <testcase name="testRegistration2" classname="com.romanceabroad.ui.RegistrationTests" time="0">
    <skipped message="You appear to be running MAC. The IE driver only runs on Windows.&#10;Build info: version: &apos;3.141.59&apos;, revision: &apos;e82be7d358&apos;, time: &apos;2018-11-14T08:17:03&apos;&#10;System info: host: &apos;Anaras-MacBook-Pro.local&apos;, ip: &apos;2601:647:4a00:ccf0:0:0:0:f5fd%en0&apos;, os.name: &apos;Mac OS X&apos;, os.arch: &apos;x86_64&apos;, os.version: &apos;10.14.6&apos;, java.version: &apos;11.0.7&apos;&#10;Driver info: driver.version: InternetExplorerDriver"/>
    <system-err><![CDATA[Video recording
[/Users/anaraimasheva/GitHub/roman/romancepractice/video/Registration tests_recording_2020_06_06_20_44_08.avi]
]]></system-err>
  </testcase>
  <testcase name="testRegistration2" classname="com.romanceabroad.ui.RegistrationTests" time="0">
    <skipped message="You appear to be running MAC. The IE driver only runs on Windows.&#10;Build info: version: &apos;3.141.59&apos;, revision: &apos;e82be7d358&apos;, time: &apos;2018-11-14T08:17:03&apos;&#10;System info: host: &apos;Anaras-MacBook-Pro.local&apos;, ip: &apos;2601:647:4a00:ccf0:0:0:0:f5fd%en0&apos;, os.name: &apos;Mac OS X&apos;, os.arch: &apos;x86_64&apos;, os.version: &apos;10.14.6&apos;, java.version: &apos;11.0.7&apos;&#10;Driver info: driver.version: InternetExplorerDriver"/>
    <system-err><![CDATA[Video recording
[/Users/anaraimasheva/GitHub/roman/romancepractice/video/Registration tests_recording_2020_06_06_20_44_08.avi]
]]></system-err>
  </testcase>
  <testcase name="testRegistration2" classname="com.romanceabroad.ui.RegistrationTests" time="5.562"/>
  <testcase name="testRegistration2" classname="com.romanceabroad.ui.RegistrationTests" time="0.96"/>
  <testcase name="testRegistration2" classname="com.romanceabroad.ui.RegistrationTests" time="5.105"/>
  <testcase name="testRegistration2" classname="com.romanceabroad.ui.RegistrationTests" time="3.851"/>
  <testcase name="testRegistration2" classname="com.romanceabroad.ui.RegistrationTests" time="0.483"/>
  <testcase name="testRegistration2" classname="com.romanceabroad.ui.RegistrationTests" time="3.992"/>
  <testcase name="testRegistrationForInvalidEmailTestCase31" classname="com.romanceabroad.ui.RegistrationTests" time="0">
    <skipped message="You appear to be running MAC. The IE driver only runs on Windows.&#10;Build info: version: &apos;3.141.59&apos;, revision: &apos;e82be7d358&apos;, time: &apos;2018-11-14T08:17:03&apos;&#10;System info: host: &apos;Anaras-MacBook-Pro.local&apos;, ip: &apos;2601:647:4a00:ccf0:0:0:0:f5fd%en0&apos;, os.name: &apos;Mac OS X&apos;, os.arch: &apos;x86_64&apos;, os.version: &apos;10.14.6&apos;, java.version: &apos;11.0.7&apos;&#10;Driver info: driver.version: InternetExplorerDriver"/>
    <system-err><![CDATA[Video recording
[/Users/anaraimasheva/GitHub/roman/romancepractice/video/Registration tests_recording_2020_06_06_20_44_08.avi]
]]></system-err>
  </testcase>
  <testcase name="testRegistrationForInvalidEmailTestCase31" classname="com.romanceabroad.ui.RegistrationTests" time="0.669"/>
  <testcase name="testRegistrationForInvalidEmailTestCase31" classname="com.romanceabroad.ui.RegistrationTests" time="0.358"/>
  <testcase name="testRegistrationForExistingUserTestCase32" classname="com.romanceabroad.ui.RegistrationTests" time="0">
    <skipped message="You appear to be running MAC. The IE driver only runs on Windows.&#10;Build info: version: &apos;3.141.59&apos;, revision: &apos;e82be7d358&apos;, time: &apos;2018-11-14T08:17:03&apos;&#10;System info: host: &apos;Anaras-MacBook-Pro.local&apos;, ip: &apos;2601:647:4a00:ccf0:0:0:0:f5fd%en0&apos;, os.name: &apos;Mac OS X&apos;, os.arch: &apos;x86_64&apos;, os.version: &apos;10.14.6&apos;, java.version: &apos;11.0.7&apos;&#10;Driver info: driver.version: InternetExplorerDriver"/>
    <system-err><![CDATA[Video recording
[/Users/anaraimasheva/GitHub/roman/romancepractice/video/Registration tests_recording_2020_06_06_20_44_08.avi]
]]></system-err>
  </testcase>
  <testcase name="testRegistrationForExistingUserTestCase32" classname="com.romanceabroad.ui.RegistrationTests" time="1.579"/>
  <testcase name="testRegistrationForExistingUserTestCase32" classname="com.romanceabroad.ui.RegistrationTests" time="1.439"/>
  <testcase name="testRegistrationForInvalidPasswordTestCase33" classname="com.romanceabroad.ui.RegistrationTests" time="0">
    <skipped message="You appear to be running MAC. The IE driver only runs on Windows.&#10;Build info: version: &apos;3.141.59&apos;, revision: &apos;e82be7d358&apos;, time: &apos;2018-11-14T08:17:03&apos;&#10;System info: host: &apos;Anaras-MacBook-Pro.local&apos;, ip: &apos;2601:647:4a00:ccf0:0:0:0:f5fd%en0&apos;, os.name: &apos;Mac OS X&apos;, os.arch: &apos;x86_64&apos;, os.version: &apos;10.14.6&apos;, java.version: &apos;11.0.7&apos;&#10;Driver info: driver.version: InternetExplorerDriver"/>
    <system-err><![CDATA[Video recording
[/Users/anaraimasheva/GitHub/roman/romancepractice/video/Registration tests_recording_2020_06_06_20_44_08.avi]
]]></system-err>
  </testcase>
  <testcase name="testRegistrationForInvalidPasswordTestCase33" classname="com.romanceabroad.ui.RegistrationTests" time="20.609">
    <failure message="Expected condition failed: waiting for element to be clickable: By.xpath: //button[@data-action=&apos;next-page&apos;][text()=&apos;Next&apos;] (tried for 20 second(s) with 500 milliseconds interval)&#10;Build info: version: &apos;3.141.59&apos;, revision: &apos;e82be7d358&apos;, time: &apos;2018-11-14T08:17:03&apos;&#10;System info: host: &apos;Anaras-MacBook-Pro.local&apos;, ip: &apos;2601:647:4a00:ccf0:0:0:0:f5fd%en0&apos;, os.name: &apos;Mac OS X&apos;, os.arch: &apos;x86_64&apos;, os.version: &apos;10.14.6&apos;, java.version: &apos;11.0.7&apos;&#10;Driver info: org.openqa.selenium.firefox.FirefoxDriver&#10;Capabilities {acceptInsecureCerts: true, browserName: firefox, browserVersion: 76.0.1, javascriptEnabled: true, moz:accessibilityChecks: false, moz:buildID: 20200507114007, moz:geckodriverVersion: 0.26.0, moz:headless: false, moz:processID: 1235, moz:profile: /var/folders/6y/hllg1rhd29j..., moz:shutdownTimeout: 60000, moz:useNonSpecCompliantPointerOrigin: false, moz:webdriverClick: true, pageLoadStrategy: normal, platform: MAC, platformName: MAC, platformVersion: 18.7.0, rotatable: false, setWindowRect: true, strictFileInteractability: false, timeouts: {implicit: 0, pageLoad: 300000, script: 30000}, unhandledPromptBehavior: dismiss and notify}&#10;Session ID: a872d312-4e0c-0747-8897-0b7ef9f469d5" type="org.openqa.selenium.TimeoutException">org.openqa.selenium.TimeoutException: 
Expected condition failed: waiting for element to be clickable: By.xpath: //button[@data-action='next-page'][text()='Next'] (tried for 20 second(s) with 500 milliseconds interval)
Build info: version: '3.141.59', revision: 'e82be7d358', time: '2018-11-14T08:17:03'
System info: host: 'Anaras-MacBook-Pro.local', ip: '2601:647:4a00:ccf0:0:0:0:f5fd%en0', os.name: 'Mac OS X', os.arch: 'x86_64', os.version: '10.14.6', java.version: '11.0.7'
Driver info: org.openqa.selenium.firefox.FirefoxDriver
Capabilities {acceptInsecureCerts: true, browserName: firefox, browserVersion: 76.0.1, javascriptEnabled: true, moz:accessibilityChecks: false, moz:buildID: 20200507114007, moz:geckodriverVersion: 0.26.0, moz:headless: false, moz:processID: 1235, moz:profile: /var/folders/6y/hllg1rhd29j..., moz:shutdownTimeout: 60000, moz:useNonSpecCompliantPointerOrigin: false, moz:webdriverClick: true, pageLoadStrategy: normal, platform: MAC, platformName: MAC, platformVersion: 18.7.0, rotatable: false, setWindowRect: true, strictFileInteractability: false, timeouts: {implicit: 0, pageLoad: 300000, script: 30000}, unhandledPromptBehavior: dismiss and notify}
Session ID: a872d312-4e0c-0747-8897-0b7ef9f469d5
	at com.romanceabroad.ui.RegistrationTests.testRegistrationForInvalidPasswordTestCase33(RegistrationTests.java:103)
</failure>
    <system-out><![CDATA[Wait Join button
Click Join button
Wait email text field
Type email in text field11@yandex.com
Wait password text field
Type password in text field12
Wait Next button
]]></system-out>
    <system-err><![CDATA[1591501537120	Marionette	INFO	Stopped listening on port 51187
1591501539749	mozrunner::runner	INFO	Running command: "/Applications/Firefox.app/Contents/MacOS/firefox-bin" "-marionette" "-foreground" "-no-remote" "-profile" "/var/folders/6y/hllg1rhd29j8k1dgnzkw8tl00000gn/T/rust_mozprofileDzJPVq"
1591501540094	addons.webextension.doh-rollout@mozilla.org	WARN	Loading extension 'doh-rollout@mozilla.org': Reading manifest: Invalid extension permission: networkStatus
1591501540283	addons.webextension.screenshots@mozilla.org	WARN	Loading extension 'screenshots@mozilla.org': Reading manifest: Invalid extension permission: mozillaAddons
1591501540283	addons.webextension.screenshots@mozilla.org	WARN	Loading extension 'screenshots@mozilla.org': Reading manifest: Invalid extension permission: telemetry
1591501540283	addons.webextension.screenshots@mozilla.org	WARN	Loading extension 'screenshots@mozilla.org': Reading manifest: Invalid extension permission: resource://pdf.js/
1591501540283	addons.webextension.screenshots@mozilla.org	WARN	Loading extension 'screenshots@mozilla.org': Reading manifest: Invalid extension permission: about:reader*
1591501541600	Marionette	INFO	Listening on port 51374
1591501541699	Marionette	WARN	TLS certificate errors will be ignored for this session
Jun 06, 2020 8:45:41 PM org.openqa.selenium.remote.ProtocolHandshake createSession
INFO: Detected dialect: W3C
Video recording
[/Users/anaraimasheva/GitHub/roman/romancepractice/video/Registration tests_recording_2020_06_06_20_45_02.avi]
]]></system-err>
  </testcase>
  <testcase name="testRegistrationForInvalidPasswordTestCase33" classname="com.romanceabroad.ui.RegistrationTests" time="22.036">
    <failure message="Expected condition failed: waiting for element to be clickable: By.xpath: //button[@data-action=&apos;next-page&apos;][text()=&apos;Next&apos;] (tried for 20 second(s) with 500 milliseconds interval)&#10;Build info: version: &apos;3.141.59&apos;, revision: &apos;e82be7d358&apos;, time: &apos;2018-11-14T08:17:03&apos;&#10;System info: host: &apos;Anaras-MacBook-Pro.local&apos;, ip: &apos;2601:647:4a00:ccf0:0:0:0:f5fd%en0&apos;, os.name: &apos;Mac OS X&apos;, os.arch: &apos;x86_64&apos;, os.version: &apos;10.14.6&apos;, java.version: &apos;11.0.7&apos;&#10;Driver info: org.openqa.selenium.chrome.ChromeDriver&#10;Capabilities {acceptInsecureCerts: false, browserName: chrome, browserVersion: 83.0.4103.61, chrome: {chromedriverVersion: 83.0.4103.39 (ccbf011cb2d2b..., userDataDir: /var/folders/6y/hllg1rhd29j...}, goog:chromeOptions: {debuggerAddress: localhost:52148}, javascriptEnabled: true, networkConnectionEnabled: false, pageLoadStrategy: normal, platform: MAC, platformName: MAC, proxy: Proxy(), setWindowRect: true, strictFileInteractability: false, timeouts: {implicit: 0, pageLoad: 300000, script: 30000}, unhandledPromptBehavior: dismiss and notify, webauthn:virtualAuthenticators: true}&#10;Session ID: de2ad3af4b87a312f19e5afc8d6162db" type="org.openqa.selenium.TimeoutException">org.openqa.selenium.TimeoutException: 
Expected condition failed: waiting for element to be clickable: By.xpath: //button[@data-action='next-page'][text()='Next'] (tried for 20 second(s) with 500 milliseconds interval)
Build info: version: '3.141.59', revision: 'e82be7d358', time: '2018-11-14T08:17:03'
System info: host: 'Anaras-MacBook-Pro.local', ip: '2601:647:4a00:ccf0:0:0:0:f5fd%en0', os.name: 'Mac OS X', os.arch: 'x86_64', os.version: '10.14.6', java.version: '11.0.7'
Driver info: org.openqa.selenium.chrome.ChromeDriver
Capabilities {acceptInsecureCerts: false, browserName: chrome, browserVersion: 83.0.4103.61, chrome: {chromedriverVersion: 83.0.4103.39 (ccbf011cb2d2b..., userDataDir: /var/folders/6y/hllg1rhd29j...}, goog:chromeOptions: {debuggerAddress: localhost:52148}, javascriptEnabled: true, networkConnectionEnabled: false, pageLoadStrategy: normal, platform: MAC, platformName: MAC, proxy: Proxy(), setWindowRect: true, strictFileInteractability: false, timeouts: {implicit: 0, pageLoad: 300000, script: 30000}, unhandledPromptBehavior: dismiss and notify, webauthn:virtualAuthenticators: true}
Session ID: de2ad3af4b87a312f19e5afc8d6162db
	at com.romanceabroad.ui.RegistrationTests.testRegistrationForInvalidPasswordTestCase33(RegistrationTests.java:103)
</failure>
    <system-out><![CDATA[Wait Join button
Click Join button
Wait email text field
Type email in text field11@yandex.com
Wait password text field
Type password in text field12
Wait Next button
]]></system-out>
    <system-err><![CDATA[Starting ChromeDriver 83.0.4103.39 (ccbf011cb2d2b19b506d844400483861342c20cd-refs/branch-heads/4103@{#416}) on port 15074
Only local connections are allowed.
Please see https://chromedriver.chromium.org/security-considerations for suggestions on keeping ChromeDriver safe.
ChromeDriver was started successfully.
Jun 06, 2020 8:47:25 PM org.openqa.selenium.remote.ProtocolHandshake createSession
INFO: Detected dialect: W3C
Video recording
[/Users/anaraimasheva/GitHub/roman/romancepractice/video/Registration tests_recording_2020_06_06_20_47_07.avi]
]]></system-err>
  </testcase>
  <testcase name="testRegistration1" classname="com.romanceabroad.ui.RegistrationTests" time="0">
    <skipped message="You appear to be running MAC. The IE driver only runs on Windows.&#10;Build info: version: &apos;3.141.59&apos;, revision: &apos;e82be7d358&apos;, time: &apos;2018-11-14T08:17:03&apos;&#10;System info: host: &apos;Anaras-MacBook-Pro.local&apos;, ip: &apos;2601:647:4a00:ccf0:0:0:0:f5fd%en0&apos;, os.name: &apos;Mac OS X&apos;, os.arch: &apos;x86_64&apos;, os.version: &apos;10.14.6&apos;, java.version: &apos;11.0.7&apos;&#10;Driver info: driver.version: InternetExplorerDriver"/>
    <system-err><![CDATA[Video recording
[/Users/anaraimasheva/GitHub/roman/romancepractice/video/Registration tests_recording_2020_06_06_20_44_08.avi]
]]></system-err>
  </testcase>
  <testcase name="testRegistration1" classname="com.romanceabroad.ui.RegistrationTests" time="0">
    <skipped message="You appear to be running MAC. The IE driver only runs on Windows.&#10;Build info: version: &apos;3.141.59&apos;, revision: &apos;e82be7d358&apos;, time: &apos;2018-11-14T08:17:03&apos;&#10;System info: host: &apos;Anaras-MacBook-Pro.local&apos;, ip: &apos;2601:647:4a00:ccf0:0:0:0:f5fd%en0&apos;, os.name: &apos;Mac OS X&apos;, os.arch: &apos;x86_64&apos;, os.version: &apos;10.14.6&apos;, java.version: &apos;11.0.7&apos;&#10;Driver info: driver.version: InternetExplorerDriver"/>
    <system-err><![CDATA[Video recording
[/Users/anaraimasheva/GitHub/roman/romancepractice/video/Registration tests_recording_2020_06_06_20_44_08.avi]
]]></system-err>
  </testcase>
  <testcase name="testRegistration1" classname="com.romanceabroad.ui.RegistrationTests" time="4.486"/>
  <testcase name="testRegistration1" classname="com.romanceabroad.ui.RegistrationTests" time="3.849"/>
  <testcase name="testRegistration1" classname="com.romanceabroad.ui.RegistrationTests" time="4.869"/>
  <testcase name="testRegistration1" classname="com.romanceabroad.ui.RegistrationTests" time="4.876"/>
</testsuite>