<?xml version="1.0" encoding="UTF-8"?>
<!-- Generated by org.testng.reporters.JUnitXMLReporter -->
<testsuite ignored="0" hostname="Anaras-MacBook-Pro.local" failures="1" tests="9" name="FirefoxTestCases" time="153.955" errors="0" timestamp="2020-06-06T20:46:42 PDT">
  <testcase classname="com.romanceabroad.ui.RegistrationTests" name="testBoolean" time="0.0"/>
  <testcase classname="com.romanceabroad.ui.RegistrationTests" name="testRegistration2" time="5.44"/>
  <testcase classname="com.romanceabroad.ui.RegistrationTests" name="testRegistration2" time="0.85"/>
  <testcase classname="com.romanceabroad.ui.RegistrationTests" name="testRegistration2" time="4.932"/>
  <testcase classname="com.romanceabroad.ui.RegistrationTests" name="testRegistrationForInvalidEmailTestCase31" time="0.67"/>
  <testcase classname="com.romanceabroad.ui.RegistrationTests" name="testRegistrationForExistingUserTestCase32" time="1.578"/>
  <testcase classname="com.romanceabroad.ui.RegistrationTests" name="testRegistrationForInvalidPasswordTestCase33" time="20.608">
    <failure type="org.openqa.selenium.TimeoutException" message="Expected condition failed: waiting for element to be clickable: By.xpath: //button[@data-action=&amp;apos;next-page&amp;apos;][text()=&amp;apos;Next&amp;apos;] (tried for 20 second(s) with 500 milliseconds interval)
Build info: version: &amp;apos;3.141.59&amp;apos;, revision: &amp;apos;e82be7d358&amp;apos;, time: &amp;apos;2018-11-14T08:17:03&amp;apos;
System info: host: &amp;apos;Anaras-MacBook-Pro.local&amp;apos;, ip: &amp;apos;2601:647:4a00:ccf0:0:0:0:f5fd%en0&amp;apos;, os.name: &amp;apos;Mac OS X&amp;apos;, os.arch: &amp;apos;x86_64&amp;apos;, os.version: &amp;apos;10.14.6&amp;apos;, java.version: &amp;apos;11.0.7&amp;apos;
Driver info: org.openqa.selenium.firefox.FirefoxDriver
Capabilities {acceptInsecureCerts: true, browserName: firefox, browserVersion: 76.0.1, javascriptEnabled: true, moz:accessibilityChecks: false, moz:buildID: 20200507114007, moz:geckodriverVersion: 0.26.0, moz:headless: false, moz:processID: 1235, moz:profile: /var/folders/6y/hllg1rhd29j..., moz:shutdownTimeout: 60000, moz:useNonSpecCompliantPointerOrigin: false, moz:webdriverClick: true, pageLoadStrategy: normal, platform: MAC, platformName: MAC, platformVersion: 18.7.0, rotatable: false, setWindowRect: true, strictFileInteractability: false, timeouts: {implicit: 0, pageLoad: 300000, script: 30000}, unhandledPromptBehavior: dismiss and notify}
Session ID: a872d312-4e0c-0747-8897-0b7ef9f469d5">
      <![CDATA[org.openqa.selenium.TimeoutException: Expected condition failed: waiting for element to be clickable: By.xpath: //button[@data-action='next-page'][text()='Next'] (tried for 20 second(s) with 500 milliseconds interval)
Build info: version: '3.141.59', revision: 'e82be7d358', time: '2018-11-14T08:17:03'
System info: host: 'Anaras-MacBook-Pro.local', ip: '2601:647:4a00:ccf0:0:0:0:f5fd%en0', os.name: 'Mac OS X', os.arch: 'x86_64', os.version: '10.14.6', java.version: '11.0.7'
Driver info: org.openqa.selenium.firefox.FirefoxDriver
Capabilities {acceptInsecureCerts: true, browserName: firefox, browserVersion: 76.0.1, javascriptEnabled: true, moz:accessibilityChecks: false, moz:buildID: 20200507114007, moz:geckodriverVersion: 0.26.0, moz:headless: false, moz:processID: 1235, moz:profile: /var/folders/6y/hllg1rhd29j..., moz:shutdownTimeout: 60000, moz:useNonSpecCompliantPointerOrigin: false, moz:webdriverClick: true, pageLoadStrategy: normal, platform: MAC, platformName: MAC, platformVersion: 18.7.0, rotatable: false, setWindowRect: true, strictFileInteractability: false, timeouts: {implicit: 0, pageLoad: 300000, script: 30000}, unhandledPromptBehavior: dismiss and notify}
Session ID: a872d312-4e0c-0747-8897-0b7ef9f469d5
at org.openqa.selenium.support.ui.WebDriverWait.timeoutException(WebDriverWait.java:95)
at org.openqa.selenium.support.ui.FluentWait.until(FluentWait.java:272)
at com.romanceabroad.ui.MainPage.clickNextButton(MainPage.java:66)
at com.romanceabroad.ui.RegistrationTests.testRegistrationForInvalidPasswordTestCase33(RegistrationTests.java:103)
at java.base/java.util.ArrayList.forEach(ArrayList.java:1540)
... Removed 31 stack frames]]>
    </failure>
  </testcase> <!-- testRegistrationForInvalidPasswordTestCase33 -->
  <testcase classname="com.romanceabroad.ui.RegistrationTests" name="testRegistration1" time="4.486"/>
  <testcase classname="com.romanceabroad.ui.RegistrationTests" name="testRegistration1" time="3.849"/>
</testsuite> <!-- FirefoxTestCases -->
