<?xml version="1.0" encoding="UTF-8"?>
<testng-results ignored="0" total="47" passed="39" failed="8" skipped="0">
  <reporter-output>
  </reporter-output>
  <suite started-at="2020-06-10T21:02:02 PDT" name="Web TestSuite" finished-at="2020-06-10T21:03:15 PDT" duration-ms="72830">
    <groups>
      <group name="admin">
        <method signature="RegistrationTests.testRegistration1(java.lang.String, java.lang.String, java.lang.String, java.lang.String, java.lang.String, java.lang.String, java.lang.String, java.lang.String)[pri:5, instance:com.romanceabroad.ui.RegistrationTests@40a4337a]" name="testRegistration1" class="com.romanceabroad.ui.RegistrationTests"/>
        <method signature="RegistrationTests.testRegistrationForExistingUserTestCase32(java.lang.String, java.lang.String, boolean)[pri:3, instance:com.romanceabroad.ui.RegistrationTests@40a4337a]" name="testRegistrationForExistingUserTestCase32" class="com.romanceabroad.ui.RegistrationTests"/>
        <method signature="RegistrationTests.testRegistrationForInvalidEmailTestCase31(java.lang.String, java.lang.String, boolean)[pri:2, instance:com.romanceabroad.ui.RegistrationTests@40a4337a]" name="testRegistrationForInvalidEmailTestCase31" class="com.romanceabroad.ui.RegistrationTests"/>
        <method signature="RegistrationTests.testRegistration1(java.lang.String, java.lang.String, java.lang.String, java.lang.String, java.lang.String, java.lang.String, java.lang.String, java.lang.String)[pri:5, instance:com.romanceabroad.ui.RegistrationTests@1c1bbc4e]" name="testRegistration1" class="com.romanceabroad.ui.RegistrationTests"/>
        <method signature="RegistrationTests.testRegistrationForExistingUserTestCase32(java.lang.String, java.lang.String, boolean)[pri:3, instance:com.romanceabroad.ui.RegistrationTests@1c1bbc4e]" name="testRegistrationForExistingUserTestCase32" class="com.romanceabroad.ui.RegistrationTests"/>
        <method signature="RegistrationTests.testRegistrationForInvalidEmailTestCase31(java.lang.String, java.lang.String, boolean)[pri:2, instance:com.romanceabroad.ui.RegistrationTests@1c1bbc4e]" name="testRegistrationForInvalidEmailTestCase31" class="com.romanceabroad.ui.RegistrationTests"/>
        <method signature="RegistrationTests.testRegistration1(java.lang.String, java.lang.String, java.lang.String, java.lang.String, java.lang.String, java.lang.String, java.lang.String, java.lang.String)[pri:5, instance:com.romanceabroad.ui.RegistrationTests@24269709]" name="testRegistration1" class="com.romanceabroad.ui.RegistrationTests"/>
        <method signature="RegistrationTests.testRegistrationForExistingUserTestCase32(java.lang.String, java.lang.String, boolean)[pri:3, instance:com.romanceabroad.ui.RegistrationTests@24269709]" name="testRegistrationForExistingUserTestCase32" class="com.romanceabroad.ui.RegistrationTests"/>
        <method signature="RegistrationTests.testRegistrationForInvalidEmailTestCase31(java.lang.String, java.lang.String, boolean)[pri:2, instance:com.romanceabroad.ui.RegistrationTests@24269709]" name="testRegistrationForInvalidEmailTestCase31" class="com.romanceabroad.ui.RegistrationTests"/>
      </group> <!-- admin -->
      <group name="user">
        <method signature="RegistrationTests.testRegistration1(java.lang.String, java.lang.String, java.lang.String, java.lang.String, java.lang.String, java.lang.String, java.lang.String, java.lang.String)[pri:5, instance:com.romanceabroad.ui.RegistrationTests@40a4337a]" name="testRegistration1" class="com.romanceabroad.ui.RegistrationTests"/>
        <method signature="RegistrationTests.testRegistrationForExistingUserTestCase32(java.lang.String, java.lang.String, boolean)[pri:3, instance:com.romanceabroad.ui.RegistrationTests@40a4337a]" name="testRegistrationForExistingUserTestCase32" class="com.romanceabroad.ui.RegistrationTests"/>
        <method signature="RegistrationTests.testRegistrationForInvalidEmailTestCase31(java.lang.String, java.lang.String, boolean)[pri:2, instance:com.romanceabroad.ui.RegistrationTests@40a4337a]" name="testRegistrationForInvalidEmailTestCase31" class="com.romanceabroad.ui.RegistrationTests"/>
        <method signature="RegistrationTests.testRegistration1(java.lang.String, java.lang.String, java.lang.String, java.lang.String, java.lang.String, java.lang.String, java.lang.String, java.lang.String)[pri:5, instance:com.romanceabroad.ui.RegistrationTests@1c1bbc4e]" name="testRegistration1" class="com.romanceabroad.ui.RegistrationTests"/>
        <method signature="RegistrationTests.testRegistrationForExistingUserTestCase32(java.lang.String, java.lang.String, boolean)[pri:3, instance:com.romanceabroad.ui.RegistrationTests@1c1bbc4e]" name="testRegistrationForExistingUserTestCase32" class="com.romanceabroad.ui.RegistrationTests"/>
        <method signature="RegistrationTests.testRegistrationForInvalidEmailTestCase31(java.lang.String, java.lang.String, boolean)[pri:2, instance:com.romanceabroad.ui.RegistrationTests@1c1bbc4e]" name="testRegistrationForInvalidEmailTestCase31" class="com.romanceabroad.ui.RegistrationTests"/>
        <method signature="RegistrationTests.testRegistration1(java.lang.String, java.lang.String, java.lang.String, java.lang.String, java.lang.String, java.lang.String, java.lang.String, java.lang.String)[pri:5, instance:com.romanceabroad.ui.RegistrationTests@24269709]" name="testRegistration1" class="com.romanceabroad.ui.RegistrationTests"/>
        <method signature="RegistrationTests.testRegistrationForExistingUserTestCase32(java.lang.String, java.lang.String, boolean)[pri:3, instance:com.romanceabroad.ui.RegistrationTests@24269709]" name="testRegistrationForExistingUserTestCase32" class="com.romanceabroad.ui.RegistrationTests"/>
        <method signature="RegistrationTests.testRegistrationForInvalidEmailTestCase31(java.lang.String, java.lang.String, boolean)[pri:2, instance:com.romanceabroad.ui.RegistrationTests@24269709]" name="testRegistrationForInvalidEmailTestCase31" class="com.romanceabroad.ui.RegistrationTests"/>
      </group> <!-- user -->
    </groups>
    <test started-at="2020-06-10T21:02:02 PDT" name="Chrome Test cases" finished-at="2020-06-10T21:02:21 PDT" duration-ms="18834">
      <class name="com.romanceabroad.ui.RegistrationTests">
        <test-method is-config="true" signature="setup(java.lang.String, java.lang.String, java.lang.String, java.lang.String, java.lang.String, java.lang.String, java.lang.reflect.Method, org.testng.ITestContext)[pri:0, instance:com.romanceabroad.ui.RegistrationTests@40a4337a]" started-at="2020-06-10T21:02:02 PDT" name="setup" finished-at="2020-06-10T21:02:06 PDT" duration-ms="3418" status="PASS">
          <params>
            <param index="0">
              <value>
                <![CDATA[chrome]]>
              </value>
            </param>
            <param index="1">
              <value>
                <![CDATA[web]]>
              </value>
            </param>
            <param index="2">
              <value>
                <![CDATA[Windows 10]]>
              </value>
            </param>
            <param index="3">
              <value>
                <![CDATA[59.0]]>
              </value>
            </param>
            <param index="4">
              <value is-null="true"/>
            </param>
            <param index="5">
              <value>
                <![CDATA[prod]]>
              </value>
            </param>
            <param index="6">
              <value>
                <![CDATA[public static void com.romanceabroad.ui.RegistrationTests.testBoolean()]]>
              </value>
            </param>
            <param index="7">
              <value>
                <![CDATA[org.testng.TestRunner@85d8054]]>
              </value>
            </param>
          </params>
          <reporter-output>
          </reporter-output>
        </test-method> <!-- setup -->
        <test-method signature="testBoolean()[pri:0, instance:com.romanceabroad.ui.RegistrationTests@40a4337a]" started-at="2020-06-10T21:02:06 PDT" name="testBoolean" finished-at="2020-06-10T21:02:06 PDT" duration-ms="0" status="PASS">
          <reporter-output>
          </reporter-output>
        </test-method> <!-- testBoolean -->
        <test-method is-config="true" signature="closeBrowser(org.testng.ITestResult)[pri:0, instance:com.romanceabroad.ui.RegistrationTests@40a4337a]" started-at="2020-06-10T21:02:06 PDT" name="closeBrowser" finished-at="2020-06-10T21:02:06 PDT" duration-ms="324" status="PASS">
          <params>
            <param index="0">
              <value>
                <![CDATA[[TestResult name=testBoolean status=SUCCESS method=RegistrationTests.testBoolean()[pri:0, instance:com.romanceabroad.ui.RegistrationTests@40a4337a] output={null}]]]>
              </value>
            </param>
          </params>
          <reporter-output>
          </reporter-output>
        </test-method> <!-- closeBrowser -->
        <test-method is-config="true" signature="setup(java.lang.String, java.lang.String, java.lang.String, java.lang.String, java.lang.String, java.lang.String, java.lang.reflect.Method, org.testng.ITestContext)[pri:0, instance:com.romanceabroad.ui.RegistrationTests@40a4337a]" started-at="2020-06-10T21:02:06 PDT" name="setup" finished-at="2020-06-10T21:02:08 PDT" duration-ms="2621" status="PASS">
          <params>
            <param index="0">
              <value>
                <![CDATA[chrome]]>
              </value>
            </param>
            <param index="1">
              <value>
                <![CDATA[web]]>
              </value>
            </param>
            <param index="2">
              <value>
                <![CDATA[Windows 10]]>
              </value>
            </param>
            <param index="3">
              <value>
                <![CDATA[59.0]]>
              </value>
            </param>
            <param index="4">
              <value is-null="true"/>
            </param>
            <param index="5">
              <value>
                <![CDATA[prod]]>
              </value>
            </param>
            <param index="6">
              <value>
                <![CDATA[public void com.romanceabroad.ui.RegistrationTests.testRegistrationForInvalidEmailTestCase31(java.lang.String,java.lang.String,boolean)]]>
              </value>
            </param>
            <param index="7">
              <value>
                <![CDATA[org.testng.TestRunner@85d8054]]>
              </value>
            </param>
          </params>
          <reporter-output>
          </reporter-output>
        </test-method> <!-- setup -->
        <test-method signature="testRegistrationForInvalidEmailTestCase31(java.lang.String, java.lang.String, boolean)[pri:2, instance:com.romanceabroad.ui.RegistrationTests@40a4337a]" started-at="2020-06-10T21:02:08 PDT" name="testRegistrationForInvalidEmailTestCase31" data-provider="Registration3" finished-at="2020-06-10T21:02:09 PDT" duration-ms="41" status="FAIL">
          <params>
            <param index="0">
              <value>
                <![CDATA[1]]>
              </value>
            </param>
            <param index="1">
              <value>
                <![CDATA[Nick81423]]>
              </value>
            </param>
            <param index="2">
              <value>
                <![CDATA[false]]>
              </value>
            </param>
          </params>
          <exception class="org.openqa.selenium.NoSuchElementException">
            <message>
              <![CDATA[no such element: Unable to locate element: {"method":"xpath","selector":"//a[@href='https://romanceabroad.com/users/login_form']"}
  (Session info: chrome=83.0.4103.97)
For documentation on this error, please visit: https://www.seleniumhq.org/exceptions/no_such_element.html
Build info: version: '3.141.59', revision: 'e82be7d358', time: '2018-11-14T08:17:03'
System info: host: 'Anaras-MacBook-Pro.local', ip: '2601:647:4a00:ccf0:0:0:0:f5fd%en0', os.name: 'Mac OS X', os.arch: 'x86_64', os.version: '10.14.6', java.version: '11.0.5'
Driver info: org.openqa.selenium.chrome.ChromeDriver
Capabilities {acceptInsecureCerts: false, browserName: chrome, browserVersion: 83.0.4103.97, chrome: {chromedriverVersion: 83.0.4103.39 (ccbf011cb2d2b..., userDataDir: /var/folders/6y/hllg1rhd29j...}, goog:chromeOptions: {debuggerAddress: localhost:51155}, javascriptEnabled: true, networkConnectionEnabled: false, pageLoadStrategy: normal, platform: MAC, platformName: MAC, proxy: Proxy(), setWindowRect: true, strictFileInteractability: false, timeouts: {implicit: 0, pageLoad: 300000, script: 30000}, unhandledPromptBehavior: dismiss and notify, webauthn:virtualAuthenticators: true}
Session ID: 6174af23c0d2290339096191a5bdd627
*** Element info: {Using=xpath, value=//a[@href='https://romanceabroad.com/users/login_form']}]]>
            </message>
            <full-stacktrace>
              <![CDATA[org.openqa.selenium.NoSuchElementException: no such element: Unable to locate element: {"method":"xpath","selector":"//a[@href='https://romanceabroad.com/users/login_form']"}
  (Session info: chrome=83.0.4103.97)
For documentation on this error, please visit: https://www.seleniumhq.org/exceptions/no_such_element.html
Build info: version: '3.141.59', revision: 'e82be7d358', time: '2018-11-14T08:17:03'
System info: host: 'Anaras-MacBook-Pro.local', ip: '2601:647:4a00:ccf0:0:0:0:f5fd%en0', os.name: 'Mac OS X', os.arch: 'x86_64', os.version: '10.14.6', java.version: '11.0.5'
Driver info: org.openqa.selenium.chrome.ChromeDriver
Capabilities {acceptInsecureCerts: false, browserName: chrome, browserVersion: 83.0.4103.97, chrome: {chromedriverVersion: 83.0.4103.39 (ccbf011cb2d2b..., userDataDir: /var/folders/6y/hllg1rhd29j...}, goog:chromeOptions: {debuggerAddress: localhost:51155}, javascriptEnabled: true, networkConnectionEnabled: false, pageLoadStrategy: normal, platform: MAC, platformName: MAC, proxy: Proxy(), setWindowRect: true, strictFileInteractability: false, timeouts: {implicit: 0, pageLoad: 300000, script: 30000}, unhandledPromptBehavior: dismiss and notify, webauthn:virtualAuthenticators: true}
Session ID: 6174af23c0d2290339096191a5bdd627
*** Element info: {Using=xpath, value=//a[@href='https://romanceabroad.com/users/login_form']}
at java.base/jdk.internal.reflect.NativeConstructorAccessorImpl.newInstance0(Native Method)
at java.base/jdk.internal.reflect.NativeConstructorAccessorImpl.newInstance(NativeConstructorAccessorImpl.java:62)
at java.base/jdk.internal.reflect.DelegatingConstructorAccessorImpl.newInstance(DelegatingConstructorAccessorImpl.java:45)
at java.base/java.lang.reflect.Constructor.newInstance(Constructor.java:490)
at org.openqa.selenium.remote.http.W3CHttpResponseCodec.createException(W3CHttpResponseCodec.java:187)
at org.openqa.selenium.remote.http.W3CHttpResponseCodec.decode(W3CHttpResponseCodec.java:122)
at org.openqa.selenium.remote.http.W3CHttpResponseCodec.decode(W3CHttpResponseCodec.java:49)
at org.openqa.selenium.remote.HttpCommandExecutor.execute(HttpCommandExecutor.java:158)
at org.openqa.selenium.remote.service.DriverCommandExecutor.execute(DriverCommandExecutor.java:83)
at org.openqa.selenium.remote.RemoteWebDriver.execute(RemoteWebDriver.java:552)
at org.openqa.selenium.remote.RemoteWebDriver.findElement(RemoteWebDriver.java:323)
at org.openqa.selenium.remote.RemoteWebDriver.findElementByXPath(RemoteWebDriver.java:428)
at org.openqa.selenium.By$ByXPath.findElement(By.java:353)
at org.openqa.selenium.remote.RemoteWebDriver.findElement(RemoteWebDriver.java:315)
at com.romanceabroad.ui.SignInPage.openSignInPage(SignInPage.java:15)
at com.romanceabroad.ui.RegistrationTests.testRegistrationForInvalidEmailTestCase31(RegistrationTests.java:52)
at java.base/jdk.internal.reflect.NativeMethodAccessorImpl.invoke0(Native Method)
at java.base/jdk.internal.reflect.NativeMethodAccessorImpl.invoke(NativeMethodAccessorImpl.java:62)
at java.base/jdk.internal.reflect.DelegatingMethodAccessorImpl.invoke(DelegatingMethodAccessorImpl.java:43)
at java.base/java.lang.reflect.Method.invoke(Method.java:566)
at org.testng.internal.MethodInvocationHelper.invokeMethod(MethodInvocationHelper.java:133)
at org.testng.internal.TestInvoker.invokeMethod(TestInvoker.java:584)
at org.testng.internal.TestInvoker.invokeTestMethod(TestInvoker.java:172)
at org.testng.internal.MethodRunner.runInSequence(MethodRunner.java:46)
at org.testng.internal.TestInvoker$MethodInvocationAgent.invoke(TestInvoker.java:804)
at org.testng.internal.TestInvoker.invokeTestMethods(TestInvoker.java:145)
at org.testng.internal.TestMethodWorker.invokeTestMethods(TestMethodWorker.java:146)
at org.testng.internal.TestMethodWorker.run(TestMethodWorker.java:128)
at java.base/java.util.ArrayList.forEach(ArrayList.java:1540)
at org.testng.TestRunner.privateRun(TestRunner.java:770)
at org.testng.TestRunner.run(TestRunner.java:591)
at org.testng.SuiteRunner.runTest(SuiteRunner.java:402)
at org.testng.SuiteRunner.access$000(SuiteRunner.java:41)
at org.testng.SuiteRunner$SuiteWorker.run(SuiteRunner.java:443)
at org.testng.internal.thread.ThreadUtil.lambda$execute$0(ThreadUtil.java:67)
at java.base/java.util.concurrent.FutureTask.run(FutureTask.java:264)
at java.base/java.util.concurrent.ThreadPoolExecutor.runWorker(ThreadPoolExecutor.java:1128)
at java.base/java.util.concurrent.ThreadPoolExecutor$Worker.run(ThreadPoolExecutor.java:628)
at java.base/java.lang.Thread.run(Thread.java:834)
]]>
            </full-stacktrace>
          </exception> <!-- org.openqa.selenium.NoSuchElementException -->
          <reporter-output>
          </reporter-output>
        </test-method> <!-- testRegistrationForInvalidEmailTestCase31 -->
        <test-method is-config="true" signature="closeBrowser(org.testng.ITestResult)[pri:0, instance:com.romanceabroad.ui.RegistrationTests@40a4337a]" started-at="2020-06-10T21:02:09 PDT" name="closeBrowser" finished-at="2020-06-10T21:02:10 PDT" duration-ms="1100" status="PASS">
          <params>
            <param index="0">
              <value>
                <![CDATA[[TestResult name=testRegistrationForInvalidEmailTestCase31 status=FAILURE method=RegistrationTests.testRegistrationForInvalidEmailTestCase31(java.lang.String, java.lang.String, boolean)[pri:2, instance:com.romanceabroad.ui.RegistrationTests@40a4337a] output={null}]]]>
              </value>
            </param>
          </params>
          <reporter-output>
          </reporter-output>
        </test-method> <!-- closeBrowser -->
        <test-method is-config="true" signature="setup(java.lang.String, java.lang.String, java.lang.String, java.lang.String, java.lang.String, java.lang.String, java.lang.reflect.Method, org.testng.ITestContext)[pri:0, instance:com.romanceabroad.ui.RegistrationTests@40a4337a]" started-at="2020-06-10T21:02:10 PDT" name="setup" finished-at="2020-06-10T21:02:12 PDT" duration-ms="2743" status="PASS">
          <params>
            <param index="0">
              <value>
                <![CDATA[chrome]]>
              </value>
            </param>
            <param index="1">
              <value>
                <![CDATA[web]]>
              </value>
            </param>
            <param index="2">
              <value>
                <![CDATA[Windows 10]]>
              </value>
            </param>
            <param index="3">
              <value>
                <![CDATA[59.0]]>
              </value>
            </param>
            <param index="4">
              <value is-null="true"/>
            </param>
            <param index="5">
              <value>
                <![CDATA[prod]]>
              </value>
            </param>
            <param index="6">
              <value>
                <![CDATA[public void com.romanceabroad.ui.RegistrationTests.testRegistrationForExistingUserTestCase32(java.lang.String,java.lang.String,boolean)]]>
              </value>
            </param>
            <param index="7">
              <value>
                <![CDATA[org.testng.TestRunner@85d8054]]>
              </value>
            </param>
          </params>
          <reporter-output>
          </reporter-output>
        </test-method> <!-- setup -->
        <test-method signature="testRegistrationForExistingUserTestCase32(java.lang.String, java.lang.String, boolean)[pri:3, instance:com.romanceabroad.ui.RegistrationTests@40a4337a]" started-at="2020-06-10T21:02:12 PDT" name="testRegistrationForExistingUserTestCase32" data-provider="Registration4" finished-at="2020-06-10T21:02:12 PDT" duration-ms="13" status="FAIL">
          <params>
            <param index="0">
              <value>
                <![CDATA[imasheva.anara1@gmail.com]]>
              </value>
            </param>
            <param index="1">
              <value>
                <![CDATA[Nick81423]]>
              </value>
            </param>
            <param index="2">
              <value>
                <![CDATA[false]]>
              </value>
            </param>
          </params>
          <exception class="org.openqa.selenium.NoSuchElementException">
            <message>
              <![CDATA[no such element: Unable to locate element: {"method":"xpath","selector":"//a[@href='https://romanceabroad.com/users/login_form']"}
  (Session info: chrome=83.0.4103.97)
For documentation on this error, please visit: https://www.seleniumhq.org/exceptions/no_such_element.html
Build info: version: '3.141.59', revision: 'e82be7d358', time: '2018-11-14T08:17:03'
System info: host: 'Anaras-MacBook-Pro.local', ip: '2601:647:4a00:ccf0:0:0:0:f5fd%en0', os.name: 'Mac OS X', os.arch: 'x86_64', os.version: '10.14.6', java.version: '11.0.5'
Driver info: org.openqa.selenium.chrome.ChromeDriver
Capabilities {acceptInsecureCerts: false, browserName: chrome, browserVersion: 83.0.4103.97, chrome: {chromedriverVersion: 83.0.4103.39 (ccbf011cb2d2b..., userDataDir: /var/folders/6y/hllg1rhd29j...}, goog:chromeOptions: {debuggerAddress: localhost:51286}, javascriptEnabled: true, networkConnectionEnabled: false, pageLoadStrategy: normal, platform: MAC, platformName: MAC, proxy: Proxy(), setWindowRect: true, strictFileInteractability: false, timeouts: {implicit: 0, pageLoad: 300000, script: 30000}, unhandledPromptBehavior: dismiss and notify, webauthn:virtualAuthenticators: true}
Session ID: 0e751b8d88093d066536685bd807d829
*** Element info: {Using=xpath, value=//a[@href='https://romanceabroad.com/users/login_form']}]]>
            </message>
            <full-stacktrace>
              <![CDATA[org.openqa.selenium.NoSuchElementException: no such element: Unable to locate element: {"method":"xpath","selector":"//a[@href='https://romanceabroad.com/users/login_form']"}
  (Session info: chrome=83.0.4103.97)
For documentation on this error, please visit: https://www.seleniumhq.org/exceptions/no_such_element.html
Build info: version: '3.141.59', revision: 'e82be7d358', time: '2018-11-14T08:17:03'
System info: host: 'Anaras-MacBook-Pro.local', ip: '2601:647:4a00:ccf0:0:0:0:f5fd%en0', os.name: 'Mac OS X', os.arch: 'x86_64', os.version: '10.14.6', java.version: '11.0.5'
Driver info: org.openqa.selenium.chrome.ChromeDriver
Capabilities {acceptInsecureCerts: false, browserName: chrome, browserVersion: 83.0.4103.97, chrome: {chromedriverVersion: 83.0.4103.39 (ccbf011cb2d2b..., userDataDir: /var/folders/6y/hllg1rhd29j...}, goog:chromeOptions: {debuggerAddress: localhost:51286}, javascriptEnabled: true, networkConnectionEnabled: false, pageLoadStrategy: normal, platform: MAC, platformName: MAC, proxy: Proxy(), setWindowRect: true, strictFileInteractability: false, timeouts: {implicit: 0, pageLoad: 300000, script: 30000}, unhandledPromptBehavior: dismiss and notify, webauthn:virtualAuthenticators: true}
Session ID: 0e751b8d88093d066536685bd807d829
*** Element info: {Using=xpath, value=//a[@href='https://romanceabroad.com/users/login_form']}
at java.base/jdk.internal.reflect.NativeConstructorAccessorImpl.newInstance0(Native Method)
at java.base/jdk.internal.reflect.NativeConstructorAccessorImpl.newInstance(NativeConstructorAccessorImpl.java:62)
at java.base/jdk.internal.reflect.DelegatingConstructorAccessorImpl.newInstance(DelegatingConstructorAccessorImpl.java:45)
at java.base/java.lang.reflect.Constructor.newInstance(Constructor.java:490)
at org.openqa.selenium.remote.http.W3CHttpResponseCodec.createException(W3CHttpResponseCodec.java:187)
at org.openqa.selenium.remote.http.W3CHttpResponseCodec.decode(W3CHttpResponseCodec.java:122)
at org.openqa.selenium.remote.http.W3CHttpResponseCodec.decode(W3CHttpResponseCodec.java:49)
at org.openqa.selenium.remote.HttpCommandExecutor.execute(HttpCommandExecutor.java:158)
at org.openqa.selenium.remote.service.DriverCommandExecutor.execute(DriverCommandExecutor.java:83)
at org.openqa.selenium.remote.RemoteWebDriver.execute(RemoteWebDriver.java:552)
at org.openqa.selenium.remote.RemoteWebDriver.findElement(RemoteWebDriver.java:323)
at org.openqa.selenium.remote.RemoteWebDriver.findElementByXPath(RemoteWebDriver.java:428)
at org.openqa.selenium.By$ByXPath.findElement(By.java:353)
at org.openqa.selenium.remote.RemoteWebDriver.findElement(RemoteWebDriver.java:315)
at com.romanceabroad.ui.SignInPage.openSignInPage(SignInPage.java:15)
at com.romanceabroad.ui.RegistrationTests.testRegistrationForExistingUserTestCase32(RegistrationTests.java:75)
at java.base/jdk.internal.reflect.NativeMethodAccessorImpl.invoke0(Native Method)
at java.base/jdk.internal.reflect.NativeMethodAccessorImpl.invoke(NativeMethodAccessorImpl.java:62)
at java.base/jdk.internal.reflect.DelegatingMethodAccessorImpl.invoke(DelegatingMethodAccessorImpl.java:43)
at java.base/java.lang.reflect.Method.invoke(Method.java:566)
at org.testng.internal.MethodInvocationHelper.invokeMethod(MethodInvocationHelper.java:133)
at org.testng.internal.TestInvoker.invokeMethod(TestInvoker.java:584)
at org.testng.internal.TestInvoker.invokeTestMethod(TestInvoker.java:172)
at org.testng.internal.MethodRunner.runInSequence(MethodRunner.java:46)
at org.testng.internal.TestInvoker$MethodInvocationAgent.invoke(TestInvoker.java:804)
at org.testng.internal.TestInvoker.invokeTestMethods(TestInvoker.java:145)
at org.testng.internal.TestMethodWorker.invokeTestMethods(TestMethodWorker.java:146)
at org.testng.internal.TestMethodWorker.run(TestMethodWorker.java:128)
at java.base/java.util.ArrayList.forEach(ArrayList.java:1540)
at org.testng.TestRunner.privateRun(TestRunner.java:770)
at org.testng.TestRunner.run(TestRunner.java:591)
at org.testng.SuiteRunner.runTest(SuiteRunner.java:402)
at org.testng.SuiteRunner.access$000(SuiteRunner.java:41)
at org.testng.SuiteRunner$SuiteWorker.run(SuiteRunner.java:443)
at org.testng.internal.thread.ThreadUtil.lambda$execute$0(ThreadUtil.java:67)
at java.base/java.util.concurrent.FutureTask.run(FutureTask.java:264)
at java.base/java.util.concurrent.ThreadPoolExecutor.runWorker(ThreadPoolExecutor.java:1128)
at java.base/java.util.concurrent.ThreadPoolExecutor$Worker.run(ThreadPoolExecutor.java:628)
at java.base/java.lang.Thread.run(Thread.java:834)
]]>
            </full-stacktrace>
          </exception> <!-- org.openqa.selenium.NoSuchElementException -->
          <reporter-output>
          </reporter-output>
        </test-method> <!-- testRegistrationForExistingUserTestCase32 -->
        <test-method is-config="true" signature="closeBrowser(org.testng.ITestResult)[pri:0, instance:com.romanceabroad.ui.RegistrationTests@40a4337a]" started-at="2020-06-10T21:02:12 PDT" name="closeBrowser" finished-at="2020-06-10T21:02:13 PDT" duration-ms="956" status="PASS">
          <params>
            <param index="0">
              <value>
                <![CDATA[[TestResult name=testRegistrationForExistingUserTestCase32 status=FAILURE method=RegistrationTests.testRegistrationForExistingUserTestCase32(java.lang.String, java.lang.String, boolean)[pri:3, instance:com.romanceabroad.ui.RegistrationTests@40a4337a] output={null}]]]>
              </value>
            </param>
          </params>
          <reporter-output>
          </reporter-output>
        </test-method> <!-- closeBrowser -->
        <test-method is-config="true" signature="setup(java.lang.String, java.lang.String, java.lang.String, java.lang.String, java.lang.String, java.lang.String, java.lang.reflect.Method, org.testng.ITestContext)[pri:0, instance:com.romanceabroad.ui.RegistrationTests@40a4337a]" started-at="2020-06-10T21:02:13 PDT" name="setup" finished-at="2020-06-10T21:02:16 PDT" duration-ms="2580" status="PASS">
          <params>
            <param index="0">
              <value>
                <![CDATA[chrome]]>
              </value>
            </param>
            <param index="1">
              <value>
                <![CDATA[web]]>
              </value>
            </param>
            <param index="2">
              <value>
                <![CDATA[Windows 10]]>
              </value>
            </param>
            <param index="3">
              <value>
                <![CDATA[59.0]]>
              </value>
            </param>
            <param index="4">
              <value is-null="true"/>
            </param>
            <param index="5">
              <value>
                <![CDATA[prod]]>
              </value>
            </param>
            <param index="6">
              <value>
                <![CDATA[public void com.romanceabroad.ui.RegistrationTests.testRegistration1(java.lang.String,java.lang.String,java.lang.String,java.lang.String,java.lang.String,java.lang.String,java.lang.String,java.lang.String)]]>
              </value>
            </param>
            <param index="7">
              <value>
                <![CDATA[org.testng.TestRunner@85d8054]]>
              </value>
            </param>
          </params>
          <reporter-output>
          </reporter-output>
        </test-method> <!-- setup -->
        <test-method signature="testRegistration1(java.lang.String, java.lang.String, java.lang.String, java.lang.String, java.lang.String, java.lang.String, java.lang.String, java.lang.String)[pri:5, instance:com.romanceabroad.ui.RegistrationTests@40a4337a]" started-at="2020-06-10T21:02:16 PDT" name="testRegistration1" data-provider="Registration" finished-at="2020-06-10T21:02:16 PDT" duration-ms="16" status="FAIL">
          <params>
            <param index="0">
              <value>
                <![CDATA[imashva@gmail.com]]>
              </value>
            </param>
            <param index="1">
              <value>
                <![CDATA[123456]]>
              </value>
            </param>
            <param index="2">
              <value>
                <![CDATA[6197247589]]>
              </value>
            </param>
            <param index="3">
              <value>
                <![CDATA[Jun]]>
              </value>
            </param>
            <param index="4">
              <value>
                <![CDATA[18]]>
              </value>
            </param>
            <param index="5">
              <value>
                <![CDATA[1985]]>
              </value>
            </param>
            <param index="6">
              <value>
                <![CDATA[Sydney]]>
              </value>
            </param>
            <param index="7">
              <value>
                <![CDATA[State of New South Wales]]>
              </value>
            </param>
          </params>
          <exception class="org.openqa.selenium.NoSuchElementException">
            <message>
              <![CDATA[no such element: Unable to locate element: {"method":"xpath","selector":"//a[@href='https://romanceabroad.com/users/login_form']"}
  (Session info: chrome=83.0.4103.97)
For documentation on this error, please visit: https://www.seleniumhq.org/exceptions/no_such_element.html
Build info: version: '3.141.59', revision: 'e82be7d358', time: '2018-11-14T08:17:03'
System info: host: 'Anaras-MacBook-Pro.local', ip: '2601:647:4a00:ccf0:0:0:0:f5fd%en0', os.name: 'Mac OS X', os.arch: 'x86_64', os.version: '10.14.6', java.version: '11.0.5'
Driver info: org.openqa.selenium.chrome.ChromeDriver
Capabilities {acceptInsecureCerts: false, browserName: chrome, browserVersion: 83.0.4103.97, chrome: {chromedriverVersion: 83.0.4103.39 (ccbf011cb2d2b..., userDataDir: /var/folders/6y/hllg1rhd29j...}, goog:chromeOptions: {debuggerAddress: localhost:51385}, javascriptEnabled: true, networkConnectionEnabled: false, pageLoadStrategy: normal, platform: MAC, platformName: MAC, proxy: Proxy(), setWindowRect: true, strictFileInteractability: false, timeouts: {implicit: 0, pageLoad: 300000, script: 30000}, unhandledPromptBehavior: dismiss and notify, webauthn:virtualAuthenticators: true}
Session ID: 6ceaf3d08f5957ff5232de263ccca2ce
*** Element info: {Using=xpath, value=//a[@href='https://romanceabroad.com/users/login_form']}]]>
            </message>
            <full-stacktrace>
              <![CDATA[org.openqa.selenium.NoSuchElementException: no such element: Unable to locate element: {"method":"xpath","selector":"//a[@href='https://romanceabroad.com/users/login_form']"}
  (Session info: chrome=83.0.4103.97)
For documentation on this error, please visit: https://www.seleniumhq.org/exceptions/no_such_element.html
Build info: version: '3.141.59', revision: 'e82be7d358', time: '2018-11-14T08:17:03'
System info: host: 'Anaras-MacBook-Pro.local', ip: '2601:647:4a00:ccf0:0:0:0:f5fd%en0', os.name: 'Mac OS X', os.arch: 'x86_64', os.version: '10.14.6', java.version: '11.0.5'
Driver info: org.openqa.selenium.chrome.ChromeDriver
Capabilities {acceptInsecureCerts: false, browserName: chrome, browserVersion: 83.0.4103.97, chrome: {chromedriverVersion: 83.0.4103.39 (ccbf011cb2d2b..., userDataDir: /var/folders/6y/hllg1rhd29j...}, goog:chromeOptions: {debuggerAddress: localhost:51385}, javascriptEnabled: true, networkConnectionEnabled: false, pageLoadStrategy: normal, platform: MAC, platformName: MAC, proxy: Proxy(), setWindowRect: true, strictFileInteractability: false, timeouts: {implicit: 0, pageLoad: 300000, script: 30000}, unhandledPromptBehavior: dismiss and notify, webauthn:virtualAuthenticators: true}
Session ID: 6ceaf3d08f5957ff5232de263ccca2ce
*** Element info: {Using=xpath, value=//a[@href='https://romanceabroad.com/users/login_form']}
at java.base/jdk.internal.reflect.NativeConstructorAccessorImpl.newInstance0(Native Method)
at java.base/jdk.internal.reflect.NativeConstructorAccessorImpl.newInstance(NativeConstructorAccessorImpl.java:62)
at java.base/jdk.internal.reflect.DelegatingConstructorAccessorImpl.newInstance(DelegatingConstructorAccessorImpl.java:45)
at java.base/java.lang.reflect.Constructor.newInstance(Constructor.java:490)
at org.openqa.selenium.remote.http.W3CHttpResponseCodec.createException(W3CHttpResponseCodec.java:187)
at org.openqa.selenium.remote.http.W3CHttpResponseCodec.decode(W3CHttpResponseCodec.java:122)
at org.openqa.selenium.remote.http.W3CHttpResponseCodec.decode(W3CHttpResponseCodec.java:49)
at org.openqa.selenium.remote.HttpCommandExecutor.execute(HttpCommandExecutor.java:158)
at org.openqa.selenium.remote.service.DriverCommandExecutor.execute(DriverCommandExecutor.java:83)
at org.openqa.selenium.remote.RemoteWebDriver.execute(RemoteWebDriver.java:552)
at org.openqa.selenium.remote.RemoteWebDriver.findElement(RemoteWebDriver.java:323)
at org.openqa.selenium.remote.RemoteWebDriver.findElementByXPath(RemoteWebDriver.java:428)
at org.openqa.selenium.By$ByXPath.findElement(By.java:353)
at org.openqa.selenium.remote.RemoteWebDriver.findElement(RemoteWebDriver.java:315)
at com.romanceabroad.ui.SignInPage.openSignInPage(SignInPage.java:15)
at com.romanceabroad.ui.RegistrationTests.testRegistration1(RegistrationTests.java:131)
at java.base/jdk.internal.reflect.NativeMethodAccessorImpl.invoke0(Native Method)
at java.base/jdk.internal.reflect.NativeMethodAccessorImpl.invoke(NativeMethodAccessorImpl.java:62)
at java.base/jdk.internal.reflect.DelegatingMethodAccessorImpl.invoke(DelegatingMethodAccessorImpl.java:43)
at java.base/java.lang.reflect.Method.invoke(Method.java:566)
at org.testng.internal.MethodInvocationHelper.invokeMethod(MethodInvocationHelper.java:133)
at org.testng.internal.TestInvoker.invokeMethod(TestInvoker.java:584)
at org.testng.internal.TestInvoker.invokeTestMethod(TestInvoker.java:172)
at org.testng.internal.MethodRunner.runInSequence(MethodRunner.java:46)
at org.testng.internal.TestInvoker$MethodInvocationAgent.invoke(TestInvoker.java:804)
at org.testng.internal.TestInvoker.invokeTestMethods(TestInvoker.java:145)
at org.testng.internal.TestMethodWorker.invokeTestMethods(TestMethodWorker.java:146)
at org.testng.internal.TestMethodWorker.run(TestMethodWorker.java:128)
at java.base/java.util.ArrayList.forEach(ArrayList.java:1540)
at org.testng.TestRunner.privateRun(TestRunner.java:770)
at org.testng.TestRunner.run(TestRunner.java:591)
at org.testng.SuiteRunner.runTest(SuiteRunner.java:402)
at org.testng.SuiteRunner.access$000(SuiteRunner.java:41)
at org.testng.SuiteRunner$SuiteWorker.run(SuiteRunner.java:443)
at org.testng.internal.thread.ThreadUtil.lambda$execute$0(ThreadUtil.java:67)
at java.base/java.util.concurrent.FutureTask.run(FutureTask.java:264)
at java.base/java.util.concurrent.ThreadPoolExecutor.runWorker(ThreadPoolExecutor.java:1128)
at java.base/java.util.concurrent.ThreadPoolExecutor$Worker.run(ThreadPoolExecutor.java:628)
at java.base/java.lang.Thread.run(Thread.java:834)
]]>
            </full-stacktrace>
          </exception> <!-- org.openqa.selenium.NoSuchElementException -->
          <reporter-output>
          </reporter-output>
        </test-method> <!-- testRegistration1 -->
        <test-method is-config="true" signature="closeBrowser(org.testng.ITestResult)[pri:0, instance:com.romanceabroad.ui.RegistrationTests@40a4337a]" started-at="2020-06-10T21:02:16 PDT" name="closeBrowser" finished-at="2020-06-10T21:02:17 PDT" duration-ms="1137" status="PASS">
          <params>
            <param index="0">
              <value>
                <![CDATA[[TestResult name=testRegistration1 status=FAILURE method=RegistrationTests.testRegistration1(java.lang.String, java.lang.String, java.lang.String, java.lang.String, java.lang.String, java.lang.String, java.lang.String, java.lang.String)[pri:5, instance:com.romanceabroad.ui.RegistrationTests@40a4337a] output={null}]]]>
              </value>
            </param>
          </params>
          <reporter-output>
          </reporter-output>
        </test-method> <!-- closeBrowser -->
        <test-method is-config="true" signature="setup(java.lang.String, java.lang.String, java.lang.String, java.lang.String, java.lang.String, java.lang.String, java.lang.reflect.Method, org.testng.ITestContext)[pri:0, instance:com.romanceabroad.ui.RegistrationTests@40a4337a]" started-at="2020-06-10T21:02:17 PDT" name="setup" finished-at="2020-06-10T21:02:20 PDT" duration-ms="2520" status="PASS">
          <params>
            <param index="0">
              <value>
                <![CDATA[chrome]]>
              </value>
            </param>
            <param index="1">
              <value>
                <![CDATA[web]]>
              </value>
            </param>
            <param index="2">
              <value>
                <![CDATA[Windows 10]]>
              </value>
            </param>
            <param index="3">
              <value>
                <![CDATA[59.0]]>
              </value>
            </param>
            <param index="4">
              <value is-null="true"/>
            </param>
            <param index="5">
              <value>
                <![CDATA[prod]]>
              </value>
            </param>
            <param index="6">
              <value>
                <![CDATA[public void com.romanceabroad.ui.RegistrationTests.testRegistration1(java.lang.String,java.lang.String,java.lang.String,java.lang.String,java.lang.String,java.lang.String,java.lang.String,java.lang.String)]]>
              </value>
            </param>
            <param index="7">
              <value>
                <![CDATA[org.testng.TestRunner@85d8054]]>
              </value>
            </param>
          </params>
          <reporter-output>
          </reporter-output>
        </test-method> <!-- setup -->
        <test-method signature="testRegistration1(java.lang.String, java.lang.String, java.lang.String, java.lang.String, java.lang.String, java.lang.String, java.lang.String, java.lang.String)[pri:5, instance:com.romanceabroad.ui.RegistrationTests@40a4337a]" started-at="2020-06-10T21:02:20 PDT" name="testRegistration1" data-provider="Registration" finished-at="2020-06-10T21:02:20 PDT" duration-ms="14" status="FAIL">
          <params>
            <param index="0">
              <value>
                <![CDATA[ya@yahoo.com]]>
              </value>
            </param>
            <param index="1">
              <value>
                <![CDATA[5678910]]>
              </value>
            </param>
            <param index="2">
              <value>
                <![CDATA[6507899090]]>
              </value>
            </param>
            <param index="3">
              <value>
                <![CDATA[Feb]]>
              </value>
            </param>
            <param index="4">
              <value>
                <![CDATA[18]]>
              </value>
            </param>
            <param index="5">
              <value>
                <![CDATA[1960]]>
              </value>
            </param>
            <param index="6">
              <value>
                <![CDATA[Boston]]>
              </value>
            </param>
            <param index="7">
              <value>
                <![CDATA[Massachusetts]]>
              </value>
            </param>
          </params>
          <exception class="org.openqa.selenium.NoSuchElementException">
            <message>
              <![CDATA[no such element: Unable to locate element: {"method":"xpath","selector":"//a[@href='https://romanceabroad.com/users/login_form']"}
  (Session info: chrome=83.0.4103.97)
For documentation on this error, please visit: https://www.seleniumhq.org/exceptions/no_such_element.html
Build info: version: '3.141.59', revision: 'e82be7d358', time: '2018-11-14T08:17:03'
System info: host: 'Anaras-MacBook-Pro.local', ip: '2601:647:4a00:ccf0:0:0:0:f5fd%en0', os.name: 'Mac OS X', os.arch: 'x86_64', os.version: '10.14.6', java.version: '11.0.5'
Driver info: org.openqa.selenium.chrome.ChromeDriver
Capabilities {acceptInsecureCerts: false, browserName: chrome, browserVersion: 83.0.4103.97, chrome: {chromedriverVersion: 83.0.4103.39 (ccbf011cb2d2b..., userDataDir: /var/folders/6y/hllg1rhd29j...}, goog:chromeOptions: {debuggerAddress: localhost:51625}, javascriptEnabled: true, networkConnectionEnabled: false, pageLoadStrategy: normal, platform: MAC, platformName: MAC, proxy: Proxy(), setWindowRect: true, strictFileInteractability: false, timeouts: {implicit: 0, pageLoad: 300000, script: 30000}, unhandledPromptBehavior: dismiss and notify, webauthn:virtualAuthenticators: true}
Session ID: 97db740a4b59328af6c95b0ecdcc63a9
*** Element info: {Using=xpath, value=//a[@href='https://romanceabroad.com/users/login_form']}]]>
            </message>
            <full-stacktrace>
              <![CDATA[org.openqa.selenium.NoSuchElementException: no such element: Unable to locate element: {"method":"xpath","selector":"//a[@href='https://romanceabroad.com/users/login_form']"}
  (Session info: chrome=83.0.4103.97)
For documentation on this error, please visit: https://www.seleniumhq.org/exceptions/no_such_element.html
Build info: version: '3.141.59', revision: 'e82be7d358', time: '2018-11-14T08:17:03'
System info: host: 'Anaras-MacBook-Pro.local', ip: '2601:647:4a00:ccf0:0:0:0:f5fd%en0', os.name: 'Mac OS X', os.arch: 'x86_64', os.version: '10.14.6', java.version: '11.0.5'
Driver info: org.openqa.selenium.chrome.ChromeDriver
Capabilities {acceptInsecureCerts: false, browserName: chrome, browserVersion: 83.0.4103.97, chrome: {chromedriverVersion: 83.0.4103.39 (ccbf011cb2d2b..., userDataDir: /var/folders/6y/hllg1rhd29j...}, goog:chromeOptions: {debuggerAddress: localhost:51625}, javascriptEnabled: true, networkConnectionEnabled: false, pageLoadStrategy: normal, platform: MAC, platformName: MAC, proxy: Proxy(), setWindowRect: true, strictFileInteractability: false, timeouts: {implicit: 0, pageLoad: 300000, script: 30000}, unhandledPromptBehavior: dismiss and notify, webauthn:virtualAuthenticators: true}
Session ID: 97db740a4b59328af6c95b0ecdcc63a9
*** Element info: {Using=xpath, value=//a[@href='https://romanceabroad.com/users/login_form']}
at java.base/jdk.internal.reflect.NativeConstructorAccessorImpl.newInstance0(Native Method)
at java.base/jdk.internal.reflect.NativeConstructorAccessorImpl.newInstance(NativeConstructorAccessorImpl.java:62)
at java.base/jdk.internal.reflect.DelegatingConstructorAccessorImpl.newInstance(DelegatingConstructorAccessorImpl.java:45)
at java.base/java.lang.reflect.Constructor.newInstance(Constructor.java:490)
at org.openqa.selenium.remote.http.W3CHttpResponseCodec.createException(W3CHttpResponseCodec.java:187)
at org.openqa.selenium.remote.http.W3CHttpResponseCodec.decode(W3CHttpResponseCodec.java:122)
at org.openqa.selenium.remote.http.W3CHttpResponseCodec.decode(W3CHttpResponseCodec.java:49)
at org.openqa.selenium.remote.HttpCommandExecutor.execute(HttpCommandExecutor.java:158)
at org.openqa.selenium.remote.service.DriverCommandExecutor.execute(DriverCommandExecutor.java:83)
at org.openqa.selenium.remote.RemoteWebDriver.execute(RemoteWebDriver.java:552)
at org.openqa.selenium.remote.RemoteWebDriver.findElement(RemoteWebDriver.java:323)
at org.openqa.selenium.remote.RemoteWebDriver.findElementByXPath(RemoteWebDriver.java:428)
at org.openqa.selenium.By$ByXPath.findElement(By.java:353)
at org.openqa.selenium.remote.RemoteWebDriver.findElement(RemoteWebDriver.java:315)
at com.romanceabroad.ui.SignInPage.openSignInPage(SignInPage.java:15)
at com.romanceabroad.ui.RegistrationTests.testRegistration1(RegistrationTests.java:131)
at java.base/jdk.internal.reflect.NativeMethodAccessorImpl.invoke0(Native Method)
at java.base/jdk.internal.reflect.NativeMethodAccessorImpl.invoke(NativeMethodAccessorImpl.java:62)
at java.base/jdk.internal.reflect.DelegatingMethodAccessorImpl.invoke(DelegatingMethodAccessorImpl.java:43)
at java.base/java.lang.reflect.Method.invoke(Method.java:566)
at org.testng.internal.MethodInvocationHelper.invokeMethod(MethodInvocationHelper.java:133)
at org.testng.internal.TestInvoker.invokeMethod(TestInvoker.java:584)
at org.testng.internal.TestInvoker.invokeTestMethod(TestInvoker.java:172)
at org.testng.internal.MethodRunner.runInSequence(MethodRunner.java:46)
at org.testng.internal.TestInvoker$MethodInvocationAgent.invoke(TestInvoker.java:804)
at org.testng.internal.TestInvoker.invokeTestMethods(TestInvoker.java:145)
at org.testng.internal.TestMethodWorker.invokeTestMethods(TestMethodWorker.java:146)
at org.testng.internal.TestMethodWorker.run(TestMethodWorker.java:128)
at java.base/java.util.ArrayList.forEach(ArrayList.java:1540)
at org.testng.TestRunner.privateRun(TestRunner.java:770)
at org.testng.TestRunner.run(TestRunner.java:591)
at org.testng.SuiteRunner.runTest(SuiteRunner.java:402)
at org.testng.SuiteRunner.access$000(SuiteRunner.java:41)
at org.testng.SuiteRunner$SuiteWorker.run(SuiteRunner.java:443)
at org.testng.internal.thread.ThreadUtil.lambda$execute$0(ThreadUtil.java:67)
at java.base/java.util.concurrent.FutureTask.run(FutureTask.java:264)
at java.base/java.util.concurrent.ThreadPoolExecutor.runWorker(ThreadPoolExecutor.java:1128)
at java.base/java.util.concurrent.ThreadPoolExecutor$Worker.run(ThreadPoolExecutor.java:628)
at java.base/java.lang.Thread.run(Thread.java:834)
]]>
            </full-stacktrace>
          </exception> <!-- org.openqa.selenium.NoSuchElementException -->
          <reporter-output>
          </reporter-output>
        </test-method> <!-- testRegistration1 -->
        <test-method is-config="true" signature="closeBrowser(org.testng.ITestResult)[pri:0, instance:com.romanceabroad.ui.RegistrationTests@40a4337a]" started-at="2020-06-10T21:02:20 PDT" name="closeBrowser" finished-at="2020-06-10T21:02:21 PDT" duration-ms="1319" status="PASS">
          <params>
            <param index="0">
              <value>
                <![CDATA[[TestResult name=testRegistration1 status=FAILURE method=RegistrationTests.testRegistration1(java.lang.String, java.lang.String, java.lang.String, java.lang.String, java.lang.String, java.lang.String, java.lang.String, java.lang.String)[pri:5, instance:com.romanceabroad.ui.RegistrationTests@40a4337a] output={null}]]]>
              </value>
            </param>
          </params>
          <reporter-output>
          </reporter-output>
        </test-method> <!-- closeBrowser -->
      </class> <!-- com.romanceabroad.ui.RegistrationTests -->
    </test> <!-- Chrome Test cases -->
    <test started-at="2020-06-10T21:02:02 PDT" name="Firefox test cases" finished-at="2020-06-10T21:03:15 PDT" duration-ms="72830">
      <class name="com.romanceabroad.ui.RegistrationTests">
        <test-method is-config="true" signature="setup(java.lang.String, java.lang.String, java.lang.String, java.lang.String, java.lang.String, java.lang.String, java.lang.reflect.Method, org.testng.ITestContext)[pri:0, instance:com.romanceabroad.ui.RegistrationTests@24269709]" started-at="2020-06-10T21:02:02 PDT" name="setup" finished-at="2020-06-10T21:02:11 PDT" duration-ms="9046" status="PASS">
          <params>
            <param index="0">
              <value>
                <![CDATA[Firefox]]>
              </value>
            </param>
            <param index="1">
              <value>
                <![CDATA[web]]>
              </value>
            </param>
            <param index="2">
              <value>
                <![CDATA[macOS 10.14]]>
              </value>
            </param>
            <param index="3">
              <value>
                <![CDATA[68.0]]>
              </value>
            </param>
            <param index="4">
              <value is-null="true"/>
            </param>
            <param index="5">
              <value>
                <![CDATA[qa]]>
              </value>
            </param>
            <param index="6">
              <value>
                <![CDATA[public static void com.romanceabroad.ui.RegistrationTests.testBoolean()]]>
              </value>
            </param>
            <param index="7">
              <value>
                <![CDATA[org.testng.TestRunner@25d168d8]]>
              </value>
            </param>
          </params>
          <reporter-output>
          </reporter-output>
        </test-method> <!-- setup -->
        <test-method signature="testBoolean()[pri:0, instance:com.romanceabroad.ui.RegistrationTests@24269709]" started-at="2020-06-10T21:02:11 PDT" name="testBoolean" finished-at="2020-06-10T21:02:11 PDT" duration-ms="1" status="PASS">
          <reporter-output>
          </reporter-output>
        </test-method> <!-- testBoolean -->
        <test-method is-config="true" signature="closeBrowser(org.testng.ITestResult)[pri:0, instance:com.romanceabroad.ui.RegistrationTests@24269709]" started-at="2020-06-10T21:02:11 PDT" name="closeBrowser" finished-at="2020-06-10T21:02:15 PDT" duration-ms="3762" status="PASS">
          <params>
            <param index="0">
              <value>
                <![CDATA[[TestResult name=testBoolean status=SUCCESS method=RegistrationTests.testBoolean()[pri:0, instance:com.romanceabroad.ui.RegistrationTests@24269709] output={null}]]]>
              </value>
            </param>
          </params>
          <reporter-output>
          </reporter-output>
        </test-method> <!-- closeBrowser -->
        <test-method is-config="true" signature="setup(java.lang.String, java.lang.String, java.lang.String, java.lang.String, java.lang.String, java.lang.String, java.lang.reflect.Method, org.testng.ITestContext)[pri:0, instance:com.romanceabroad.ui.RegistrationTests@24269709]" started-at="2020-06-10T21:02:15 PDT" name="setup" finished-at="2020-06-10T21:02:24 PDT" duration-ms="9259" status="PASS">
          <params>
            <param index="0">
              <value>
                <![CDATA[Firefox]]>
              </value>
            </param>
            <param index="1">
              <value>
                <![CDATA[web]]>
              </value>
            </param>
            <param index="2">
              <value>
                <![CDATA[macOS 10.14]]>
              </value>
            </param>
            <param index="3">
              <value>
                <![CDATA[68.0]]>
              </value>
            </param>
            <param index="4">
              <value is-null="true"/>
            </param>
            <param index="5">
              <value>
                <![CDATA[qa]]>
              </value>
            </param>
            <param index="6">
              <value>
                <![CDATA[public void com.romanceabroad.ui.RegistrationTests.testRegistrationForInvalidEmailTestCase31(java.lang.String,java.lang.String,boolean)]]>
              </value>
            </param>
            <param index="7">
              <value>
                <![CDATA[org.testng.TestRunner@25d168d8]]>
              </value>
            </param>
          </params>
          <reporter-output>
          </reporter-output>
        </test-method> <!-- setup -->
        <test-method signature="testRegistrationForInvalidEmailTestCase31(java.lang.String, java.lang.String, boolean)[pri:2, instance:com.romanceabroad.ui.RegistrationTests@24269709]" started-at="2020-06-10T21:02:24 PDT" name="testRegistrationForInvalidEmailTestCase31" data-provider="Registration3" finished-at="2020-06-10T21:02:25 PDT" duration-ms="548" status="PASS">
          <params>
            <param index="0">
              <value>
                <![CDATA[1]]>
              </value>
            </param>
            <param index="1">
              <value>
                <![CDATA[Nick81423]]>
              </value>
            </param>
            <param index="2">
              <value>
                <![CDATA[false]]>
              </value>
            </param>
          </params>
          <reporter-output>
          </reporter-output>
        </test-method> <!-- testRegistrationForInvalidEmailTestCase31 -->
        <test-method is-config="true" signature="closeBrowser(org.testng.ITestResult)[pri:0, instance:com.romanceabroad.ui.RegistrationTests@24269709]" started-at="2020-06-10T21:02:25 PDT" name="closeBrowser" finished-at="2020-06-10T21:02:28 PDT" duration-ms="3649" status="PASS">
          <params>
            <param index="0">
              <value>
                <![CDATA[[TestResult name=testRegistrationForInvalidEmailTestCase31 status=SUCCESS method=RegistrationTests.testRegistrationForInvalidEmailTestCase31(java.lang.String, java.lang.String, boolean)[pri:2, instance:com.romanceabroad.ui.RegistrationTests@24269709] output={null}]]]>
              </value>
            </param>
          </params>
          <reporter-output>
          </reporter-output>
        </test-method> <!-- closeBrowser -->
        <test-method is-config="true" signature="setup(java.lang.String, java.lang.String, java.lang.String, java.lang.String, java.lang.String, java.lang.String, java.lang.reflect.Method, org.testng.ITestContext)[pri:0, instance:com.romanceabroad.ui.RegistrationTests@24269709]" started-at="2020-06-10T21:02:28 PDT" name="setup" finished-at="2020-06-10T21:02:36 PDT" duration-ms="7482" status="PASS">
          <params>
            <param index="0">
              <value>
                <![CDATA[Firefox]]>
              </value>
            </param>
            <param index="1">
              <value>
                <![CDATA[web]]>
              </value>
            </param>
            <param index="2">
              <value>
                <![CDATA[macOS 10.14]]>
              </value>
            </param>
            <param index="3">
              <value>
                <![CDATA[68.0]]>
              </value>
            </param>
            <param index="4">
              <value is-null="true"/>
            </param>
            <param index="5">
              <value>
                <![CDATA[qa]]>
              </value>
            </param>
            <param index="6">
              <value>
                <![CDATA[public void com.romanceabroad.ui.RegistrationTests.testRegistrationForExistingUserTestCase32(java.lang.String,java.lang.String,boolean)]]>
              </value>
            </param>
            <param index="7">
              <value>
                <![CDATA[org.testng.TestRunner@25d168d8]]>
              </value>
            </param>
          </params>
          <reporter-output>
          </reporter-output>
        </test-method> <!-- setup -->
        <test-method signature="testRegistrationForExistingUserTestCase32(java.lang.String, java.lang.String, boolean)[pri:3, instance:com.romanceabroad.ui.RegistrationTests@24269709]" started-at="2020-06-10T21:02:36 PDT" name="testRegistrationForExistingUserTestCase32" data-provider="Registration4" finished-at="2020-06-10T21:02:37 PDT" duration-ms="1600" status="PASS">
          <params>
            <param index="0">
              <value>
                <![CDATA[imasheva.anara1@gmail.com]]>
              </value>
            </param>
            <param index="1">
              <value>
                <![CDATA[Nick81423]]>
              </value>
            </param>
            <param index="2">
              <value>
                <![CDATA[false]]>
              </value>
            </param>
          </params>
          <reporter-output>
          </reporter-output>
        </test-method> <!-- testRegistrationForExistingUserTestCase32 -->
        <test-method is-config="true" signature="closeBrowser(org.testng.ITestResult)[pri:0, instance:com.romanceabroad.ui.RegistrationTests@24269709]" started-at="2020-06-10T21:02:37 PDT" name="closeBrowser" finished-at="2020-06-10T21:02:40 PDT" duration-ms="2554" status="PASS">
          <params>
            <param index="0">
              <value>
                <![CDATA[[TestResult name=testRegistrationForExistingUserTestCase32 status=SUCCESS method=RegistrationTests.testRegistrationForExistingUserTestCase32(java.lang.String, java.lang.String, boolean)[pri:3, instance:com.romanceabroad.ui.RegistrationTests@24269709] output={null}]]]>
              </value>
            </param>
          </params>
          <reporter-output>
          </reporter-output>
        </test-method> <!-- closeBrowser -->
        <test-method is-config="true" signature="setup(java.lang.String, java.lang.String, java.lang.String, java.lang.String, java.lang.String, java.lang.String, java.lang.reflect.Method, org.testng.ITestContext)[pri:0, instance:com.romanceabroad.ui.RegistrationTests@24269709]" started-at="2020-06-10T21:02:40 PDT" name="setup" finished-at="2020-06-10T21:02:49 PDT" duration-ms="8469" status="PASS">
          <params>
            <param index="0">
              <value>
                <![CDATA[Firefox]]>
              </value>
            </param>
            <param index="1">
              <value>
                <![CDATA[web]]>
              </value>
            </param>
            <param index="2">
              <value>
                <![CDATA[macOS 10.14]]>
              </value>
            </param>
            <param index="3">
              <value>
                <![CDATA[68.0]]>
              </value>
            </param>
            <param index="4">
              <value is-null="true"/>
            </param>
            <param index="5">
              <value>
                <![CDATA[qa]]>
              </value>
            </param>
            <param index="6">
              <value>
                <![CDATA[public void com.romanceabroad.ui.RegistrationTests.testRegistration1(java.lang.String,java.lang.String,java.lang.String,java.lang.String,java.lang.String,java.lang.String,java.lang.String,java.lang.String)]]>
              </value>
            </param>
            <param index="7">
              <value>
                <![CDATA[org.testng.TestRunner@25d168d8]]>
              </value>
            </param>
          </params>
          <reporter-output>
          </reporter-output>
        </test-method> <!-- setup -->
        <test-method signature="testRegistration1(java.lang.String, java.lang.String, java.lang.String, java.lang.String, java.lang.String, java.lang.String, java.lang.String, java.lang.String)[pri:5, instance:com.romanceabroad.ui.RegistrationTests@24269709]" started-at="2020-06-10T21:02:49 PDT" name="testRegistration1" data-provider="Registration" finished-at="2020-06-10T21:02:55 PDT" duration-ms="6580" status="PASS">
          <params>
            <param index="0">
              <value>
                <![CDATA[imashva@gmail.com]]>
              </value>
            </param>
            <param index="1">
              <value>
                <![CDATA[123456]]>
              </value>
            </param>
            <param index="2">
              <value>
                <![CDATA[6197247589]]>
              </value>
            </param>
            <param index="3">
              <value>
                <![CDATA[Jun]]>
              </value>
            </param>
            <param index="4">
              <value>
                <![CDATA[18]]>
              </value>
            </param>
            <param index="5">
              <value>
                <![CDATA[1985]]>
              </value>
            </param>
            <param index="6">
              <value>
                <![CDATA[Sydney]]>
              </value>
            </param>
            <param index="7">
              <value>
                <![CDATA[State of New South Wales]]>
              </value>
            </param>
          </params>
          <reporter-output>
          </reporter-output>
        </test-method> <!-- testRegistration1 -->
        <test-method is-config="true" signature="closeBrowser(org.testng.ITestResult)[pri:0, instance:com.romanceabroad.ui.RegistrationTests@24269709]" started-at="2020-06-10T21:02:55 PDT" name="closeBrowser" finished-at="2020-06-10T21:02:58 PDT" duration-ms="2539" status="PASS">
          <params>
            <param index="0">
              <value>
                <![CDATA[[TestResult name=testRegistration1 status=SUCCESS method=RegistrationTests.testRegistration1(java.lang.String, java.lang.String, java.lang.String, java.lang.String, java.lang.String, java.lang.String, java.lang.String, java.lang.String)[pri:5, instance:com.romanceabroad.ui.RegistrationTests@24269709] output={null}]]]>
              </value>
            </param>
          </params>
          <reporter-output>
          </reporter-output>
        </test-method> <!-- closeBrowser -->
        <test-method is-config="true" signature="setup(java.lang.String, java.lang.String, java.lang.String, java.lang.String, java.lang.String, java.lang.String, java.lang.reflect.Method, org.testng.ITestContext)[pri:0, instance:com.romanceabroad.ui.RegistrationTests@24269709]" started-at="2020-06-10T21:02:58 PDT" name="setup" finished-at="2020-06-10T21:03:05 PDT" duration-ms="7588" status="PASS">
          <params>
            <param index="0">
              <value>
                <![CDATA[Firefox]]>
              </value>
            </param>
            <param index="1">
              <value>
                <![CDATA[web]]>
              </value>
            </param>
            <param index="2">
              <value>
                <![CDATA[macOS 10.14]]>
              </value>
            </param>
            <param index="3">
              <value>
                <![CDATA[68.0]]>
              </value>
            </param>
            <param index="4">
              <value is-null="true"/>
            </param>
            <param index="5">
              <value>
                <![CDATA[qa]]>
              </value>
            </param>
            <param index="6">
              <value>
                <![CDATA[public void com.romanceabroad.ui.RegistrationTests.testRegistration1(java.lang.String,java.lang.String,java.lang.String,java.lang.String,java.lang.String,java.lang.String,java.lang.String,java.lang.String)]]>
              </value>
            </param>
            <param index="7">
              <value>
                <![CDATA[org.testng.TestRunner@25d168d8]]>
              </value>
            </param>
          </params>
          <reporter-output>
          </reporter-output>
        </test-method> <!-- setup -->
        <test-method signature="testRegistration1(java.lang.String, java.lang.String, java.lang.String, java.lang.String, java.lang.String, java.lang.String, java.lang.String, java.lang.String)[pri:5, instance:com.romanceabroad.ui.RegistrationTests@24269709]" started-at="2020-06-10T21:03:05 PDT" name="testRegistration1" data-provider="Registration" finished-at="2020-06-10T21:03:11 PDT" duration-ms="6133" status="PASS">
          <params>
            <param index="0">
              <value>
                <![CDATA[ya@yahoo.com]]>
              </value>
            </param>
            <param index="1">
              <value>
                <![CDATA[5678910]]>
              </value>
            </param>
            <param index="2">
              <value>
                <![CDATA[6507899090]]>
              </value>
            </param>
            <param index="3">
              <value>
                <![CDATA[Feb]]>
              </value>
            </param>
            <param index="4">
              <value>
                <![CDATA[18]]>
              </value>
            </param>
            <param index="5">
              <value>
                <![CDATA[1960]]>
              </value>
            </param>
            <param index="6">
              <value>
                <![CDATA[Boston]]>
              </value>
            </param>
            <param index="7">
              <value>
                <![CDATA[Massachusetts]]>
              </value>
            </param>
          </params>
          <reporter-output>
          </reporter-output>
        </test-method> <!-- testRegistration1 -->
        <test-method is-config="true" signature="closeBrowser(org.testng.ITestResult)[pri:0, instance:com.romanceabroad.ui.RegistrationTests@24269709]" started-at="2020-06-10T21:03:11 PDT" name="closeBrowser" finished-at="2020-06-10T21:03:15 PDT" duration-ms="3588" status="PASS">
          <params>
            <param index="0">
              <value>
                <![CDATA[[TestResult name=testRegistration1 status=SUCCESS method=RegistrationTests.testRegistration1(java.lang.String, java.lang.String, java.lang.String, java.lang.String, java.lang.String, java.lang.String, java.lang.String, java.lang.String)[pri:5, instance:com.romanceabroad.ui.RegistrationTests@24269709] output={null}]]]>
              </value>
            </param>
          </params>
          <reporter-output>
          </reporter-output>
        </test-method> <!-- closeBrowser -->
      </class> <!-- com.romanceabroad.ui.RegistrationTests -->
    </test> <!-- Firefox test cases -->
  </suite> <!-- Web TestSuite -->
  <suite started-at="2020-06-10T21:03:15 PDT" name="Mobile Test Suite" finished-at="2020-06-10T21:14:52 PDT" duration-ms="697284">
    <groups>
      <group name="admin">
        <method signature="PrettyWomenTest.searchDifferentResultsTestCase30(java.lang.String, java.lang.String, java.lang.String)[pri:6, instance:com.romanceabroad.ui.PrettyWomenTest@d35dea7]" name="searchDifferentResultsTestCase30" class="com.romanceabroad.ui.PrettyWomenTest"/>
        <method signature="PrettyWomenTest.selectDropDownListByAgeMinTestCase7()[pri:5, instance:com.romanceabroad.ui.PrettyWomenTest@d35dea7]" name="selectDropDownListByAgeMinTestCase7" class="com.romanceabroad.ui.PrettyWomenTest"/>
        <method signature="PrettyWomenTest.selectRandomDropDownListTestCase6(org.testng.ITestContext)[pri:4, instance:com.romanceabroad.ui.PrettyWomenTest@d35dea7]" name="selectRandomDropDownListTestCase6" class="com.romanceabroad.ui.PrettyWomenTest"/>
        <method signature="PrettyWomenTest.testDropDownViewOptionsTestCase5()[pri:3, instance:com.romanceabroad.ui.PrettyWomenTest@d35dea7]" name="testDropDownViewOptionsTestCase5" class="com.romanceabroad.ui.PrettyWomenTest"/>
        <method signature="PrettyWomenTest.testFooter(java.lang.String)[pri:8, instance:com.romanceabroad.ui.PrettyWomenTest@d35dea7]" name="testFooter" class="com.romanceabroad.ui.PrettyWomenTest"/>
        <method signature="PrettyWomenTest.testPrettyWomenPageTestCase3()[pri:1, instance:com.romanceabroad.ui.PrettyWomenTest@d35dea7]" name="testPrettyWomenPageTestCase3" class="com.romanceabroad.ui.PrettyWomenTest"/>
        <method signature="PrettyWomenTest.testSearchByAgeTestCase4()[pri:2, instance:com.romanceabroad.ui.PrettyWomenTest@d35dea7]" name="testSearchByAgeTestCase4" class="com.romanceabroad.ui.PrettyWomenTest"/>
        <method signature="PrettyWomenTest.testUserProfile(java.lang.String, java.lang.String, java.lang.String, java.lang.String)[pri:7, instance:com.romanceabroad.ui.PrettyWomenTest@d35dea7]" name="testUserProfile" class="com.romanceabroad.ui.PrettyWomenTest"/>
        <method signature="RegistrationTests.testRegistration1(java.lang.String, java.lang.String, java.lang.String, java.lang.String, java.lang.String, java.lang.String, java.lang.String, java.lang.String)[pri:5, instance:com.romanceabroad.ui.RegistrationTests@7bedc48a]" name="testRegistration1" class="com.romanceabroad.ui.RegistrationTests"/>
        <method signature="RegistrationTests.testRegistrationForExistingUserTestCase32(java.lang.String, java.lang.String, boolean)[pri:3, instance:com.romanceabroad.ui.RegistrationTests@7bedc48a]" name="testRegistrationForExistingUserTestCase32" class="com.romanceabroad.ui.RegistrationTests"/>
        <method signature="RegistrationTests.testRegistrationForInvalidEmailTestCase31(java.lang.String, java.lang.String, boolean)[pri:2, instance:com.romanceabroad.ui.RegistrationTests@7bedc48a]" name="testRegistrationForInvalidEmailTestCase31" class="com.romanceabroad.ui.RegistrationTests"/>
        <method signature="RegistrationTests.testRegistration1(java.lang.String, java.lang.String, java.lang.String, java.lang.String, java.lang.String, java.lang.String, java.lang.String, java.lang.String)[pri:5, instance:com.romanceabroad.ui.RegistrationTests@70325e14]" name="testRegistration1" class="com.romanceabroad.ui.RegistrationTests"/>
        <method signature="RegistrationTests.testRegistrationForExistingUserTestCase32(java.lang.String, java.lang.String, boolean)[pri:3, instance:com.romanceabroad.ui.RegistrationTests@70325e14]" name="testRegistrationForExistingUserTestCase32" class="com.romanceabroad.ui.RegistrationTests"/>
        <method signature="RegistrationTests.testRegistrationForInvalidEmailTestCase31(java.lang.String, java.lang.String, boolean)[pri:2, instance:com.romanceabroad.ui.RegistrationTests@70325e14]" name="testRegistrationForInvalidEmailTestCase31" class="com.romanceabroad.ui.RegistrationTests"/>
        <method signature="RegistrationTests.testRegistration1(java.lang.String, java.lang.String, java.lang.String, java.lang.String, java.lang.String, java.lang.String, java.lang.String, java.lang.String)[pri:5, instance:com.romanceabroad.ui.RegistrationTests@69453e37]" name="testRegistration1" class="com.romanceabroad.ui.RegistrationTests"/>
        <method signature="RegistrationTests.testRegistrationForExistingUserTestCase32(java.lang.String, java.lang.String, boolean)[pri:3, instance:com.romanceabroad.ui.RegistrationTests@69453e37]" name="testRegistrationForExistingUserTestCase32" class="com.romanceabroad.ui.RegistrationTests"/>
        <method signature="RegistrationTests.testRegistrationForInvalidEmailTestCase31(java.lang.String, java.lang.String, boolean)[pri:2, instance:com.romanceabroad.ui.RegistrationTests@69453e37]" name="testRegistrationForInvalidEmailTestCase31" class="com.romanceabroad.ui.RegistrationTests"/>
        <method signature="RegistrationTests.testRegistration1(java.lang.String, java.lang.String, java.lang.String, java.lang.String, java.lang.String, java.lang.String, java.lang.String, java.lang.String)[pri:5, instance:com.romanceabroad.ui.RegistrationTests@43c1b556]" name="testRegistration1" class="com.romanceabroad.ui.RegistrationTests"/>
        <method signature="RegistrationTests.testRegistrationForExistingUserTestCase32(java.lang.String, java.lang.String, boolean)[pri:3, instance:com.romanceabroad.ui.RegistrationTests@43c1b556]" name="testRegistrationForExistingUserTestCase32" class="com.romanceabroad.ui.RegistrationTests"/>
        <method signature="RegistrationTests.testRegistrationForInvalidEmailTestCase31(java.lang.String, java.lang.String, boolean)[pri:2, instance:com.romanceabroad.ui.RegistrationTests@43c1b556]" name="testRegistrationForInvalidEmailTestCase31" class="com.romanceabroad.ui.RegistrationTests"/>
      </group> <!-- admin -->
      <group name="user">
        <method signature="PrettyWomenTest.searchDifferentResultsTestCase30(java.lang.String, java.lang.String, java.lang.String)[pri:6, instance:com.romanceabroad.ui.PrettyWomenTest@d35dea7]" name="searchDifferentResultsTestCase30" class="com.romanceabroad.ui.PrettyWomenTest"/>
        <method signature="PrettyWomenTest.selectDropDownListByAgeMinTestCase7()[pri:5, instance:com.romanceabroad.ui.PrettyWomenTest@d35dea7]" name="selectDropDownListByAgeMinTestCase7" class="com.romanceabroad.ui.PrettyWomenTest"/>
        <method signature="PrettyWomenTest.selectRandomDropDownListTestCase6(org.testng.ITestContext)[pri:4, instance:com.romanceabroad.ui.PrettyWomenTest@d35dea7]" name="selectRandomDropDownListTestCase6" class="com.romanceabroad.ui.PrettyWomenTest"/>
        <method signature="PrettyWomenTest.testDropDownViewOptionsTestCase5()[pri:3, instance:com.romanceabroad.ui.PrettyWomenTest@d35dea7]" name="testDropDownViewOptionsTestCase5" class="com.romanceabroad.ui.PrettyWomenTest"/>
        <method signature="PrettyWomenTest.testFooter(java.lang.String)[pri:8, instance:com.romanceabroad.ui.PrettyWomenTest@d35dea7]" name="testFooter" class="com.romanceabroad.ui.PrettyWomenTest"/>
        <method signature="PrettyWomenTest.testPrettyWomenPageTestCase3()[pri:1, instance:com.romanceabroad.ui.PrettyWomenTest@d35dea7]" name="testPrettyWomenPageTestCase3" class="com.romanceabroad.ui.PrettyWomenTest"/>
        <method signature="PrettyWomenTest.testSearchByAgeTestCase4()[pri:2, instance:com.romanceabroad.ui.PrettyWomenTest@d35dea7]" name="testSearchByAgeTestCase4" class="com.romanceabroad.ui.PrettyWomenTest"/>
        <method signature="PrettyWomenTest.testUserProfile(java.lang.String, java.lang.String, java.lang.String, java.lang.String)[pri:7, instance:com.romanceabroad.ui.PrettyWomenTest@d35dea7]" name="testUserProfile" class="com.romanceabroad.ui.PrettyWomenTest"/>
        <method signature="RegistrationTests.testRegistration1(java.lang.String, java.lang.String, java.lang.String, java.lang.String, java.lang.String, java.lang.String, java.lang.String, java.lang.String)[pri:5, instance:com.romanceabroad.ui.RegistrationTests@7bedc48a]" name="testRegistration1" class="com.romanceabroad.ui.RegistrationTests"/>
        <method signature="RegistrationTests.testRegistrationForExistingUserTestCase32(java.lang.String, java.lang.String, boolean)[pri:3, instance:com.romanceabroad.ui.RegistrationTests@7bedc48a]" name="testRegistrationForExistingUserTestCase32" class="com.romanceabroad.ui.RegistrationTests"/>
        <method signature="RegistrationTests.testRegistrationForInvalidEmailTestCase31(java.lang.String, java.lang.String, boolean)[pri:2, instance:com.romanceabroad.ui.RegistrationTests@7bedc48a]" name="testRegistrationForInvalidEmailTestCase31" class="com.romanceabroad.ui.RegistrationTests"/>
        <method signature="RegistrationTests.testRegistration1(java.lang.String, java.lang.String, java.lang.String, java.lang.String, java.lang.String, java.lang.String, java.lang.String, java.lang.String)[pri:5, instance:com.romanceabroad.ui.RegistrationTests@70325e14]" name="testRegistration1" class="com.romanceabroad.ui.RegistrationTests"/>
        <method signature="RegistrationTests.testRegistrationForExistingUserTestCase32(java.lang.String, java.lang.String, boolean)[pri:3, instance:com.romanceabroad.ui.RegistrationTests@70325e14]" name="testRegistrationForExistingUserTestCase32" class="com.romanceabroad.ui.RegistrationTests"/>
        <method signature="RegistrationTests.testRegistrationForInvalidEmailTestCase31(java.lang.String, java.lang.String, boolean)[pri:2, instance:com.romanceabroad.ui.RegistrationTests@70325e14]" name="testRegistrationForInvalidEmailTestCase31" class="com.romanceabroad.ui.RegistrationTests"/>
        <method signature="RegistrationTests.testRegistration1(java.lang.String, java.lang.String, java.lang.String, java.lang.String, java.lang.String, java.lang.String, java.lang.String, java.lang.String)[pri:5, instance:com.romanceabroad.ui.RegistrationTests@69453e37]" name="testRegistration1" class="com.romanceabroad.ui.RegistrationTests"/>
        <method signature="RegistrationTests.testRegistrationForExistingUserTestCase32(java.lang.String, java.lang.String, boolean)[pri:3, instance:com.romanceabroad.ui.RegistrationTests@69453e37]" name="testRegistrationForExistingUserTestCase32" class="com.romanceabroad.ui.RegistrationTests"/>
        <method signature="RegistrationTests.testRegistrationForInvalidEmailTestCase31(java.lang.String, java.lang.String, boolean)[pri:2, instance:com.romanceabroad.ui.RegistrationTests@69453e37]" name="testRegistrationForInvalidEmailTestCase31" class="com.romanceabroad.ui.RegistrationTests"/>
        <method signature="RegistrationTests.testRegistration1(java.lang.String, java.lang.String, java.lang.String, java.lang.String, java.lang.String, java.lang.String, java.lang.String, java.lang.String)[pri:5, instance:com.romanceabroad.ui.RegistrationTests@43c1b556]" name="testRegistration1" class="com.romanceabroad.ui.RegistrationTests"/>
        <method signature="RegistrationTests.testRegistrationForExistingUserTestCase32(java.lang.String, java.lang.String, boolean)[pri:3, instance:com.romanceabroad.ui.RegistrationTests@43c1b556]" name="testRegistrationForExistingUserTestCase32" class="com.romanceabroad.ui.RegistrationTests"/>
        <method signature="RegistrationTests.testRegistrationForInvalidEmailTestCase31(java.lang.String, java.lang.String, boolean)[pri:2, instance:com.romanceabroad.ui.RegistrationTests@43c1b556]" name="testRegistrationForInvalidEmailTestCase31" class="com.romanceabroad.ui.RegistrationTests"/>
      </group> <!-- user -->
    </groups>
    <test started-at="2020-06-10T21:03:15 PDT" name="Galaxy S5 test cases" finished-at="2020-06-10T21:11:24 PDT" duration-ms="488744">
      <class name="com.romanceabroad.ui.PrettyWomenTest">
        <test-method is-config="true" signature="setup(java.lang.String, java.lang.String, java.lang.String, java.lang.String, java.lang.String, java.lang.String, java.lang.reflect.Method, org.testng.ITestContext)[pri:0, instance:com.romanceabroad.ui.PrettyWomenTest@d35dea7]" started-at="2020-06-10T21:03:15 PDT" name="setup" finished-at="2020-06-10T21:03:19 PDT" duration-ms="4225" status="PASS">
          <params>
            <param index="0">
              <value>
                <![CDATA[chrome]]>
              </value>
            </param>
            <param index="1">
              <value>
                <![CDATA[web]]>
              </value>
            </param>
            <param index="2">
              <value is-null="true"/>
            </param>
            <param index="3">
              <value is-null="true"/>
            </param>
            <param index="4">
              <value>
                <![CDATA[Galaxy S5]]>
              </value>
            </param>
            <param index="5">
              <value>
                <![CDATA[qa]]>
              </value>
            </param>
            <param index="6">
              <value>
                <![CDATA[public void com.romanceabroad.ui.PrettyWomenTest.testSplit()]]>
              </value>
            </param>
            <param index="7">
              <value>
                <![CDATA[org.testng.TestRunner@56f0cc85]]>
              </value>
            </param>
          </params>
          <reporter-output>
          </reporter-output>
        </test-method> <!-- setup -->
        <test-method signature="testSplit()[pri:0, instance:com.romanceabroad.ui.PrettyWomenTest@d35dea7]" started-at="2020-06-10T21:03:19 PDT" name="testSplit" finished-at="2020-06-10T21:03:19 PDT" duration-ms="0" status="PASS">
          <reporter-output>
          </reporter-output>
        </test-method> <!-- testSplit -->
        <test-method is-config="true" signature="closeBrowser(org.testng.ITestResult)[pri:0, instance:com.romanceabroad.ui.PrettyWomenTest@d35dea7]" started-at="2020-06-10T21:03:19 PDT" name="closeBrowser" finished-at="2020-06-10T21:03:19 PDT" duration-ms="118" status="PASS">
          <params>
            <param index="0">
              <value>
                <![CDATA[[TestResult name=testSplit status=SUCCESS method=PrettyWomenTest.testSplit()[pri:0, instance:com.romanceabroad.ui.PrettyWomenTest@d35dea7] output={null}]]]>
              </value>
            </param>
          </params>
          <reporter-output>
          </reporter-output>
        </test-method> <!-- closeBrowser -->
        <test-method is-config="true" signature="setup(java.lang.String, java.lang.String, java.lang.String, java.lang.String, java.lang.String, java.lang.String, java.lang.reflect.Method, org.testng.ITestContext)[pri:0, instance:com.romanceabroad.ui.PrettyWomenTest@d35dea7]" started-at="2020-06-10T21:03:19 PDT" name="setup" finished-at="2020-06-10T21:03:25 PDT" duration-ms="5228" status="PASS">
          <params>
            <param index="0">
              <value>
                <![CDATA[chrome]]>
              </value>
            </param>
            <param index="1">
              <value>
                <![CDATA[web]]>
              </value>
            </param>
            <param index="2">
              <value is-null="true"/>
            </param>
            <param index="3">
              <value is-null="true"/>
            </param>
            <param index="4">
              <value>
                <![CDATA[Galaxy S5]]>
              </value>
            </param>
            <param index="5">
              <value>
                <![CDATA[qa]]>
              </value>
            </param>
            <param index="6">
              <value>
                <![CDATA[public void com.romanceabroad.ui.PrettyWomenTest.testPrettyWomenPageTestCase3()]]>
              </value>
            </param>
            <param index="7">
              <value>
                <![CDATA[org.testng.TestRunner@56f0cc85]]>
              </value>
            </param>
          </params>
          <reporter-output>
          </reporter-output>
        </test-method> <!-- setup -->
        <test-method signature="testPrettyWomenPageTestCase3()[pri:1, instance:com.romanceabroad.ui.PrettyWomenTest@d35dea7]" started-at="2020-06-10T21:03:25 PDT" name="testPrettyWomenPageTestCase3" finished-at="2020-06-10T21:03:33 PDT" duration-ms="8270" status="PASS">
          <reporter-output>
          </reporter-output>
        </test-method> <!-- testPrettyWomenPageTestCase3 -->
        <test-method is-config="true" signature="closeBrowser(org.testng.ITestResult)[pri:0, instance:com.romanceabroad.ui.PrettyWomenTest@d35dea7]" started-at="2020-06-10T21:03:33 PDT" name="closeBrowser" finished-at="2020-06-10T21:03:33 PDT" duration-ms="120" status="PASS">
          <params>
            <param index="0">
              <value>
                <![CDATA[[TestResult name=testPrettyWomenPageTestCase3 status=SUCCESS method=PrettyWomenTest.testPrettyWomenPageTestCase3()[pri:1, instance:com.romanceabroad.ui.PrettyWomenTest@d35dea7] output={null}]]]>
              </value>
            </param>
          </params>
          <reporter-output>
          </reporter-output>
        </test-method> <!-- closeBrowser -->
        <test-method is-config="true" signature="setup(java.lang.String, java.lang.String, java.lang.String, java.lang.String, java.lang.String, java.lang.String, java.lang.reflect.Method, org.testng.ITestContext)[pri:0, instance:com.romanceabroad.ui.PrettyWomenTest@d35dea7]" started-at="2020-06-10T21:03:33 PDT" name="setup" finished-at="2020-06-10T21:03:37 PDT" duration-ms="3822" status="PASS">
          <params>
            <param index="0">
              <value>
                <![CDATA[chrome]]>
              </value>
            </param>
            <param index="1">
              <value>
                <![CDATA[web]]>
              </value>
            </param>
            <param index="2">
              <value is-null="true"/>
            </param>
            <param index="3">
              <value is-null="true"/>
            </param>
            <param index="4">
              <value>
                <![CDATA[Galaxy S5]]>
              </value>
            </param>
            <param index="5">
              <value>
                <![CDATA[qa]]>
              </value>
            </param>
            <param index="6">
              <value>
                <![CDATA[public void com.romanceabroad.ui.PrettyWomenTest.testSearchByAgeTestCase4()]]>
              </value>
            </param>
            <param index="7">
              <value>
                <![CDATA[org.testng.TestRunner@56f0cc85]]>
              </value>
            </param>
          </params>
          <reporter-output>
          </reporter-output>
        </test-method> <!-- setup -->
        <test-method signature="testSearchByAgeTestCase4()[pri:2, instance:com.romanceabroad.ui.PrettyWomenTest@d35dea7]" started-at="2020-06-10T21:03:37 PDT" name="testSearchByAgeTestCase4" finished-at="2020-06-10T21:03:43 PDT" duration-ms="5722" status="PASS">
          <reporter-output>
          </reporter-output>
        </test-method> <!-- testSearchByAgeTestCase4 -->
        <test-method is-config="true" signature="closeBrowser(org.testng.ITestResult)[pri:0, instance:com.romanceabroad.ui.PrettyWomenTest@d35dea7]" started-at="2020-06-10T21:03:43 PDT" name="closeBrowser" finished-at="2020-06-10T21:03:43 PDT" duration-ms="122" status="PASS">
          <params>
            <param index="0">
              <value>
                <![CDATA[[TestResult name=testSearchByAgeTestCase4 status=SUCCESS method=PrettyWomenTest.testSearchByAgeTestCase4()[pri:2, instance:com.romanceabroad.ui.PrettyWomenTest@d35dea7] output={null}]]]>
              </value>
            </param>
          </params>
          <reporter-output>
          </reporter-output>
        </test-method> <!-- closeBrowser -->
        <test-method is-config="true" signature="setup(java.lang.String, java.lang.String, java.lang.String, java.lang.String, java.lang.String, java.lang.String, java.lang.reflect.Method, org.testng.ITestContext)[pri:0, instance:com.romanceabroad.ui.PrettyWomenTest@d35dea7]" started-at="2020-06-10T21:03:43 PDT" name="setup" finished-at="2020-06-10T21:03:47 PDT" duration-ms="4162" status="PASS">
          <params>
            <param index="0">
              <value>
                <![CDATA[chrome]]>
              </value>
            </param>
            <param index="1">
              <value>
                <![CDATA[web]]>
              </value>
            </param>
            <param index="2">
              <value is-null="true"/>
            </param>
            <param index="3">
              <value is-null="true"/>
            </param>
            <param index="4">
              <value>
                <![CDATA[Galaxy S5]]>
              </value>
            </param>
            <param index="5">
              <value>
                <![CDATA[qa]]>
              </value>
            </param>
            <param index="6">
              <value>
                <![CDATA[public void com.romanceabroad.ui.PrettyWomenTest.testDropDownViewOptionsTestCase5()]]>
              </value>
            </param>
            <param index="7">
              <value>
                <![CDATA[org.testng.TestRunner@56f0cc85]]>
              </value>
            </param>
          </params>
          <reporter-output>
          </reporter-output>
        </test-method> <!-- setup -->
        <test-method signature="testDropDownViewOptionsTestCase5()[pri:3, instance:com.romanceabroad.ui.PrettyWomenTest@d35dea7]" started-at="2020-06-10T21:03:47 PDT" name="testDropDownViewOptionsTestCase5" finished-at="2020-06-10T21:03:53 PDT" duration-ms="6456" status="PASS">
          <reporter-output>
          </reporter-output>
        </test-method> <!-- testDropDownViewOptionsTestCase5 -->
        <test-method is-config="true" signature="closeBrowser(org.testng.ITestResult)[pri:0, instance:com.romanceabroad.ui.PrettyWomenTest@d35dea7]" started-at="2020-06-10T21:03:53 PDT" name="closeBrowser" finished-at="2020-06-10T21:03:53 PDT" duration-ms="121" status="PASS">
          <params>
            <param index="0">
              <value>
                <![CDATA[[TestResult name=testDropDownViewOptionsTestCase5 status=SUCCESS method=PrettyWomenTest.testDropDownViewOptionsTestCase5()[pri:3, instance:com.romanceabroad.ui.PrettyWomenTest@d35dea7] output={null}]]]>
              </value>
            </param>
          </params>
          <reporter-output>
          </reporter-output>
        </test-method> <!-- closeBrowser -->
        <test-method is-config="true" signature="setup(java.lang.String, java.lang.String, java.lang.String, java.lang.String, java.lang.String, java.lang.String, java.lang.reflect.Method, org.testng.ITestContext)[pri:0, instance:com.romanceabroad.ui.PrettyWomenTest@d35dea7]" started-at="2020-06-10T21:03:53 PDT" name="setup" finished-at="2020-06-10T21:03:59 PDT" duration-ms="5367" status="PASS">
          <params>
            <param index="0">
              <value>
                <![CDATA[chrome]]>
              </value>
            </param>
            <param index="1">
              <value>
                <![CDATA[web]]>
              </value>
            </param>
            <param index="2">
              <value is-null="true"/>
            </param>
            <param index="3">
              <value is-null="true"/>
            </param>
            <param index="4">
              <value>
                <![CDATA[Galaxy S5]]>
              </value>
            </param>
            <param index="5">
              <value>
                <![CDATA[qa]]>
              </value>
            </param>
            <param index="6">
              <value>
                <![CDATA[public void com.romanceabroad.ui.PrettyWomenTest.selectRandomDropDownListTestCase6(org.testng.ITestContext)]]>
              </value>
            </param>
            <param index="7">
              <value>
                <![CDATA[org.testng.TestRunner@56f0cc85]]>
              </value>
            </param>
          </params>
          <reporter-output>
          </reporter-output>
        </test-method> <!-- setup -->
        <test-method signature="selectRandomDropDownListTestCase6(org.testng.ITestContext)[pri:4, instance:com.romanceabroad.ui.PrettyWomenTest@d35dea7]" started-at="2020-06-10T21:03:59 PDT" name="selectRandomDropDownListTestCase6" finished-at="2020-06-10T21:03:59 PDT" duration-ms="35" status="FAIL">
          <params>
            <param index="0">
              <value>
                <![CDATA[org.testng.TestRunner@56f0cc85]]>
              </value>
            </param>
          </params>
          <exception class="org.openqa.selenium.ElementNotInteractableException">
            <message>
              <![CDATA[element not interactable
  (Session info: chrome=83.0.4103.97)
Build info: version: '3.141.59', revision: 'e82be7d358', time: '2018-11-14T08:17:03'
System info: host: 'Anaras-MacBook-Pro.local', ip: '2601:647:4a00:ccf0:0:0:0:f5fd%en0', os.name: 'Mac OS X', os.arch: 'x86_64', os.version: '10.14.6', java.version: '11.0.5'
Driver info: org.openqa.selenium.chrome.ChromeDriver
Capabilities {acceptInsecureCerts: false, browserName: chrome, browserVersion: 83.0.4103.97, chrome: {chromedriverVersion: 83.0.4103.39 (ccbf011cb2d2b..., userDataDir: /var/folders/6y/hllg1rhd29j...}, goog:chromeOptions: {debuggerAddress: localhost:52804}, javascriptEnabled: true, networkConnectionEnabled: false, pageLoadStrategy: normal, platform: MAC, platformName: MAC, proxy: Proxy(), setWindowRect: true, strictFileInteractability: false, timeouts: {implicit: 0, pageLoad: 300000, script: 30000}, unhandledPromptBehavior: dismiss and notify, webauthn:virtualAuthenticators: true}
Session ID: b448b785f56b329f4ceb4000f70f3540]]>
            </message>
            <full-stacktrace>
              <![CDATA[org.openqa.selenium.ElementNotInteractableException: element not interactable
  (Session info: chrome=83.0.4103.97)
Build info: version: '3.141.59', revision: 'e82be7d358', time: '2018-11-14T08:17:03'
System info: host: 'Anaras-MacBook-Pro.local', ip: '2601:647:4a00:ccf0:0:0:0:f5fd%en0', os.name: 'Mac OS X', os.arch: 'x86_64', os.version: '10.14.6', java.version: '11.0.5'
Driver info: org.openqa.selenium.chrome.ChromeDriver
Capabilities {acceptInsecureCerts: false, browserName: chrome, browserVersion: 83.0.4103.97, chrome: {chromedriverVersion: 83.0.4103.39 (ccbf011cb2d2b..., userDataDir: /var/folders/6y/hllg1rhd29j...}, goog:chromeOptions: {debuggerAddress: localhost:52804}, javascriptEnabled: true, networkConnectionEnabled: false, pageLoadStrategy: normal, platform: MAC, platformName: MAC, proxy: Proxy(), setWindowRect: true, strictFileInteractability: false, timeouts: {implicit: 0, pageLoad: 300000, script: 30000}, unhandledPromptBehavior: dismiss and notify, webauthn:virtualAuthenticators: true}
Session ID: b448b785f56b329f4ceb4000f70f3540
at java.base/jdk.internal.reflect.NativeConstructorAccessorImpl.newInstance0(Native Method)
at java.base/jdk.internal.reflect.NativeConstructorAccessorImpl.newInstance(NativeConstructorAccessorImpl.java:62)
at java.base/jdk.internal.reflect.DelegatingConstructorAccessorImpl.newInstance(DelegatingConstructorAccessorImpl.java:45)
at java.base/java.lang.reflect.Constructor.newInstance(Constructor.java:490)
at org.openqa.selenium.remote.http.W3CHttpResponseCodec.createException(W3CHttpResponseCodec.java:187)
at org.openqa.selenium.remote.http.W3CHttpResponseCodec.decode(W3CHttpResponseCodec.java:122)
at org.openqa.selenium.remote.http.W3CHttpResponseCodec.decode(W3CHttpResponseCodec.java:49)
at org.openqa.selenium.remote.HttpCommandExecutor.execute(HttpCommandExecutor.java:158)
at org.openqa.selenium.remote.service.DriverCommandExecutor.execute(DriverCommandExecutor.java:83)
at org.openqa.selenium.remote.RemoteWebDriver.execute(RemoteWebDriver.java:552)
at org.openqa.selenium.remote.RemoteWebElement.execute(RemoteWebElement.java:285)
at org.openqa.selenium.remote.RemoteWebElement.click(RemoteWebElement.java:84)
at com.romanceabroad.ui.PrettyWomenTest.selectRandomDropDownListTestCase6(PrettyWomenTest.java:77)
at java.base/jdk.internal.reflect.NativeMethodAccessorImpl.invoke0(Native Method)
at java.base/jdk.internal.reflect.NativeMethodAccessorImpl.invoke(NativeMethodAccessorImpl.java:62)
at java.base/jdk.internal.reflect.DelegatingMethodAccessorImpl.invoke(DelegatingMethodAccessorImpl.java:43)
at java.base/java.lang.reflect.Method.invoke(Method.java:566)
at org.testng.internal.MethodInvocationHelper.invokeMethod(MethodInvocationHelper.java:133)
at org.testng.internal.TestInvoker.invokeMethod(TestInvoker.java:584)
at org.testng.internal.TestInvoker.invokeTestMethod(TestInvoker.java:172)
at org.testng.internal.MethodRunner.runInSequence(MethodRunner.java:46)
at org.testng.internal.TestInvoker$MethodInvocationAgent.invoke(TestInvoker.java:804)
at org.testng.internal.TestInvoker.invokeTestMethods(TestInvoker.java:145)
at org.testng.internal.TestMethodWorker.invokeTestMethods(TestMethodWorker.java:146)
at org.testng.internal.TestMethodWorker.run(TestMethodWorker.java:128)
at java.base/java.util.ArrayList.forEach(ArrayList.java:1540)
at org.testng.TestRunner.privateRun(TestRunner.java:770)
at org.testng.TestRunner.run(TestRunner.java:591)
at org.testng.SuiteRunner.runTest(SuiteRunner.java:402)
at org.testng.SuiteRunner.runSequentially(SuiteRunner.java:396)
at org.testng.SuiteRunner.privateRun(SuiteRunner.java:355)
at org.testng.SuiteRunner.run(SuiteRunner.java:304)
at org.testng.SuiteRunnerWorker.runSuite(SuiteRunnerWorker.java:53)
at org.testng.SuiteRunnerWorker.run(SuiteRunnerWorker.java:96)
at org.testng.TestNG.runSuitesSequentially(TestNG.java:1180)
at org.testng.TestNG.runSuitesLocally(TestNG.java:1102)
at org.testng.TestNG.runSuites(TestNG.java:1032)
at org.testng.TestNG.run(TestNG.java:1000)
at org.apache.maven.surefire.testng.TestNGExecutor.run(TestNGExecutor.java:283)
at org.apache.maven.surefire.testng.TestNGXmlTestSuite.execute(TestNGXmlTestSuite.java:75)
at org.apache.maven.surefire.testng.TestNGProvider.invoke(TestNGProvider.java:120)
at org.apache.maven.surefire.booter.ForkedBooter.invokeProviderInSameClassLoader(ForkedBooter.java:384)
at org.apache.maven.surefire.booter.ForkedBooter.runSuitesInProcess(ForkedBooter.java:345)
at org.apache.maven.surefire.booter.ForkedBooter.execute(ForkedBooter.java:126)
at org.apache.maven.surefire.booter.ForkedBooter.main(ForkedBooter.java:418)
]]>
            </full-stacktrace>
          </exception> <!-- org.openqa.selenium.ElementNotInteractableException -->
          <reporter-output>
          </reporter-output>
        </test-method> <!-- selectRandomDropDownListTestCase6 -->
        <test-method is-config="true" signature="closeBrowser(org.testng.ITestResult)[pri:0, instance:com.romanceabroad.ui.PrettyWomenTest@d35dea7]" started-at="2020-06-10T21:03:59 PDT" name="closeBrowser" finished-at="2020-06-10T21:04:00 PDT" duration-ms="1185" status="PASS">
          <params>
            <param index="0">
              <value>
                <![CDATA[[TestResult name=selectRandomDropDownListTestCase6 status=FAILURE method=PrettyWomenTest.selectRandomDropDownListTestCase6(org.testng.ITestContext)[pri:4, instance:com.romanceabroad.ui.PrettyWomenTest@d35dea7] output={null}]]]>
              </value>
            </param>
          </params>
          <reporter-output>
          </reporter-output>
        </test-method> <!-- closeBrowser -->
        <test-method is-config="true" signature="setup(java.lang.String, java.lang.String, java.lang.String, java.lang.String, java.lang.String, java.lang.String, java.lang.reflect.Method, org.testng.ITestContext)[pri:0, instance:com.romanceabroad.ui.PrettyWomenTest@d35dea7]" started-at="2020-06-10T21:04:00 PDT" name="setup" finished-at="2020-06-10T21:04:06 PDT" duration-ms="5717" status="PASS">
          <params>
            <param index="0">
              <value>
                <![CDATA[chrome]]>
              </value>
            </param>
            <param index="1">
              <value>
                <![CDATA[web]]>
              </value>
            </param>
            <param index="2">
              <value is-null="true"/>
            </param>
            <param index="3">
              <value is-null="true"/>
            </param>
            <param index="4">
              <value>
                <![CDATA[Galaxy S5]]>
              </value>
            </param>
            <param index="5">
              <value>
                <![CDATA[qa]]>
              </value>
            </param>
            <param index="6">
              <value>
                <![CDATA[public void com.romanceabroad.ui.PrettyWomenTest.selectDropDownListByAgeMinTestCase7()]]>
              </value>
            </param>
            <param index="7">
              <value>
                <![CDATA[org.testng.TestRunner@56f0cc85]]>
              </value>
            </param>
          </params>
          <reporter-output>
          </reporter-output>
        </test-method> <!-- setup -->
        <test-method signature="selectDropDownListByAgeMinTestCase7()[pri:5, instance:com.romanceabroad.ui.PrettyWomenTest@d35dea7]" started-at="2020-06-10T21:04:06 PDT" name="selectDropDownListByAgeMinTestCase7" finished-at="2020-06-10T21:04:30 PDT" duration-ms="24501" status="PASS">
          <reporter-output>
          </reporter-output>
        </test-method> <!-- selectDropDownListByAgeMinTestCase7 -->
        <test-method is-config="true" signature="closeBrowser(org.testng.ITestResult)[pri:0, instance:com.romanceabroad.ui.PrettyWomenTest@d35dea7]" started-at="2020-06-10T21:04:30 PDT" name="closeBrowser" finished-at="2020-06-10T21:04:30 PDT" duration-ms="124" status="PASS">
          <params>
            <param index="0">
              <value>
                <![CDATA[[TestResult name=selectDropDownListByAgeMinTestCase7 status=SUCCESS method=PrettyWomenTest.selectDropDownListByAgeMinTestCase7()[pri:5, instance:com.romanceabroad.ui.PrettyWomenTest@d35dea7] output={null}]]]>
              </value>
            </param>
          </params>
          <reporter-output>
          </reporter-output>
        </test-method> <!-- closeBrowser -->
        <test-method is-config="true" signature="setup(java.lang.String, java.lang.String, java.lang.String, java.lang.String, java.lang.String, java.lang.String, java.lang.reflect.Method, org.testng.ITestContext)[pri:0, instance:com.romanceabroad.ui.PrettyWomenTest@d35dea7]" started-at="2020-06-10T21:04:30 PDT" name="setup" finished-at="2020-06-10T21:04:36 PDT" duration-ms="5928" status="PASS">
          <params>
            <param index="0">
              <value>
                <![CDATA[chrome]]>
              </value>
            </param>
            <param index="1">
              <value>
                <![CDATA[web]]>
              </value>
            </param>
            <param index="2">
              <value is-null="true"/>
            </param>
            <param index="3">
              <value is-null="true"/>
            </param>
            <param index="4">
              <value>
                <![CDATA[Galaxy S5]]>
              </value>
            </param>
            <param index="5">
              <value>
                <![CDATA[qa]]>
              </value>
            </param>
            <param index="6">
              <value>
                <![CDATA[public void com.romanceabroad.ui.PrettyWomenTest.searchDifferentResultsTestCase30(java.lang.String,java.lang.String,java.lang.String)]]>
              </value>
            </param>
            <param index="7">
              <value>
                <![CDATA[org.testng.TestRunner@56f0cc85]]>
              </value>
            </param>
          </params>
          <reporter-output>
          </reporter-output>
        </test-method> <!-- setup -->
        <test-method signature="searchDifferentResultsTestCase30(java.lang.String, java.lang.String, java.lang.String)[pri:6, instance:com.romanceabroad.ui.PrettyWomenTest@d35dea7]" started-at="2020-06-10T21:04:36 PDT" name="searchDifferentResultsTestCase30" data-provider="PrettyWomen" finished-at="2020-06-10T21:05:54 PDT" duration-ms="77609" status="PASS">
          <params>
            <param index="0">
              <value>
                <![CDATA[18]]>
              </value>
            </param>
            <param index="1">
              <value>
                <![CDATA[80]]>
              </value>
            </param>
            <param index="2">
              <value>
                <![CDATA[Default]]>
              </value>
            </param>
          </params>
          <reporter-output>
          </reporter-output>
        </test-method> <!-- searchDifferentResultsTestCase30 -->
        <test-method is-config="true" signature="closeBrowser(org.testng.ITestResult)[pri:0, instance:com.romanceabroad.ui.PrettyWomenTest@d35dea7]" started-at="2020-06-10T21:05:54 PDT" name="closeBrowser" finished-at="2020-06-10T21:05:54 PDT" duration-ms="133" status="PASS">
          <params>
            <param index="0">
              <value>
                <![CDATA[[TestResult name=searchDifferentResultsTestCase30 status=SUCCESS method=PrettyWomenTest.searchDifferentResultsTestCase30(java.lang.String, java.lang.String, java.lang.String)[pri:6, instance:com.romanceabroad.ui.PrettyWomenTest@d35dea7] output={null}]]]>
              </value>
            </param>
          </params>
          <reporter-output>
          </reporter-output>
        </test-method> <!-- closeBrowser -->
        <test-method is-config="true" signature="setup(java.lang.String, java.lang.String, java.lang.String, java.lang.String, java.lang.String, java.lang.String, java.lang.reflect.Method, org.testng.ITestContext)[pri:0, instance:com.romanceabroad.ui.PrettyWomenTest@d35dea7]" started-at="2020-06-10T21:05:54 PDT" name="setup" finished-at="2020-06-10T21:06:00 PDT" duration-ms="5682" status="PASS">
          <params>
            <param index="0">
              <value>
                <![CDATA[chrome]]>
              </value>
            </param>
            <param index="1">
              <value>
                <![CDATA[web]]>
              </value>
            </param>
            <param index="2">
              <value is-null="true"/>
            </param>
            <param index="3">
              <value is-null="true"/>
            </param>
            <param index="4">
              <value>
                <![CDATA[Galaxy S5]]>
              </value>
            </param>
            <param index="5">
              <value>
                <![CDATA[qa]]>
              </value>
            </param>
            <param index="6">
              <value>
                <![CDATA[public void com.romanceabroad.ui.PrettyWomenTest.searchDifferentResultsTestCase30(java.lang.String,java.lang.String,java.lang.String)]]>
              </value>
            </param>
            <param index="7">
              <value>
                <![CDATA[org.testng.TestRunner@56f0cc85]]>
              </value>
            </param>
          </params>
          <reporter-output>
          </reporter-output>
        </test-method> <!-- setup -->
        <test-method signature="searchDifferentResultsTestCase30(java.lang.String, java.lang.String, java.lang.String)[pri:6, instance:com.romanceabroad.ui.PrettyWomenTest@d35dea7]" started-at="2020-06-10T21:06:00 PDT" name="searchDifferentResultsTestCase30" data-provider="PrettyWomen" finished-at="2020-06-10T21:06:08 PDT" duration-ms="8452" status="PASS">
          <params>
            <param index="0">
              <value>
                <![CDATA[18]]>
              </value>
            </param>
            <param index="1">
              <value>
                <![CDATA[19]]>
              </value>
            </param>
            <param index="2">
              <value>
                <![CDATA[Name]]>
              </value>
            </param>
          </params>
          <reporter-output>
          </reporter-output>
        </test-method> <!-- searchDifferentResultsTestCase30 -->
        <test-method is-config="true" signature="closeBrowser(org.testng.ITestResult)[pri:0, instance:com.romanceabroad.ui.PrettyWomenTest@d35dea7]" started-at="2020-06-10T21:06:08 PDT" name="closeBrowser" finished-at="2020-06-10T21:06:08 PDT" duration-ms="118" status="PASS">
          <params>
            <param index="0">
              <value>
                <![CDATA[[TestResult name=searchDifferentResultsTestCase30 status=SUCCESS method=PrettyWomenTest.searchDifferentResultsTestCase30(java.lang.String, java.lang.String, java.lang.String)[pri:6, instance:com.romanceabroad.ui.PrettyWomenTest@d35dea7] output={null}]]]>
              </value>
            </param>
          </params>
          <reporter-output>
          </reporter-output>
        </test-method> <!-- closeBrowser -->
        <test-method is-config="true" signature="setup(java.lang.String, java.lang.String, java.lang.String, java.lang.String, java.lang.String, java.lang.String, java.lang.reflect.Method, org.testng.ITestContext)[pri:0, instance:com.romanceabroad.ui.PrettyWomenTest@d35dea7]" started-at="2020-06-10T21:06:08 PDT" name="setup" finished-at="2020-06-10T21:06:12 PDT" duration-ms="3683" status="PASS">
          <params>
            <param index="0">
              <value>
                <![CDATA[chrome]]>
              </value>
            </param>
            <param index="1">
              <value>
                <![CDATA[web]]>
              </value>
            </param>
            <param index="2">
              <value is-null="true"/>
            </param>
            <param index="3">
              <value is-null="true"/>
            </param>
            <param index="4">
              <value>
                <![CDATA[Galaxy S5]]>
              </value>
            </param>
            <param index="5">
              <value>
                <![CDATA[qa]]>
              </value>
            </param>
            <param index="6">
              <value>
                <![CDATA[public void com.romanceabroad.ui.PrettyWomenTest.searchDifferentResultsTestCase30(java.lang.String,java.lang.String,java.lang.String)]]>
              </value>
            </param>
            <param index="7">
              <value>
                <![CDATA[org.testng.TestRunner@56f0cc85]]>
              </value>
            </param>
          </params>
          <reporter-output>
          </reporter-output>
        </test-method> <!-- setup -->
        <test-method signature="searchDifferentResultsTestCase30(java.lang.String, java.lang.String, java.lang.String)[pri:6, instance:com.romanceabroad.ui.PrettyWomenTest@d35dea7]" started-at="2020-06-10T21:06:12 PDT" name="searchDifferentResultsTestCase30" data-provider="PrettyWomen" finished-at="2020-06-10T21:07:30 PDT" duration-ms="77697" status="PASS">
          <params>
            <param index="0">
              <value>
                <![CDATA[30]]>
              </value>
            </param>
            <param index="1">
              <value>
                <![CDATA[40]]>
              </value>
            </param>
            <param index="2">
              <value>
                <![CDATA[Views]]>
              </value>
            </param>
          </params>
          <reporter-output>
          </reporter-output>
        </test-method> <!-- searchDifferentResultsTestCase30 -->
        <test-method is-config="true" signature="closeBrowser(org.testng.ITestResult)[pri:0, instance:com.romanceabroad.ui.PrettyWomenTest@d35dea7]" started-at="2020-06-10T21:07:30 PDT" name="closeBrowser" finished-at="2020-06-10T21:07:30 PDT" duration-ms="161" status="PASS">
          <params>
            <param index="0">
              <value>
                <![CDATA[[TestResult name=searchDifferentResultsTestCase30 status=SUCCESS method=PrettyWomenTest.searchDifferentResultsTestCase30(java.lang.String, java.lang.String, java.lang.String)[pri:6, instance:com.romanceabroad.ui.PrettyWomenTest@d35dea7] output={null}]]]>
              </value>
            </param>
          </params>
          <reporter-output>
          </reporter-output>
        </test-method> <!-- closeBrowser -->
        <test-method is-config="true" signature="setup(java.lang.String, java.lang.String, java.lang.String, java.lang.String, java.lang.String, java.lang.String, java.lang.reflect.Method, org.testng.ITestContext)[pri:0, instance:com.romanceabroad.ui.PrettyWomenTest@d35dea7]" started-at="2020-06-10T21:07:30 PDT" name="setup" finished-at="2020-06-10T21:07:34 PDT" duration-ms="4648" status="PASS">
          <params>
            <param index="0">
              <value>
                <![CDATA[chrome]]>
              </value>
            </param>
            <param index="1">
              <value>
                <![CDATA[web]]>
              </value>
            </param>
            <param index="2">
              <value is-null="true"/>
            </param>
            <param index="3">
              <value is-null="true"/>
            </param>
            <param index="4">
              <value>
                <![CDATA[Galaxy S5]]>
              </value>
            </param>
            <param index="5">
              <value>
                <![CDATA[qa]]>
              </value>
            </param>
            <param index="6">
              <value>
                <![CDATA[public void com.romanceabroad.ui.PrettyWomenTest.searchDifferentResultsTestCase30(java.lang.String,java.lang.String,java.lang.String)]]>
              </value>
            </param>
            <param index="7">
              <value>
                <![CDATA[org.testng.TestRunner@56f0cc85]]>
              </value>
            </param>
          </params>
          <reporter-output>
          </reporter-output>
        </test-method> <!-- setup -->
        <test-method signature="searchDifferentResultsTestCase30(java.lang.String, java.lang.String, java.lang.String)[pri:6, instance:com.romanceabroad.ui.PrettyWomenTest@d35dea7]" started-at="2020-06-10T21:07:34 PDT" name="searchDifferentResultsTestCase30" data-provider="PrettyWomen" finished-at="2020-06-10T21:07:48 PDT" duration-ms="13606" status="PASS">
          <params>
            <param index="0">
              <value>
                <![CDATA[60]]>
              </value>
            </param>
            <param index="1">
              <value>
                <![CDATA[80]]>
              </value>
            </param>
            <param index="2">
              <value>
                <![CDATA[Registration date]]>
              </value>
            </param>
          </params>
          <reporter-output>
          </reporter-output>
        </test-method> <!-- searchDifferentResultsTestCase30 -->
        <test-method is-config="true" signature="closeBrowser(org.testng.ITestResult)[pri:0, instance:com.romanceabroad.ui.PrettyWomenTest@d35dea7]" started-at="2020-06-10T21:07:48 PDT" name="closeBrowser" finished-at="2020-06-10T21:07:48 PDT" duration-ms="124" status="PASS">
          <params>
            <param index="0">
              <value>
                <![CDATA[[TestResult name=searchDifferentResultsTestCase30 status=SUCCESS method=PrettyWomenTest.searchDifferentResultsTestCase30(java.lang.String, java.lang.String, java.lang.String)[pri:6, instance:com.romanceabroad.ui.PrettyWomenTest@d35dea7] output={null}]]]>
              </value>
            </param>
          </params>
          <reporter-output>
          </reporter-output>
        </test-method> <!-- closeBrowser -->
        <test-method is-config="true" signature="setup(java.lang.String, java.lang.String, java.lang.String, java.lang.String, java.lang.String, java.lang.String, java.lang.reflect.Method, org.testng.ITestContext)[pri:0, instance:com.romanceabroad.ui.PrettyWomenTest@d35dea7]" started-at="2020-06-10T21:07:48 PDT" name="setup" finished-at="2020-06-10T21:07:53 PDT" duration-ms="4821" status="PASS">
          <params>
            <param index="0">
              <value>
                <![CDATA[chrome]]>
              </value>
            </param>
            <param index="1">
              <value>
                <![CDATA[web]]>
              </value>
            </param>
            <param index="2">
              <value is-null="true"/>
            </param>
            <param index="3">
              <value is-null="true"/>
            </param>
            <param index="4">
              <value>
                <![CDATA[Galaxy S5]]>
              </value>
            </param>
            <param index="5">
              <value>
                <![CDATA[qa]]>
              </value>
            </param>
            <param index="6">
              <value>
                <![CDATA[public void com.romanceabroad.ui.PrettyWomenTest.testUserProfile(java.lang.String,java.lang.String,java.lang.String,java.lang.String)]]>
              </value>
            </param>
            <param index="7">
              <value>
                <![CDATA[org.testng.TestRunner@56f0cc85]]>
              </value>
            </param>
          </params>
          <reporter-output>
          </reporter-output>
        </test-method> <!-- setup -->
        <test-method signature="testUserProfile(java.lang.String, java.lang.String, java.lang.String, java.lang.String)[pri:7, instance:com.romanceabroad.ui.PrettyWomenTest@d35dea7]" started-at="2020-06-10T21:07:53 PDT" name="testUserProfile" data-provider="PrettyWomenProfile" finished-at="2020-06-10T21:08:07 PDT" duration-ms="13527" status="PASS">
          <params>
            <param index="0">
              <value>
                <![CDATA[18]]>
              </value>
            </param>
            <param index="1">
              <value>
                <![CDATA[35]]>
              </value>
            </param>
            <param index="2">
              <value>
                <![CDATA[Registration date]]>
              </value>
            </param>
            <param index="3">
              <value>
                <![CDATA[AnnaB]]>
              </value>
            </param>
          </params>
          <reporter-output>
          </reporter-output>
        </test-method> <!-- testUserProfile -->
        <test-method is-config="true" signature="closeBrowser(org.testng.ITestResult)[pri:0, instance:com.romanceabroad.ui.PrettyWomenTest@d35dea7]" started-at="2020-06-10T21:08:07 PDT" name="closeBrowser" finished-at="2020-06-10T21:08:07 PDT" duration-ms="127" status="PASS">
          <params>
            <param index="0">
              <value>
                <![CDATA[[TestResult name=testUserProfile status=SUCCESS method=PrettyWomenTest.testUserProfile(java.lang.String, java.lang.String, java.lang.String, java.lang.String)[pri:7, instance:com.romanceabroad.ui.PrettyWomenTest@d35dea7] output={null}]]]>
              </value>
            </param>
          </params>
          <reporter-output>
          </reporter-output>
        </test-method> <!-- closeBrowser -->
        <test-method is-config="true" signature="setup(java.lang.String, java.lang.String, java.lang.String, java.lang.String, java.lang.String, java.lang.String, java.lang.reflect.Method, org.testng.ITestContext)[pri:0, instance:com.romanceabroad.ui.PrettyWomenTest@d35dea7]" started-at="2020-06-10T21:08:07 PDT" name="setup" finished-at="2020-06-10T21:08:15 PDT" duration-ms="8249" status="PASS">
          <params>
            <param index="0">
              <value>
                <![CDATA[chrome]]>
              </value>
            </param>
            <param index="1">
              <value>
                <![CDATA[web]]>
              </value>
            </param>
            <param index="2">
              <value is-null="true"/>
            </param>
            <param index="3">
              <value is-null="true"/>
            </param>
            <param index="4">
              <value>
                <![CDATA[Galaxy S5]]>
              </value>
            </param>
            <param index="5">
              <value>
                <![CDATA[qa]]>
              </value>
            </param>
            <param index="6">
              <value>
                <![CDATA[public void com.romanceabroad.ui.PrettyWomenTest.testFooter(java.lang.String)]]>
              </value>
            </param>
            <param index="7">
              <value>
                <![CDATA[org.testng.TestRunner@56f0cc85]]>
              </value>
            </param>
          </params>
          <reporter-output>
          </reporter-output>
        </test-method> <!-- setup -->
        <test-method signature="testFooter(java.lang.String)[pri:8, instance:com.romanceabroad.ui.PrettyWomenTest@d35dea7]" started-at="2020-06-10T21:08:15 PDT" name="testFooter" data-provider="Footer" finished-at="2020-06-10T21:08:42 PDT" duration-ms="26794" status="PASS">
          <params>
            <param index="0">
              <value>
                <![CDATA[Contact us]]>
              </value>
            </param>
          </params>
          <reporter-output>
          </reporter-output>
        </test-method> <!-- testFooter -->
        <test-method is-config="true" signature="closeBrowser(org.testng.ITestResult)[pri:0, instance:com.romanceabroad.ui.PrettyWomenTest@d35dea7]" started-at="2020-06-10T21:08:42 PDT" name="closeBrowser" finished-at="2020-06-10T21:08:42 PDT" duration-ms="117" status="PASS">
          <params>
            <param index="0">
              <value>
                <![CDATA[[TestResult name=testFooter status=SUCCESS method=PrettyWomenTest.testFooter(java.lang.String)[pri:8, instance:com.romanceabroad.ui.PrettyWomenTest@d35dea7] output={null}]]]>
              </value>
            </param>
          </params>
          <reporter-output>
          </reporter-output>
        </test-method> <!-- closeBrowser -->
        <test-method is-config="true" signature="setup(java.lang.String, java.lang.String, java.lang.String, java.lang.String, java.lang.String, java.lang.String, java.lang.reflect.Method, org.testng.ITestContext)[pri:0, instance:com.romanceabroad.ui.PrettyWomenTest@d35dea7]" started-at="2020-06-10T21:08:42 PDT" name="setup" finished-at="2020-06-10T21:08:46 PDT" duration-ms="4285" status="PASS">
          <params>
            <param index="0">
              <value>
                <![CDATA[chrome]]>
              </value>
            </param>
            <param index="1">
              <value>
                <![CDATA[web]]>
              </value>
            </param>
            <param index="2">
              <value is-null="true"/>
            </param>
            <param index="3">
              <value is-null="true"/>
            </param>
            <param index="4">
              <value>
                <![CDATA[Galaxy S5]]>
              </value>
            </param>
            <param index="5">
              <value>
                <![CDATA[qa]]>
              </value>
            </param>
            <param index="6">
              <value>
                <![CDATA[public void com.romanceabroad.ui.PrettyWomenTest.testFooter(java.lang.String)]]>
              </value>
            </param>
            <param index="7">
              <value>
                <![CDATA[org.testng.TestRunner@56f0cc85]]>
              </value>
            </param>
          </params>
          <reporter-output>
          </reporter-output>
        </test-method> <!-- setup -->
        <test-method signature="testFooter(java.lang.String)[pri:8, instance:com.romanceabroad.ui.PrettyWomenTest@d35dea7]" started-at="2020-06-10T21:08:46 PDT" name="testFooter" data-provider="Footer" finished-at="2020-06-10T21:09:13 PDT" duration-ms="26600" status="PASS">
          <params>
            <param index="0">
              <value>
                <![CDATA[Sitemap]]>
              </value>
            </param>
          </params>
          <reporter-output>
          </reporter-output>
        </test-method> <!-- testFooter -->
        <test-method is-config="true" signature="closeBrowser(org.testng.ITestResult)[pri:0, instance:com.romanceabroad.ui.PrettyWomenTest@d35dea7]" started-at="2020-06-10T21:09:13 PDT" name="closeBrowser" finished-at="2020-06-10T21:09:13 PDT" duration-ms="123" status="PASS">
          <params>
            <param index="0">
              <value>
                <![CDATA[[TestResult name=testFooter status=SUCCESS method=PrettyWomenTest.testFooter(java.lang.String)[pri:8, instance:com.romanceabroad.ui.PrettyWomenTest@d35dea7] output={null}]]]>
              </value>
            </param>
          </params>
          <reporter-output>
          </reporter-output>
        </test-method> <!-- closeBrowser -->
        <test-method is-config="true" signature="setup(java.lang.String, java.lang.String, java.lang.String, java.lang.String, java.lang.String, java.lang.String, java.lang.reflect.Method, org.testng.ITestContext)[pri:0, instance:com.romanceabroad.ui.PrettyWomenTest@d35dea7]" started-at="2020-06-10T21:09:13 PDT" name="setup" finished-at="2020-06-10T21:09:21 PDT" duration-ms="8171" status="PASS">
          <params>
            <param index="0">
              <value>
                <![CDATA[chrome]]>
              </value>
            </param>
            <param index="1">
              <value>
                <![CDATA[web]]>
              </value>
            </param>
            <param index="2">
              <value is-null="true"/>
            </param>
            <param index="3">
              <value is-null="true"/>
            </param>
            <param index="4">
              <value>
                <![CDATA[Galaxy S5]]>
              </value>
            </param>
            <param index="5">
              <value>
                <![CDATA[qa]]>
              </value>
            </param>
            <param index="6">
              <value>
                <![CDATA[public void com.romanceabroad.ui.PrettyWomenTest.testFooter(java.lang.String)]]>
              </value>
            </param>
            <param index="7">
              <value>
                <![CDATA[org.testng.TestRunner@56f0cc85]]>
              </value>
            </param>
          </params>
          <reporter-output>
          </reporter-output>
        </test-method> <!-- setup -->
        <test-method signature="testFooter(java.lang.String)[pri:8, instance:com.romanceabroad.ui.PrettyWomenTest@d35dea7]" started-at="2020-06-10T21:09:21 PDT" name="testFooter" data-provider="Footer" finished-at="2020-06-10T21:09:49 PDT" duration-ms="27707" status="PASS">
          <params>
            <param index="0">
              <value>
                <![CDATA[How it works]]>
              </value>
            </param>
          </params>
          <reporter-output>
          </reporter-output>
        </test-method> <!-- testFooter -->
        <test-method is-config="true" signature="closeBrowser(org.testng.ITestResult)[pri:0, instance:com.romanceabroad.ui.PrettyWomenTest@d35dea7]" started-at="2020-06-10T21:09:49 PDT" name="closeBrowser" finished-at="2020-06-10T21:09:49 PDT" duration-ms="116" status="PASS">
          <params>
            <param index="0">
              <value>
                <![CDATA[[TestResult name=testFooter status=SUCCESS method=PrettyWomenTest.testFooter(java.lang.String)[pri:8, instance:com.romanceabroad.ui.PrettyWomenTest@d35dea7] output={null}]]]>
              </value>
            </param>
          </params>
          <reporter-output>
          </reporter-output>
        </test-method> <!-- closeBrowser -->
        <test-method is-config="true" signature="setup(java.lang.String, java.lang.String, java.lang.String, java.lang.String, java.lang.String, java.lang.String, java.lang.reflect.Method, org.testng.ITestContext)[pri:0, instance:com.romanceabroad.ui.PrettyWomenTest@d35dea7]" started-at="2020-06-10T21:09:49 PDT" name="setup" finished-at="2020-06-10T21:09:52 PDT" duration-ms="3569" status="PASS">
          <params>
            <param index="0">
              <value>
                <![CDATA[chrome]]>
              </value>
            </param>
            <param index="1">
              <value>
                <![CDATA[web]]>
              </value>
            </param>
            <param index="2">
              <value is-null="true"/>
            </param>
            <param index="3">
              <value is-null="true"/>
            </param>
            <param index="4">
              <value>
                <![CDATA[Galaxy S5]]>
              </value>
            </param>
            <param index="5">
              <value>
                <![CDATA[qa]]>
              </value>
            </param>
            <param index="6">
              <value>
                <![CDATA[public void com.romanceabroad.ui.PrettyWomenTest.testFooter(java.lang.String)]]>
              </value>
            </param>
            <param index="7">
              <value>
                <![CDATA[org.testng.TestRunner@56f0cc85]]>
              </value>
            </param>
          </params>
          <reporter-output>
          </reporter-output>
        </test-method> <!-- setup -->
        <test-method signature="testFooter(java.lang.String)[pri:8, instance:com.romanceabroad.ui.PrettyWomenTest@d35dea7]" started-at="2020-06-10T21:09:52 PDT" name="testFooter" data-provider="Footer" finished-at="2020-06-10T21:10:19 PDT" duration-ms="27035" status="PASS">
          <params>
            <param index="0">
              <value>
                <![CDATA[News]]>
              </value>
            </param>
          </params>
          <reporter-output>
          </reporter-output>
        </test-method> <!-- testFooter -->
        <test-method is-config="true" signature="closeBrowser(org.testng.ITestResult)[pri:0, instance:com.romanceabroad.ui.PrettyWomenTest@d35dea7]" started-at="2020-06-10T21:10:19 PDT" name="closeBrowser" finished-at="2020-06-10T21:10:20 PDT" duration-ms="121" status="PASS">
          <params>
            <param index="0">
              <value>
                <![CDATA[[TestResult name=testFooter status=SUCCESS method=PrettyWomenTest.testFooter(java.lang.String)[pri:8, instance:com.romanceabroad.ui.PrettyWomenTest@d35dea7] output={null}]]]>
              </value>
            </param>
          </params>
          <reporter-output>
          </reporter-output>
        </test-method> <!-- closeBrowser -->
        <test-method is-config="true" signature="setup(java.lang.String, java.lang.String, java.lang.String, java.lang.String, java.lang.String, java.lang.String, java.lang.reflect.Method, org.testng.ITestContext)[pri:0, instance:com.romanceabroad.ui.PrettyWomenTest@d35dea7]" started-at="2020-06-10T21:10:20 PDT" name="setup" finished-at="2020-06-10T21:10:25 PDT" duration-ms="5202" status="PASS">
          <params>
            <param index="0">
              <value>
                <![CDATA[chrome]]>
              </value>
            </param>
            <param index="1">
              <value>
                <![CDATA[web]]>
              </value>
            </param>
            <param index="2">
              <value is-null="true"/>
            </param>
            <param index="3">
              <value is-null="true"/>
            </param>
            <param index="4">
              <value>
                <![CDATA[Galaxy S5]]>
              </value>
            </param>
            <param index="5">
              <value>
                <![CDATA[qa]]>
              </value>
            </param>
            <param index="6">
              <value>
                <![CDATA[public void com.romanceabroad.ui.PrettyWomenTest.testFooter(java.lang.String)]]>
              </value>
            </param>
            <param index="7">
              <value>
                <![CDATA[org.testng.TestRunner@56f0cc85]]>
              </value>
            </param>
          </params>
          <reporter-output>
          </reporter-output>
        </test-method> <!-- setup -->
        <test-method signature="testFooter(java.lang.String)[pri:8, instance:com.romanceabroad.ui.PrettyWomenTest@d35dea7]" started-at="2020-06-10T21:10:25 PDT" name="testFooter" data-provider="Footer" finished-at="2020-06-10T21:10:52 PDT" duration-ms="26886" status="PASS">
          <params>
            <param index="0">
              <value>
                <![CDATA[Privacy]]>
              </value>
            </param>
          </params>
          <reporter-output>
          </reporter-output>
        </test-method> <!-- testFooter -->
        <test-method is-config="true" signature="closeBrowser(org.testng.ITestResult)[pri:0, instance:com.romanceabroad.ui.PrettyWomenTest@d35dea7]" started-at="2020-06-10T21:10:52 PDT" name="closeBrowser" finished-at="2020-06-10T21:10:52 PDT" duration-ms="116" status="PASS">
          <params>
            <param index="0">
              <value>
                <![CDATA[[TestResult name=testFooter status=SUCCESS method=PrettyWomenTest.testFooter(java.lang.String)[pri:8, instance:com.romanceabroad.ui.PrettyWomenTest@d35dea7] output={null}]]]>
              </value>
            </param>
          </params>
          <reporter-output>
          </reporter-output>
        </test-method> <!-- closeBrowser -->
        <test-method is-config="true" signature="setup(java.lang.String, java.lang.String, java.lang.String, java.lang.String, java.lang.String, java.lang.String, java.lang.reflect.Method, org.testng.ITestContext)[pri:0, instance:com.romanceabroad.ui.PrettyWomenTest@d35dea7]" started-at="2020-06-10T21:10:52 PDT" name="setup" finished-at="2020-06-10T21:10:57 PDT" duration-ms="4931" status="PASS">
          <params>
            <param index="0">
              <value>
                <![CDATA[chrome]]>
              </value>
            </param>
            <param index="1">
              <value>
                <![CDATA[web]]>
              </value>
            </param>
            <param index="2">
              <value is-null="true"/>
            </param>
            <param index="3">
              <value is-null="true"/>
            </param>
            <param index="4">
              <value>
                <![CDATA[Galaxy S5]]>
              </value>
            </param>
            <param index="5">
              <value>
                <![CDATA[qa]]>
              </value>
            </param>
            <param index="6">
              <value>
                <![CDATA[public void com.romanceabroad.ui.PrettyWomenTest.testFooter(java.lang.String)]]>
              </value>
            </param>
            <param index="7">
              <value>
                <![CDATA[org.testng.TestRunner@56f0cc85]]>
              </value>
            </param>
          </params>
          <reporter-output>
          </reporter-output>
        </test-method> <!-- setup -->
        <test-method signature="testFooter(java.lang.String)[pri:8, instance:com.romanceabroad.ui.PrettyWomenTest@d35dea7]" started-at="2020-06-10T21:10:57 PDT" name="testFooter" data-provider="Footer" finished-at="2020-06-10T21:11:24 PDT" duration-ms="26850" status="PASS">
          <params>
            <param index="0">
              <value>
                <![CDATA[Terms of use]]>
              </value>
            </param>
          </params>
          <reporter-output>
          </reporter-output>
        </test-method> <!-- testFooter -->
        <test-method is-config="true" signature="closeBrowser(org.testng.ITestResult)[pri:0, instance:com.romanceabroad.ui.PrettyWomenTest@d35dea7]" started-at="2020-06-10T21:11:24 PDT" name="closeBrowser" finished-at="2020-06-10T21:11:24 PDT" duration-ms="123" status="PASS">
          <params>
            <param index="0">
              <value>
                <![CDATA[[TestResult name=testFooter status=SUCCESS method=PrettyWomenTest.testFooter(java.lang.String)[pri:8, instance:com.romanceabroad.ui.PrettyWomenTest@d35dea7] output={null}]]]>
              </value>
            </param>
          </params>
          <reporter-output>
          </reporter-output>
        </test-method> <!-- closeBrowser -->
      </class> <!-- com.romanceabroad.ui.PrettyWomenTest -->
    </test> <!-- Galaxy S5 test cases -->
    <test started-at="2020-06-10T21:11:24 PDT" name="iPhone X test cases" finished-at="2020-06-10T21:12:01 PDT" duration-ms="37562">
      <class name="com.romanceabroad.ui.RegistrationTests">
        <test-method is-config="true" signature="setup(java.lang.String, java.lang.String, java.lang.String, java.lang.String, java.lang.String, java.lang.String, java.lang.reflect.Method, org.testng.ITestContext)[pri:0, instance:com.romanceabroad.ui.RegistrationTests@7bedc48a]" started-at="2020-06-10T21:11:24 PDT" name="setup" finished-at="2020-06-10T21:11:28 PDT" duration-ms="4461" status="PASS">
          <params>
            <param index="0">
              <value>
                <![CDATA[chrome]]>
              </value>
            </param>
            <param index="1">
              <value>
                <![CDATA[web]]>
              </value>
            </param>
            <param index="2">
              <value is-null="true"/>
            </param>
            <param index="3">
              <value is-null="true"/>
            </param>
            <param index="4">
              <value>
                <![CDATA[iPhone X]]>
              </value>
            </param>
            <param index="5">
              <value>
                <![CDATA[qa]]>
              </value>
            </param>
            <param index="6">
              <value>
                <![CDATA[public static void com.romanceabroad.ui.RegistrationTests.testBoolean()]]>
              </value>
            </param>
            <param index="7">
              <value>
                <![CDATA[org.testng.TestRunner@1d48359a]]>
              </value>
            </param>
          </params>
          <reporter-output>
          </reporter-output>
        </test-method> <!-- setup -->
        <test-method signature="testBoolean()[pri:0, instance:com.romanceabroad.ui.RegistrationTests@7bedc48a]" started-at="2020-06-10T21:11:28 PDT" name="testBoolean" finished-at="2020-06-10T21:11:28 PDT" duration-ms="0" status="PASS">
          <reporter-output>
          </reporter-output>
        </test-method> <!-- testBoolean -->
        <test-method is-config="true" signature="closeBrowser(org.testng.ITestResult)[pri:0, instance:com.romanceabroad.ui.RegistrationTests@7bedc48a]" started-at="2020-06-10T21:11:28 PDT" name="closeBrowser" finished-at="2020-06-10T21:11:28 PDT" duration-ms="110" status="PASS">
          <params>
            <param index="0">
              <value>
                <![CDATA[[TestResult name=testBoolean status=SUCCESS method=RegistrationTests.testBoolean()[pri:0, instance:com.romanceabroad.ui.RegistrationTests@7bedc48a] output={null}]]]>
              </value>
            </param>
          </params>
          <reporter-output>
          </reporter-output>
        </test-method> <!-- closeBrowser -->
        <test-method is-config="true" signature="setup(java.lang.String, java.lang.String, java.lang.String, java.lang.String, java.lang.String, java.lang.String, java.lang.reflect.Method, org.testng.ITestContext)[pri:0, instance:com.romanceabroad.ui.RegistrationTests@7bedc48a]" started-at="2020-06-10T21:11:28 PDT" name="setup" finished-at="2020-06-10T21:11:34 PDT" duration-ms="5834" status="PASS">
          <params>
            <param index="0">
              <value>
                <![CDATA[chrome]]>
              </value>
            </param>
            <param index="1">
              <value>
                <![CDATA[web]]>
              </value>
            </param>
            <param index="2">
              <value is-null="true"/>
            </param>
            <param index="3">
              <value is-null="true"/>
            </param>
            <param index="4">
              <value>
                <![CDATA[iPhone X]]>
              </value>
            </param>
            <param index="5">
              <value>
                <![CDATA[qa]]>
              </value>
            </param>
            <param index="6">
              <value>
                <![CDATA[public void com.romanceabroad.ui.RegistrationTests.testRegistrationForInvalidEmailTestCase31(java.lang.String,java.lang.String,boolean)]]>
              </value>
            </param>
            <param index="7">
              <value>
                <![CDATA[org.testng.TestRunner@1d48359a]]>
              </value>
            </param>
          </params>
          <reporter-output>
          </reporter-output>
        </test-method> <!-- setup -->
        <test-method signature="testRegistrationForInvalidEmailTestCase31(java.lang.String, java.lang.String, boolean)[pri:2, instance:com.romanceabroad.ui.RegistrationTests@7bedc48a]" started-at="2020-06-10T21:11:34 PDT" name="testRegistrationForInvalidEmailTestCase31" data-provider="Registration3" finished-at="2020-06-10T21:11:35 PDT" duration-ms="388" status="PASS">
          <params>
            <param index="0">
              <value>
                <![CDATA[1]]>
              </value>
            </param>
            <param index="1">
              <value>
                <![CDATA[Nick81423]]>
              </value>
            </param>
            <param index="2">
              <value>
                <![CDATA[false]]>
              </value>
            </param>
          </params>
          <reporter-output>
          </reporter-output>
        </test-method> <!-- testRegistrationForInvalidEmailTestCase31 -->
        <test-method is-config="true" signature="closeBrowser(org.testng.ITestResult)[pri:0, instance:com.romanceabroad.ui.RegistrationTests@7bedc48a]" started-at="2020-06-10T21:11:35 PDT" name="closeBrowser" finished-at="2020-06-10T21:11:35 PDT" duration-ms="106" status="PASS">
          <params>
            <param index="0">
              <value>
                <![CDATA[[TestResult name=testRegistrationForInvalidEmailTestCase31 status=SUCCESS method=RegistrationTests.testRegistrationForInvalidEmailTestCase31(java.lang.String, java.lang.String, boolean)[pri:2, instance:com.romanceabroad.ui.RegistrationTests@7bedc48a] output={null}]]]>
              </value>
            </param>
          </params>
          <reporter-output>
          </reporter-output>
        </test-method> <!-- closeBrowser -->
        <test-method is-config="true" signature="setup(java.lang.String, java.lang.String, java.lang.String, java.lang.String, java.lang.String, java.lang.String, java.lang.reflect.Method, org.testng.ITestContext)[pri:0, instance:com.romanceabroad.ui.RegistrationTests@7bedc48a]" started-at="2020-06-10T21:11:35 PDT" name="setup" finished-at="2020-06-10T21:11:39 PDT" duration-ms="4479" status="PASS">
          <params>
            <param index="0">
              <value>
                <![CDATA[chrome]]>
              </value>
            </param>
            <param index="1">
              <value>
                <![CDATA[web]]>
              </value>
            </param>
            <param index="2">
              <value is-null="true"/>
            </param>
            <param index="3">
              <value is-null="true"/>
            </param>
            <param index="4">
              <value>
                <![CDATA[iPhone X]]>
              </value>
            </param>
            <param index="5">
              <value>
                <![CDATA[qa]]>
              </value>
            </param>
            <param index="6">
              <value>
                <![CDATA[public void com.romanceabroad.ui.RegistrationTests.testRegistrationForExistingUserTestCase32(java.lang.String,java.lang.String,boolean)]]>
              </value>
            </param>
            <param index="7">
              <value>
                <![CDATA[org.testng.TestRunner@1d48359a]]>
              </value>
            </param>
          </params>
          <reporter-output>
          </reporter-output>
        </test-method> <!-- setup -->
        <test-method signature="testRegistrationForExistingUserTestCase32(java.lang.String, java.lang.String, boolean)[pri:3, instance:com.romanceabroad.ui.RegistrationTests@7bedc48a]" started-at="2020-06-10T21:11:39 PDT" name="testRegistrationForExistingUserTestCase32" data-provider="Registration4" finished-at="2020-06-10T21:11:41 PDT" duration-ms="1611" status="PASS">
          <params>
            <param index="0">
              <value>
                <![CDATA[imasheva.anara1@gmail.com]]>
              </value>
            </param>
            <param index="1">
              <value>
                <![CDATA[Nick81423]]>
              </value>
            </param>
            <param index="2">
              <value>
                <![CDATA[false]]>
              </value>
            </param>
          </params>
          <reporter-output>
          </reporter-output>
        </test-method> <!-- testRegistrationForExistingUserTestCase32 -->
        <test-method is-config="true" signature="closeBrowser(org.testng.ITestResult)[pri:0, instance:com.romanceabroad.ui.RegistrationTests@7bedc48a]" started-at="2020-06-10T21:11:41 PDT" name="closeBrowser" finished-at="2020-06-10T21:11:41 PDT" duration-ms="105" status="PASS">
          <params>
            <param index="0">
              <value>
                <![CDATA[[TestResult name=testRegistrationForExistingUserTestCase32 status=SUCCESS method=RegistrationTests.testRegistrationForExistingUserTestCase32(java.lang.String, java.lang.String, boolean)[pri:3, instance:com.romanceabroad.ui.RegistrationTests@7bedc48a] output={null}]]]>
              </value>
            </param>
          </params>
          <reporter-output>
          </reporter-output>
        </test-method> <!-- closeBrowser -->
        <test-method is-config="true" signature="setup(java.lang.String, java.lang.String, java.lang.String, java.lang.String, java.lang.String, java.lang.String, java.lang.reflect.Method, org.testng.ITestContext)[pri:0, instance:com.romanceabroad.ui.RegistrationTests@7bedc48a]" started-at="2020-06-10T21:11:41 PDT" name="setup" finished-at="2020-06-10T21:11:45 PDT" duration-ms="4309" status="PASS">
          <params>
            <param index="0">
              <value>
                <![CDATA[chrome]]>
              </value>
            </param>
            <param index="1">
              <value>
                <![CDATA[web]]>
              </value>
            </param>
            <param index="2">
              <value is-null="true"/>
            </param>
            <param index="3">
              <value is-null="true"/>
            </param>
            <param index="4">
              <value>
                <![CDATA[iPhone X]]>
              </value>
            </param>
            <param index="5">
              <value>
                <![CDATA[qa]]>
              </value>
            </param>
            <param index="6">
              <value>
                <![CDATA[public void com.romanceabroad.ui.RegistrationTests.testRegistration1(java.lang.String,java.lang.String,java.lang.String,java.lang.String,java.lang.String,java.lang.String,java.lang.String,java.lang.String)]]>
              </value>
            </param>
            <param index="7">
              <value>
                <![CDATA[org.testng.TestRunner@1d48359a]]>
              </value>
            </param>
          </params>
          <reporter-output>
          </reporter-output>
        </test-method> <!-- setup -->
        <test-method signature="testRegistration1(java.lang.String, java.lang.String, java.lang.String, java.lang.String, java.lang.String, java.lang.String, java.lang.String, java.lang.String)[pri:5, instance:com.romanceabroad.ui.RegistrationTests@7bedc48a]" started-at="2020-06-10T21:11:45 PDT" name="testRegistration1" data-provider="Registration" finished-at="2020-06-10T21:11:51 PDT" duration-ms="5750" status="PASS">
          <params>
            <param index="0">
              <value>
                <![CDATA[imashva@gmail.com]]>
              </value>
            </param>
            <param index="1">
              <value>
                <![CDATA[123456]]>
              </value>
            </param>
            <param index="2">
              <value>
                <![CDATA[6197247589]]>
              </value>
            </param>
            <param index="3">
              <value>
                <![CDATA[Jun]]>
              </value>
            </param>
            <param index="4">
              <value>
                <![CDATA[18]]>
              </value>
            </param>
            <param index="5">
              <value>
                <![CDATA[1985]]>
              </value>
            </param>
            <param index="6">
              <value>
                <![CDATA[Sydney]]>
              </value>
            </param>
            <param index="7">
              <value>
                <![CDATA[State of New South Wales]]>
              </value>
            </param>
          </params>
          <reporter-output>
          </reporter-output>
        </test-method> <!-- testRegistration1 -->
        <test-method is-config="true" signature="closeBrowser(org.testng.ITestResult)[pri:0, instance:com.romanceabroad.ui.RegistrationTests@7bedc48a]" started-at="2020-06-10T21:11:51 PDT" name="closeBrowser" finished-at="2020-06-10T21:11:51 PDT" duration-ms="115" status="PASS">
          <params>
            <param index="0">
              <value>
                <![CDATA[[TestResult name=testRegistration1 status=SUCCESS method=RegistrationTests.testRegistration1(java.lang.String, java.lang.String, java.lang.String, java.lang.String, java.lang.String, java.lang.String, java.lang.String, java.lang.String)[pri:5, instance:com.romanceabroad.ui.RegistrationTests@7bedc48a] output={null}]]]>
              </value>
            </param>
          </params>
          <reporter-output>
          </reporter-output>
        </test-method> <!-- closeBrowser -->
        <test-method is-config="true" signature="setup(java.lang.String, java.lang.String, java.lang.String, java.lang.String, java.lang.String, java.lang.String, java.lang.reflect.Method, org.testng.ITestContext)[pri:0, instance:com.romanceabroad.ui.RegistrationTests@7bedc48a]" started-at="2020-06-10T21:11:51 PDT" name="setup" finished-at="2020-06-10T21:11:56 PDT" duration-ms="4476" status="PASS">
          <params>
            <param index="0">
              <value>
                <![CDATA[chrome]]>
              </value>
            </param>
            <param index="1">
              <value>
                <![CDATA[web]]>
              </value>
            </param>
            <param index="2">
              <value is-null="true"/>
            </param>
            <param index="3">
              <value is-null="true"/>
            </param>
            <param index="4">
              <value>
                <![CDATA[iPhone X]]>
              </value>
            </param>
            <param index="5">
              <value>
                <![CDATA[qa]]>
              </value>
            </param>
            <param index="6">
              <value>
                <![CDATA[public void com.romanceabroad.ui.RegistrationTests.testRegistration1(java.lang.String,java.lang.String,java.lang.String,java.lang.String,java.lang.String,java.lang.String,java.lang.String,java.lang.String)]]>
              </value>
            </param>
            <param index="7">
              <value>
                <![CDATA[org.testng.TestRunner@1d48359a]]>
              </value>
            </param>
          </params>
          <reporter-output>
          </reporter-output>
        </test-method> <!-- setup -->
        <test-method signature="testRegistration1(java.lang.String, java.lang.String, java.lang.String, java.lang.String, java.lang.String, java.lang.String, java.lang.String, java.lang.String)[pri:5, instance:com.romanceabroad.ui.RegistrationTests@7bedc48a]" started-at="2020-06-10T21:11:56 PDT" name="testRegistration1" data-provider="Registration" finished-at="2020-06-10T21:12:01 PDT" duration-ms="5698" status="PASS">
          <params>
            <param index="0">
              <value>
                <![CDATA[ya@yahoo.com]]>
              </value>
            </param>
            <param index="1">
              <value>
                <![CDATA[5678910]]>
              </value>
            </param>
            <param index="2">
              <value>
                <![CDATA[6507899090]]>
              </value>
            </param>
            <param index="3">
              <value>
                <![CDATA[Feb]]>
              </value>
            </param>
            <param index="4">
              <value>
                <![CDATA[18]]>
              </value>
            </param>
            <param index="5">
              <value>
                <![CDATA[1960]]>
              </value>
            </param>
            <param index="6">
              <value>
                <![CDATA[Boston]]>
              </value>
            </param>
            <param index="7">
              <value>
                <![CDATA[Massachusetts]]>
              </value>
            </param>
          </params>
          <reporter-output>
          </reporter-output>
        </test-method> <!-- testRegistration1 -->
        <test-method is-config="true" signature="closeBrowser(org.testng.ITestResult)[pri:0, instance:com.romanceabroad.ui.RegistrationTests@7bedc48a]" started-at="2020-06-10T21:12:01 PDT" name="closeBrowser" finished-at="2020-06-10T21:12:01 PDT" duration-ms="114" status="PASS">
          <params>
            <param index="0">
              <value>
                <![CDATA[[TestResult name=testRegistration1 status=SUCCESS method=RegistrationTests.testRegistration1(java.lang.String, java.lang.String, java.lang.String, java.lang.String, java.lang.String, java.lang.String, java.lang.String, java.lang.String)[pri:5, instance:com.romanceabroad.ui.RegistrationTests@7bedc48a] output={null}]]]>
              </value>
            </param>
          </params>
          <reporter-output>
          </reporter-output>
        </test-method> <!-- closeBrowser -->
      </class> <!-- com.romanceabroad.ui.RegistrationTests -->
    </test> <!-- iPhone X test cases -->
    <test started-at="2020-06-10T21:12:01 PDT" name="iPhone 6/7/8 test cases" finished-at="2020-06-10T21:13:21 PDT" duration-ms="79195">
      <class name="com.romanceabroad.ui.RegistrationTests">
        <test-method is-config="true" signature="setup(java.lang.String, java.lang.String, java.lang.String, java.lang.String, java.lang.String, java.lang.String, java.lang.reflect.Method, org.testng.ITestContext)[pri:0, instance:com.romanceabroad.ui.RegistrationTests@70325e14]" started-at="2020-06-10T21:12:01 PDT" name="setup" finished-at="2020-06-10T21:12:06 PDT" duration-ms="4309" status="PASS">
          <params>
            <param index="0">
              <value>
                <![CDATA[chrome]]>
              </value>
            </param>
            <param index="1">
              <value>
                <![CDATA[web]]>
              </value>
            </param>
            <param index="2">
              <value is-null="true"/>
            </param>
            <param index="3">
              <value is-null="true"/>
            </param>
            <param index="4">
              <value>
                <![CDATA[iPhone 6/7/8]]>
              </value>
            </param>
            <param index="5">
              <value>
                <![CDATA[qa]]>
              </value>
            </param>
            <param index="6">
              <value>
                <![CDATA[public static void com.romanceabroad.ui.RegistrationTests.testBoolean()]]>
              </value>
            </param>
            <param index="7">
              <value>
                <![CDATA[org.testng.TestRunner@494b20a4]]>
              </value>
            </param>
          </params>
          <reporter-output>
          </reporter-output>
        </test-method> <!-- setup -->
        <test-method signature="testBoolean()[pri:0, instance:com.romanceabroad.ui.RegistrationTests@70325e14]" started-at="2020-06-10T21:12:06 PDT" name="testBoolean" finished-at="2020-06-10T21:12:06 PDT" duration-ms="0" status="PASS">
          <reporter-output>
          </reporter-output>
        </test-method> <!-- testBoolean -->
        <test-method is-config="true" signature="closeBrowser(org.testng.ITestResult)[pri:0, instance:com.romanceabroad.ui.RegistrationTests@70325e14]" started-at="2020-06-10T21:12:06 PDT" name="closeBrowser" finished-at="2020-06-10T21:12:06 PDT" duration-ms="114" status="PASS">
          <params>
            <param index="0">
              <value>
                <![CDATA[[TestResult name=testBoolean status=SUCCESS method=RegistrationTests.testBoolean()[pri:0, instance:com.romanceabroad.ui.RegistrationTests@70325e14] output={null}]]]>
              </value>
            </param>
          </params>
          <reporter-output>
          </reporter-output>
        </test-method> <!-- closeBrowser -->
        <test-method is-config="true" signature="setup(java.lang.String, java.lang.String, java.lang.String, java.lang.String, java.lang.String, java.lang.String, java.lang.reflect.Method, org.testng.ITestContext)[pri:0, instance:com.romanceabroad.ui.RegistrationTests@70325e14]" started-at="2020-06-10T21:12:06 PDT" name="setup" finished-at="2020-06-10T21:12:09 PDT" duration-ms="3491" status="PASS">
          <params>
            <param index="0">
              <value>
                <![CDATA[chrome]]>
              </value>
            </param>
            <param index="1">
              <value>
                <![CDATA[web]]>
              </value>
            </param>
            <param index="2">
              <value is-null="true"/>
            </param>
            <param index="3">
              <value is-null="true"/>
            </param>
            <param index="4">
              <value>
                <![CDATA[iPhone 6/7/8]]>
              </value>
            </param>
            <param index="5">
              <value>
                <![CDATA[qa]]>
              </value>
            </param>
            <param index="6">
              <value>
                <![CDATA[public void com.romanceabroad.ui.RegistrationTests.testRegistrationForInvalidEmailTestCase31(java.lang.String,java.lang.String,boolean)]]>
              </value>
            </param>
            <param index="7">
              <value>
                <![CDATA[org.testng.TestRunner@494b20a4]]>
              </value>
            </param>
          </params>
          <reporter-output>
          </reporter-output>
        </test-method> <!-- setup -->
        <test-method signature="testRegistrationForInvalidEmailTestCase31(java.lang.String, java.lang.String, boolean)[pri:2, instance:com.romanceabroad.ui.RegistrationTests@70325e14]" started-at="2020-06-10T21:12:09 PDT" name="testRegistrationForInvalidEmailTestCase31" data-provider="Registration3" finished-at="2020-06-10T21:12:31 PDT" duration-ms="21873" status="FAIL">
          <params>
            <param index="0">
              <value>
                <![CDATA[1]]>
              </value>
            </param>
            <param index="1">
              <value>
                <![CDATA[Nick81423]]>
              </value>
            </param>
            <param index="2">
              <value>
                <![CDATA[false]]>
              </value>
            </param>
          </params>
          <exception class="org.openqa.selenium.TimeoutException">
            <message>
              <![CDATA[Expected condition failed: waiting for element to be clickable: By.xpath: //button[@id='show-registration-block'] (tried for 20 second(s) with 500 milliseconds interval)]]>
            </message>
            <full-stacktrace>
              <![CDATA[org.openqa.selenium.TimeoutException: Expected condition failed: waiting for element to be clickable: By.xpath: //button[@id='show-registration-block'] (tried for 20 second(s) with 500 milliseconds interval)
at org.openqa.selenium.support.ui.WebDriverWait.timeoutException(WebDriverWait.java:95)
at org.openqa.selenium.support.ui.FluentWait.until(FluentWait.java:272)
at com.romanceabroad.ui.BaseActions.ajaxClick(BaseActions.java:91)
at com.romanceabroad.ui.MainPage.clickJoinButton(MainPage.java:46)
at com.romanceabroad.ui.RegistrationTests.testRegistrationForInvalidEmailTestCase31(RegistrationTests.java:53)
at java.base/jdk.internal.reflect.NativeMethodAccessorImpl.invoke0(Native Method)
at java.base/jdk.internal.reflect.NativeMethodAccessorImpl.invoke(NativeMethodAccessorImpl.java:62)
at java.base/jdk.internal.reflect.DelegatingMethodAccessorImpl.invoke(DelegatingMethodAccessorImpl.java:43)
at java.base/java.lang.reflect.Method.invoke(Method.java:566)
at org.testng.internal.MethodInvocationHelper.invokeMethod(MethodInvocationHelper.java:133)
at org.testng.internal.TestInvoker.invokeMethod(TestInvoker.java:584)
at org.testng.internal.TestInvoker.invokeTestMethod(TestInvoker.java:172)
at org.testng.internal.MethodRunner.runInSequence(MethodRunner.java:46)
at org.testng.internal.TestInvoker$MethodInvocationAgent.invoke(TestInvoker.java:804)
at org.testng.internal.TestInvoker.invokeTestMethods(TestInvoker.java:145)
at org.testng.internal.TestMethodWorker.invokeTestMethods(TestMethodWorker.java:146)
at org.testng.internal.TestMethodWorker.run(TestMethodWorker.java:128)
at java.base/java.util.ArrayList.forEach(ArrayList.java:1540)
at org.testng.TestRunner.privateRun(TestRunner.java:770)
at org.testng.TestRunner.run(TestRunner.java:591)
at org.testng.SuiteRunner.runTest(SuiteRunner.java:402)
at org.testng.SuiteRunner.runSequentially(SuiteRunner.java:396)
at org.testng.SuiteRunner.privateRun(SuiteRunner.java:355)
at org.testng.SuiteRunner.run(SuiteRunner.java:304)
at org.testng.SuiteRunnerWorker.runSuite(SuiteRunnerWorker.java:53)
at org.testng.SuiteRunnerWorker.run(SuiteRunnerWorker.java:96)
at org.testng.TestNG.runSuitesSequentially(TestNG.java:1180)
at org.testng.TestNG.runSuitesLocally(TestNG.java:1102)
at org.testng.TestNG.runSuites(TestNG.java:1032)
at org.testng.TestNG.run(TestNG.java:1000)
at org.apache.maven.surefire.testng.TestNGExecutor.run(TestNGExecutor.java:283)
at org.apache.maven.surefire.testng.TestNGXmlTestSuite.execute(TestNGXmlTestSuite.java:75)
at org.apache.maven.surefire.testng.TestNGProvider.invoke(TestNGProvider.java:120)
at org.apache.maven.surefire.booter.ForkedBooter.invokeProviderInSameClassLoader(ForkedBooter.java:384)
at org.apache.maven.surefire.booter.ForkedBooter.runSuitesInProcess(ForkedBooter.java:345)
at org.apache.maven.surefire.booter.ForkedBooter.execute(ForkedBooter.java:126)
at org.apache.maven.surefire.booter.ForkedBooter.main(ForkedBooter.java:418)
Caused by: org.openqa.selenium.NoSuchElementException: no such element: Unable to locate element: {"method":"xpath","selector":"//button[@id='show-registration-block']"}
  (Session info: chrome=83.0.4103.97)
For documentation on this error, please visit: https://www.seleniumhq.org/exceptions/no_such_element.html
Build info: version: '3.141.59', revision: 'e82be7d358', time: '2018-11-14T08:17:03'
System info: host: 'Anaras-MacBook-Pro.local', ip: '2601:647:4a00:ccf0:0:0:0:f5fd%en0', os.name: 'Mac OS X', os.arch: 'x86_64', os.version: '10.14.6', java.version: '11.0.5'
Driver info: org.openqa.selenium.chrome.ChromeDriver
Capabilities {acceptInsecureCerts: false, browserName: chrome, browserVersion: 83.0.4103.97, chrome: {chromedriverVersion: 83.0.4103.39 (ccbf011cb2d2b..., userDataDir: /var/folders/6y/hllg1rhd29j...}, goog:chromeOptions: {debuggerAddress: localhost:55397}, javascriptEnabled: true, networkConnectionEnabled: false, pageLoadStrategy: normal, platform: MAC, platformName: MAC, proxy: Proxy(), setWindowRect: true, strictFileInteractability: false, timeouts: {implicit: 0, pageLoad: 300000, script: 30000}, unhandledPromptBehavior: dismiss and notify, webauthn:virtualAuthenticators: true}
Session ID: 2a2da4d1f010d31510a5201be256b8c9
*** Element info: {Using=xpath, value=//button[@id='show-registration-block']}
at jdk.internal.reflect.GeneratedConstructorAccessor15.newInstance(Unknown Source)
at java.base/jdk.internal.reflect.DelegatingConstructorAccessorImpl.newInstance(DelegatingConstructorAccessorImpl.java:45)
at java.base/java.lang.reflect.Constructor.newInstance(Constructor.java:490)
at org.openqa.selenium.remote.http.W3CHttpResponseCodec.createException(W3CHttpResponseCodec.java:187)
at org.openqa.selenium.remote.http.W3CHttpResponseCodec.decode(W3CHttpResponseCodec.java:122)
at org.openqa.selenium.remote.http.W3CHttpResponseCodec.decode(W3CHttpResponseCodec.java:49)
at org.openqa.selenium.remote.HttpCommandExecutor.execute(HttpCommandExecutor.java:158)
at org.openqa.selenium.remote.service.DriverCommandExecutor.execute(DriverCommandExecutor.java:83)
at org.openqa.selenium.remote.RemoteWebDriver.execute(RemoteWebDriver.java:552)
at org.openqa.selenium.remote.RemoteWebDriver.findElement(RemoteWebDriver.java:323)
at org.openqa.selenium.remote.RemoteWebDriver.findElementByXPath(RemoteWebDriver.java:428)
at org.openqa.selenium.By$ByXPath.findElement(By.java:353)
at org.openqa.selenium.remote.RemoteWebDriver.findElement(RemoteWebDriver.java:315)
at org.openqa.selenium.support.ui.ExpectedConditions$7.apply(ExpectedConditions.java:205)
at org.openqa.selenium.support.ui.ExpectedConditions$7.apply(ExpectedConditions.java:201)
at org.openqa.selenium.support.ui.ExpectedConditions$22.apply(ExpectedConditions.java:641)
at org.openqa.selenium.support.ui.ExpectedConditions$22.apply(ExpectedConditions.java:638)
at org.openqa.selenium.support.ui.FluentWait.until(FluentWait.java:249)
... 35 more
]]>
            </full-stacktrace>
          </exception> <!-- org.openqa.selenium.TimeoutException -->
          <reporter-output>
          </reporter-output>
        </test-method> <!-- testRegistrationForInvalidEmailTestCase31 -->
        <test-method is-config="true" signature="closeBrowser(org.testng.ITestResult)[pri:0, instance:com.romanceabroad.ui.RegistrationTests@70325e14]" started-at="2020-06-10T21:12:31 PDT" name="closeBrowser" finished-at="2020-06-10T21:12:32 PDT" duration-ms="633" status="PASS">
          <params>
            <param index="0">
              <value>
                <![CDATA[[TestResult name=testRegistrationForInvalidEmailTestCase31 status=FAILURE method=RegistrationTests.testRegistrationForInvalidEmailTestCase31(java.lang.String, java.lang.String, boolean)[pri:2, instance:com.romanceabroad.ui.RegistrationTests@70325e14] output={null}]]]>
              </value>
            </param>
          </params>
          <reporter-output>
          </reporter-output>
        </test-method> <!-- closeBrowser -->
        <test-method is-config="true" signature="setup(java.lang.String, java.lang.String, java.lang.String, java.lang.String, java.lang.String, java.lang.String, java.lang.reflect.Method, org.testng.ITestContext)[pri:0, instance:com.romanceabroad.ui.RegistrationTests@70325e14]" started-at="2020-06-10T21:12:32 PDT" name="setup" finished-at="2020-06-10T21:12:36 PDT" duration-ms="3741" status="PASS">
          <params>
            <param index="0">
              <value>
                <![CDATA[chrome]]>
              </value>
            </param>
            <param index="1">
              <value>
                <![CDATA[web]]>
              </value>
            </param>
            <param index="2">
              <value is-null="true"/>
            </param>
            <param index="3">
              <value is-null="true"/>
            </param>
            <param index="4">
              <value>
                <![CDATA[iPhone 6/7/8]]>
              </value>
            </param>
            <param index="5">
              <value>
                <![CDATA[qa]]>
              </value>
            </param>
            <param index="6">
              <value>
                <![CDATA[public void com.romanceabroad.ui.RegistrationTests.testRegistrationForExistingUserTestCase32(java.lang.String,java.lang.String,boolean)]]>
              </value>
            </param>
            <param index="7">
              <value>
                <![CDATA[org.testng.TestRunner@494b20a4]]>
              </value>
            </param>
          </params>
          <reporter-output>
          </reporter-output>
        </test-method> <!-- setup -->
        <test-method signature="testRegistrationForExistingUserTestCase32(java.lang.String, java.lang.String, boolean)[pri:3, instance:com.romanceabroad.ui.RegistrationTests@70325e14]" started-at="2020-06-10T21:12:36 PDT" name="testRegistrationForExistingUserTestCase32" data-provider="Registration4" finished-at="2020-06-10T21:12:58 PDT" duration-ms="21976" status="FAIL">
          <params>
            <param index="0">
              <value>
                <![CDATA[imasheva.anara1@gmail.com]]>
              </value>
            </param>
            <param index="1">
              <value>
                <![CDATA[Nick81423]]>
              </value>
            </param>
            <param index="2">
              <value>
                <![CDATA[false]]>
              </value>
            </param>
          </params>
          <exception class="org.openqa.selenium.TimeoutException">
            <message>
              <![CDATA[Expected condition failed: waiting for element to be clickable: By.xpath: //button[@id='show-registration-block'] (tried for 20 second(s) with 500 milliseconds interval)]]>
            </message>
            <full-stacktrace>
              <![CDATA[org.openqa.selenium.TimeoutException: Expected condition failed: waiting for element to be clickable: By.xpath: //button[@id='show-registration-block'] (tried for 20 second(s) with 500 milliseconds interval)
at org.openqa.selenium.support.ui.WebDriverWait.timeoutException(WebDriverWait.java:95)
at org.openqa.selenium.support.ui.FluentWait.until(FluentWait.java:272)
at com.romanceabroad.ui.BaseActions.ajaxClick(BaseActions.java:91)
at com.romanceabroad.ui.MainPage.clickJoinButton(MainPage.java:46)
at com.romanceabroad.ui.RegistrationTests.testRegistrationForExistingUserTestCase32(RegistrationTests.java:76)
at java.base/jdk.internal.reflect.NativeMethodAccessorImpl.invoke0(Native Method)
at java.base/jdk.internal.reflect.NativeMethodAccessorImpl.invoke(NativeMethodAccessorImpl.java:62)
at java.base/jdk.internal.reflect.DelegatingMethodAccessorImpl.invoke(DelegatingMethodAccessorImpl.java:43)
at java.base/java.lang.reflect.Method.invoke(Method.java:566)
at org.testng.internal.MethodInvocationHelper.invokeMethod(MethodInvocationHelper.java:133)
at org.testng.internal.TestInvoker.invokeMethod(TestInvoker.java:584)
at org.testng.internal.TestInvoker.invokeTestMethod(TestInvoker.java:172)
at org.testng.internal.MethodRunner.runInSequence(MethodRunner.java:46)
at org.testng.internal.TestInvoker$MethodInvocationAgent.invoke(TestInvoker.java:804)
at org.testng.internal.TestInvoker.invokeTestMethods(TestInvoker.java:145)
at org.testng.internal.TestMethodWorker.invokeTestMethods(TestMethodWorker.java:146)
at org.testng.internal.TestMethodWorker.run(TestMethodWorker.java:128)
at java.base/java.util.ArrayList.forEach(ArrayList.java:1540)
at org.testng.TestRunner.privateRun(TestRunner.java:770)
at org.testng.TestRunner.run(TestRunner.java:591)
at org.testng.SuiteRunner.runTest(SuiteRunner.java:402)
at org.testng.SuiteRunner.runSequentially(SuiteRunner.java:396)
at org.testng.SuiteRunner.privateRun(SuiteRunner.java:355)
at org.testng.SuiteRunner.run(SuiteRunner.java:304)
at org.testng.SuiteRunnerWorker.runSuite(SuiteRunnerWorker.java:53)
at org.testng.SuiteRunnerWorker.run(SuiteRunnerWorker.java:96)
at org.testng.TestNG.runSuitesSequentially(TestNG.java:1180)
at org.testng.TestNG.runSuitesLocally(TestNG.java:1102)
at org.testng.TestNG.runSuites(TestNG.java:1032)
at org.testng.TestNG.run(TestNG.java:1000)
at org.apache.maven.surefire.testng.TestNGExecutor.run(TestNGExecutor.java:283)
at org.apache.maven.surefire.testng.TestNGXmlTestSuite.execute(TestNGXmlTestSuite.java:75)
at org.apache.maven.surefire.testng.TestNGProvider.invoke(TestNGProvider.java:120)
at org.apache.maven.surefire.booter.ForkedBooter.invokeProviderInSameClassLoader(ForkedBooter.java:384)
at org.apache.maven.surefire.booter.ForkedBooter.runSuitesInProcess(ForkedBooter.java:345)
at org.apache.maven.surefire.booter.ForkedBooter.execute(ForkedBooter.java:126)
at org.apache.maven.surefire.booter.ForkedBooter.main(ForkedBooter.java:418)
Caused by: org.openqa.selenium.NoSuchElementException: no such element: Unable to locate element: {"method":"xpath","selector":"//button[@id='show-registration-block']"}
  (Session info: chrome=83.0.4103.97)
For documentation on this error, please visit: https://www.seleniumhq.org/exceptions/no_such_element.html
Build info: version: '3.141.59', revision: 'e82be7d358', time: '2018-11-14T08:17:03'
System info: host: 'Anaras-MacBook-Pro.local', ip: '2601:647:4a00:ccf0:0:0:0:f5fd%en0', os.name: 'Mac OS X', os.arch: 'x86_64', os.version: '10.14.6', java.version: '11.0.5'
Driver info: org.openqa.selenium.chrome.ChromeDriver
Capabilities {acceptInsecureCerts: false, browserName: chrome, browserVersion: 83.0.4103.97, chrome: {chromedriverVersion: 83.0.4103.39 (ccbf011cb2d2b..., userDataDir: /var/folders/6y/hllg1rhd29j...}, goog:chromeOptions: {debuggerAddress: localhost:55531}, javascriptEnabled: true, networkConnectionEnabled: false, pageLoadStrategy: normal, platform: MAC, platformName: MAC, proxy: Proxy(), setWindowRect: true, strictFileInteractability: false, timeouts: {implicit: 0, pageLoad: 300000, script: 30000}, unhandledPromptBehavior: dismiss and notify, webauthn:virtualAuthenticators: true}
Session ID: e45ee3a0b1665952e6cb4120f58e43a1
*** Element info: {Using=xpath, value=//button[@id='show-registration-block']}
at jdk.internal.reflect.GeneratedConstructorAccessor15.newInstance(Unknown Source)
at java.base/jdk.internal.reflect.DelegatingConstructorAccessorImpl.newInstance(DelegatingConstructorAccessorImpl.java:45)
at java.base/java.lang.reflect.Constructor.newInstance(Constructor.java:490)
at org.openqa.selenium.remote.http.W3CHttpResponseCodec.createException(W3CHttpResponseCodec.java:187)
at org.openqa.selenium.remote.http.W3CHttpResponseCodec.decode(W3CHttpResponseCodec.java:122)
at org.openqa.selenium.remote.http.W3CHttpResponseCodec.decode(W3CHttpResponseCodec.java:49)
at org.openqa.selenium.remote.HttpCommandExecutor.execute(HttpCommandExecutor.java:158)
at org.openqa.selenium.remote.service.DriverCommandExecutor.execute(DriverCommandExecutor.java:83)
at org.openqa.selenium.remote.RemoteWebDriver.execute(RemoteWebDriver.java:552)
at org.openqa.selenium.remote.RemoteWebDriver.findElement(RemoteWebDriver.java:323)
at org.openqa.selenium.remote.RemoteWebDriver.findElementByXPath(RemoteWebDriver.java:428)
at org.openqa.selenium.By$ByXPath.findElement(By.java:353)
at org.openqa.selenium.remote.RemoteWebDriver.findElement(RemoteWebDriver.java:315)
at org.openqa.selenium.support.ui.ExpectedConditions$7.apply(ExpectedConditions.java:205)
at org.openqa.selenium.support.ui.ExpectedConditions$7.apply(ExpectedConditions.java:201)
at org.openqa.selenium.support.ui.ExpectedConditions$22.apply(ExpectedConditions.java:641)
at org.openqa.selenium.support.ui.ExpectedConditions$22.apply(ExpectedConditions.java:638)
at org.openqa.selenium.support.ui.FluentWait.until(FluentWait.java:249)
... 35 more
]]>
            </full-stacktrace>
          </exception> <!-- org.openqa.selenium.TimeoutException -->
          <reporter-output>
          </reporter-output>
        </test-method> <!-- testRegistrationForExistingUserTestCase32 -->
        <test-method is-config="true" signature="closeBrowser(org.testng.ITestResult)[pri:0, instance:com.romanceabroad.ui.RegistrationTests@70325e14]" started-at="2020-06-10T21:12:58 PDT" name="closeBrowser" finished-at="2020-06-10T21:12:58 PDT" duration-ms="659" status="PASS">
          <params>
            <param index="0">
              <value>
                <![CDATA[[TestResult name=testRegistrationForExistingUserTestCase32 status=FAILURE method=RegistrationTests.testRegistrationForExistingUserTestCase32(java.lang.String, java.lang.String, boolean)[pri:3, instance:com.romanceabroad.ui.RegistrationTests@70325e14] output={null}]]]>
              </value>
            </param>
          </params>
          <reporter-output>
          </reporter-output>
        </test-method> <!-- closeBrowser -->
        <test-method is-config="true" signature="setup(java.lang.String, java.lang.String, java.lang.String, java.lang.String, java.lang.String, java.lang.String, java.lang.reflect.Method, org.testng.ITestContext)[pri:0, instance:com.romanceabroad.ui.RegistrationTests@70325e14]" started-at="2020-06-10T21:12:58 PDT" name="setup" finished-at="2020-06-10T21:13:04 PDT" duration-ms="5802" status="PASS">
          <params>
            <param index="0">
              <value>
                <![CDATA[chrome]]>
              </value>
            </param>
            <param index="1">
              <value>
                <![CDATA[web]]>
              </value>
            </param>
            <param index="2">
              <value is-null="true"/>
            </param>
            <param index="3">
              <value is-null="true"/>
            </param>
            <param index="4">
              <value>
                <![CDATA[iPhone 6/7/8]]>
              </value>
            </param>
            <param index="5">
              <value>
                <![CDATA[qa]]>
              </value>
            </param>
            <param index="6">
              <value>
                <![CDATA[public void com.romanceabroad.ui.RegistrationTests.testRegistration1(java.lang.String,java.lang.String,java.lang.String,java.lang.String,java.lang.String,java.lang.String,java.lang.String,java.lang.String)]]>
              </value>
            </param>
            <param index="7">
              <value>
                <![CDATA[org.testng.TestRunner@494b20a4]]>
              </value>
            </param>
          </params>
          <reporter-output>
          </reporter-output>
        </test-method> <!-- setup -->
        <test-method signature="testRegistration1(java.lang.String, java.lang.String, java.lang.String, java.lang.String, java.lang.String, java.lang.String, java.lang.String, java.lang.String)[pri:5, instance:com.romanceabroad.ui.RegistrationTests@70325e14]" started-at="2020-06-10T21:13:04 PDT" name="testRegistration1" data-provider="Registration" finished-at="2020-06-10T21:13:10 PDT" duration-ms="5687" status="PASS">
          <params>
            <param index="0">
              <value>
                <![CDATA[imashva@gmail.com]]>
              </value>
            </param>
            <param index="1">
              <value>
                <![CDATA[123456]]>
              </value>
            </param>
            <param index="2">
              <value>
                <![CDATA[6197247589]]>
              </value>
            </param>
            <param index="3">
              <value>
                <![CDATA[Jun]]>
              </value>
            </param>
            <param index="4">
              <value>
                <![CDATA[18]]>
              </value>
            </param>
            <param index="5">
              <value>
                <![CDATA[1985]]>
              </value>
            </param>
            <param index="6">
              <value>
                <![CDATA[Sydney]]>
              </value>
            </param>
            <param index="7">
              <value>
                <![CDATA[State of New South Wales]]>
              </value>
            </param>
          </params>
          <reporter-output>
          </reporter-output>
        </test-method> <!-- testRegistration1 -->
        <test-method is-config="true" signature="closeBrowser(org.testng.ITestResult)[pri:0, instance:com.romanceabroad.ui.RegistrationTests@70325e14]" started-at="2020-06-10T21:13:10 PDT" name="closeBrowser" finished-at="2020-06-10T21:13:10 PDT" duration-ms="119" status="PASS">
          <params>
            <param index="0">
              <value>
                <![CDATA[[TestResult name=testRegistration1 status=SUCCESS method=RegistrationTests.testRegistration1(java.lang.String, java.lang.String, java.lang.String, java.lang.String, java.lang.String, java.lang.String, java.lang.String, java.lang.String)[pri:5, instance:com.romanceabroad.ui.RegistrationTests@70325e14] output={null}]]]>
              </value>
            </param>
          </params>
          <reporter-output>
          </reporter-output>
        </test-method> <!-- closeBrowser -->
        <test-method is-config="true" signature="setup(java.lang.String, java.lang.String, java.lang.String, java.lang.String, java.lang.String, java.lang.String, java.lang.reflect.Method, org.testng.ITestContext)[pri:0, instance:com.romanceabroad.ui.RegistrationTests@70325e14]" started-at="2020-06-10T21:13:10 PDT" name="setup" finished-at="2020-06-10T21:13:15 PDT" duration-ms="5053" status="PASS">
          <params>
            <param index="0">
              <value>
                <![CDATA[chrome]]>
              </value>
            </param>
            <param index="1">
              <value>
                <![CDATA[web]]>
              </value>
            </param>
            <param index="2">
              <value is-null="true"/>
            </param>
            <param index="3">
              <value is-null="true"/>
            </param>
            <param index="4">
              <value>
                <![CDATA[iPhone 6/7/8]]>
              </value>
            </param>
            <param index="5">
              <value>
                <![CDATA[qa]]>
              </value>
            </param>
            <param index="6">
              <value>
                <![CDATA[public void com.romanceabroad.ui.RegistrationTests.testRegistration1(java.lang.String,java.lang.String,java.lang.String,java.lang.String,java.lang.String,java.lang.String,java.lang.String,java.lang.String)]]>
              </value>
            </param>
            <param index="7">
              <value>
                <![CDATA[org.testng.TestRunner@494b20a4]]>
              </value>
            </param>
          </params>
          <reporter-output>
          </reporter-output>
        </test-method> <!-- setup -->
        <test-method signature="testRegistration1(java.lang.String, java.lang.String, java.lang.String, java.lang.String, java.lang.String, java.lang.String, java.lang.String, java.lang.String)[pri:5, instance:com.romanceabroad.ui.RegistrationTests@70325e14]" started-at="2020-06-10T21:13:15 PDT" name="testRegistration1" data-provider="Registration" finished-at="2020-06-10T21:13:21 PDT" duration-ms="5614" status="PASS">
          <params>
            <param index="0">
              <value>
                <![CDATA[ya@yahoo.com]]>
              </value>
            </param>
            <param index="1">
              <value>
                <![CDATA[5678910]]>
              </value>
            </param>
            <param index="2">
              <value>
                <![CDATA[6507899090]]>
              </value>
            </param>
            <param index="3">
              <value>
                <![CDATA[Feb]]>
              </value>
            </param>
            <param index="4">
              <value>
                <![CDATA[18]]>
              </value>
            </param>
            <param index="5">
              <value>
                <![CDATA[1960]]>
              </value>
            </param>
            <param index="6">
              <value>
                <![CDATA[Boston]]>
              </value>
            </param>
            <param index="7">
              <value>
                <![CDATA[Massachusetts]]>
              </value>
            </param>
          </params>
          <reporter-output>
          </reporter-output>
        </test-method> <!-- testRegistration1 -->
        <test-method is-config="true" signature="closeBrowser(org.testng.ITestResult)[pri:0, instance:com.romanceabroad.ui.RegistrationTests@70325e14]" started-at="2020-06-10T21:13:21 PDT" name="closeBrowser" finished-at="2020-06-10T21:13:21 PDT" duration-ms="115" status="PASS">
          <params>
            <param index="0">
              <value>
                <![CDATA[[TestResult name=testRegistration1 status=SUCCESS method=RegistrationTests.testRegistration1(java.lang.String, java.lang.String, java.lang.String, java.lang.String, java.lang.String, java.lang.String, java.lang.String, java.lang.String)[pri:5, instance:com.romanceabroad.ui.RegistrationTests@70325e14] output={null}]]]>
              </value>
            </param>
          </params>
          <reporter-output>
          </reporter-output>
        </test-method> <!-- closeBrowser -->
      </class> <!-- com.romanceabroad.ui.RegistrationTests -->
    </test> <!-- iPhone 6/7/8 test cases -->
    <test started-at="2020-06-10T21:13:21 PDT" name="iPhone 6/7/8 Plus test cases" finished-at="2020-06-10T21:14:15 PDT" duration-ms="54146">
      <class name="com.romanceabroad.ui.RegistrationTests">
        <test-method is-config="true" signature="setup(java.lang.String, java.lang.String, java.lang.String, java.lang.String, java.lang.String, java.lang.String, java.lang.reflect.Method, org.testng.ITestContext)[pri:0, instance:com.romanceabroad.ui.RegistrationTests@69453e37]" started-at="2020-06-10T21:13:21 PDT" name="setup" finished-at="2020-06-10T21:13:26 PDT" duration-ms="4985" status="PASS">
          <params>
            <param index="0">
              <value>
                <![CDATA[chrome]]>
              </value>
            </param>
            <param index="1">
              <value>
                <![CDATA[web]]>
              </value>
            </param>
            <param index="2">
              <value is-null="true"/>
            </param>
            <param index="3">
              <value is-null="true"/>
            </param>
            <param index="4">
              <value>
                <![CDATA[iPhone 6/7/8 Plus]]>
              </value>
            </param>
            <param index="5">
              <value>
                <![CDATA[qa]]>
              </value>
            </param>
            <param index="6">
              <value>
                <![CDATA[public static void com.romanceabroad.ui.RegistrationTests.testBoolean()]]>
              </value>
            </param>
            <param index="7">
              <value>
                <![CDATA[org.testng.TestRunner@584c289b]]>
              </value>
            </param>
          </params>
          <reporter-output>
          </reporter-output>
        </test-method> <!-- setup -->
        <test-method signature="testBoolean()[pri:0, instance:com.romanceabroad.ui.RegistrationTests@69453e37]" started-at="2020-06-10T21:13:26 PDT" name="testBoolean" finished-at="2020-06-10T21:13:26 PDT" duration-ms="1" status="PASS">
          <reporter-output>
          </reporter-output>
        </test-method> <!-- testBoolean -->
        <test-method is-config="true" signature="closeBrowser(org.testng.ITestResult)[pri:0, instance:com.romanceabroad.ui.RegistrationTests@69453e37]" started-at="2020-06-10T21:13:26 PDT" name="closeBrowser" finished-at="2020-06-10T21:13:26 PDT" duration-ms="117" status="PASS">
          <params>
            <param index="0">
              <value>
                <![CDATA[[TestResult name=testBoolean status=SUCCESS method=RegistrationTests.testBoolean()[pri:0, instance:com.romanceabroad.ui.RegistrationTests@69453e37] output={null}]]]>
              </value>
            </param>
          </params>
          <reporter-output>
          </reporter-output>
        </test-method> <!-- closeBrowser -->
        <test-method is-config="true" signature="setup(java.lang.String, java.lang.String, java.lang.String, java.lang.String, java.lang.String, java.lang.String, java.lang.reflect.Method, org.testng.ITestContext)[pri:0, instance:com.romanceabroad.ui.RegistrationTests@69453e37]" started-at="2020-06-10T21:13:26 PDT" name="setup" finished-at="2020-06-10T21:13:31 PDT" duration-ms="5039" status="PASS">
          <params>
            <param index="0">
              <value>
                <![CDATA[chrome]]>
              </value>
            </param>
            <param index="1">
              <value>
                <![CDATA[web]]>
              </value>
            </param>
            <param index="2">
              <value is-null="true"/>
            </param>
            <param index="3">
              <value is-null="true"/>
            </param>
            <param index="4">
              <value>
                <![CDATA[iPhone 6/7/8 Plus]]>
              </value>
            </param>
            <param index="5">
              <value>
                <![CDATA[qa]]>
              </value>
            </param>
            <param index="6">
              <value>
                <![CDATA[public void com.romanceabroad.ui.RegistrationTests.testRegistrationForInvalidEmailTestCase31(java.lang.String,java.lang.String,boolean)]]>
              </value>
            </param>
            <param index="7">
              <value>
                <![CDATA[org.testng.TestRunner@584c289b]]>
              </value>
            </param>
          </params>
          <reporter-output>
          </reporter-output>
        </test-method> <!-- setup -->
        <test-method signature="testRegistrationForInvalidEmailTestCase31(java.lang.String, java.lang.String, boolean)[pri:2, instance:com.romanceabroad.ui.RegistrationTests@69453e37]" started-at="2020-06-10T21:13:31 PDT" name="testRegistrationForInvalidEmailTestCase31" data-provider="Registration3" finished-at="2020-06-10T21:13:31 PDT" duration-ms="359" status="PASS">
          <params>
            <param index="0">
              <value>
                <![CDATA[1]]>
              </value>
            </param>
            <param index="1">
              <value>
                <![CDATA[Nick81423]]>
              </value>
            </param>
            <param index="2">
              <value>
                <![CDATA[false]]>
              </value>
            </param>
          </params>
          <reporter-output>
          </reporter-output>
        </test-method> <!-- testRegistrationForInvalidEmailTestCase31 -->
        <test-method is-config="true" signature="closeBrowser(org.testng.ITestResult)[pri:0, instance:com.romanceabroad.ui.RegistrationTests@69453e37]" started-at="2020-06-10T21:13:31 PDT" name="closeBrowser" finished-at="2020-06-10T21:13:31 PDT" duration-ms="117" status="PASS">
          <params>
            <param index="0">
              <value>
                <![CDATA[[TestResult name=testRegistrationForInvalidEmailTestCase31 status=SUCCESS method=RegistrationTests.testRegistrationForInvalidEmailTestCase31(java.lang.String, java.lang.String, boolean)[pri:2, instance:com.romanceabroad.ui.RegistrationTests@69453e37] output={null}]]]>
              </value>
            </param>
          </params>
          <reporter-output>
          </reporter-output>
        </test-method> <!-- closeBrowser -->
        <test-method is-config="true" signature="setup(java.lang.String, java.lang.String, java.lang.String, java.lang.String, java.lang.String, java.lang.String, java.lang.reflect.Method, org.testng.ITestContext)[pri:0, instance:com.romanceabroad.ui.RegistrationTests@69453e37]" started-at="2020-06-10T21:13:31 PDT" name="setup" finished-at="2020-06-10T21:13:36 PDT" duration-ms="5136" status="PASS">
          <params>
            <param index="0">
              <value>
                <![CDATA[chrome]]>
              </value>
            </param>
            <param index="1">
              <value>
                <![CDATA[web]]>
              </value>
            </param>
            <param index="2">
              <value is-null="true"/>
            </param>
            <param index="3">
              <value is-null="true"/>
            </param>
            <param index="4">
              <value>
                <![CDATA[iPhone 6/7/8 Plus]]>
              </value>
            </param>
            <param index="5">
              <value>
                <![CDATA[qa]]>
              </value>
            </param>
            <param index="6">
              <value>
                <![CDATA[public void com.romanceabroad.ui.RegistrationTests.testRegistrationForExistingUserTestCase32(java.lang.String,java.lang.String,boolean)]]>
              </value>
            </param>
            <param index="7">
              <value>
                <![CDATA[org.testng.TestRunner@584c289b]]>
              </value>
            </param>
          </params>
          <reporter-output>
          </reporter-output>
        </test-method> <!-- setup -->
        <test-method signature="testRegistrationForExistingUserTestCase32(java.lang.String, java.lang.String, boolean)[pri:3, instance:com.romanceabroad.ui.RegistrationTests@69453e37]" started-at="2020-06-10T21:13:36 PDT" name="testRegistrationForExistingUserTestCase32" data-provider="Registration4" finished-at="2020-06-10T21:13:38 PDT" duration-ms="1267" status="PASS">
          <params>
            <param index="0">
              <value>
                <![CDATA[imasheva.anara1@gmail.com]]>
              </value>
            </param>
            <param index="1">
              <value>
                <![CDATA[Nick81423]]>
              </value>
            </param>
            <param index="2">
              <value>
                <![CDATA[false]]>
              </value>
            </param>
          </params>
          <reporter-output>
          </reporter-output>
        </test-method> <!-- testRegistrationForExistingUserTestCase32 -->
        <test-method is-config="true" signature="closeBrowser(org.testng.ITestResult)[pri:0, instance:com.romanceabroad.ui.RegistrationTests@69453e37]" started-at="2020-06-10T21:13:38 PDT" name="closeBrowser" finished-at="2020-06-10T21:13:38 PDT" duration-ms="115" status="PASS">
          <params>
            <param index="0">
              <value>
                <![CDATA[[TestResult name=testRegistrationForExistingUserTestCase32 status=SUCCESS method=RegistrationTests.testRegistrationForExistingUserTestCase32(java.lang.String, java.lang.String, boolean)[pri:3, instance:com.romanceabroad.ui.RegistrationTests@69453e37] output={null}]]]>
              </value>
            </param>
          </params>
          <reporter-output>
          </reporter-output>
        </test-method> <!-- closeBrowser -->
        <test-method is-config="true" signature="setup(java.lang.String, java.lang.String, java.lang.String, java.lang.String, java.lang.String, java.lang.String, java.lang.reflect.Method, org.testng.ITestContext)[pri:0, instance:com.romanceabroad.ui.RegistrationTests@69453e37]" started-at="2020-06-10T21:13:38 PDT" name="setup" finished-at="2020-06-10T21:13:41 PDT" duration-ms="3565" status="PASS">
          <params>
            <param index="0">
              <value>
                <![CDATA[chrome]]>
              </value>
            </param>
            <param index="1">
              <value>
                <![CDATA[web]]>
              </value>
            </param>
            <param index="2">
              <value is-null="true"/>
            </param>
            <param index="3">
              <value is-null="true"/>
            </param>
            <param index="4">
              <value>
                <![CDATA[iPhone 6/7/8 Plus]]>
              </value>
            </param>
            <param index="5">
              <value>
                <![CDATA[qa]]>
              </value>
            </param>
            <param index="6">
              <value>
                <![CDATA[public void com.romanceabroad.ui.RegistrationTests.testRegistration1(java.lang.String,java.lang.String,java.lang.String,java.lang.String,java.lang.String,java.lang.String,java.lang.String,java.lang.String)]]>
              </value>
            </param>
            <param index="7">
              <value>
                <![CDATA[org.testng.TestRunner@584c289b]]>
              </value>
            </param>
          </params>
          <reporter-output>
          </reporter-output>
        </test-method> <!-- setup -->
        <test-method signature="testRegistration1(java.lang.String, java.lang.String, java.lang.String, java.lang.String, java.lang.String, java.lang.String, java.lang.String, java.lang.String)[pri:5, instance:com.romanceabroad.ui.RegistrationTests@69453e37]" started-at="2020-06-10T21:13:41 PDT" name="testRegistration1" data-provider="Registration" finished-at="2020-06-10T21:14:03 PDT" duration-ms="22112" status="FAIL">
          <params>
            <param index="0">
              <value>
                <![CDATA[imashva@gmail.com]]>
              </value>
            </param>
            <param index="1">
              <value>
                <![CDATA[123456]]>
              </value>
            </param>
            <param index="2">
              <value>
                <![CDATA[6197247589]]>
              </value>
            </param>
            <param index="3">
              <value>
                <![CDATA[Jun]]>
              </value>
            </param>
            <param index="4">
              <value>
                <![CDATA[18]]>
              </value>
            </param>
            <param index="5">
              <value>
                <![CDATA[1985]]>
              </value>
            </param>
            <param index="6">
              <value>
                <![CDATA[Sydney]]>
              </value>
            </param>
            <param index="7">
              <value>
                <![CDATA[State of New South Wales]]>
              </value>
            </param>
          </params>
          <exception class="org.openqa.selenium.TimeoutException">
            <message>
              <![CDATA[Expected condition failed: waiting for element to be clickable: By.xpath: //button[@id='show-registration-block'] (tried for 20 second(s) with 500 milliseconds interval)]]>
            </message>
            <full-stacktrace>
              <![CDATA[org.openqa.selenium.TimeoutException: Expected condition failed: waiting for element to be clickable: By.xpath: //button[@id='show-registration-block'] (tried for 20 second(s) with 500 milliseconds interval)
at org.openqa.selenium.support.ui.WebDriverWait.timeoutException(WebDriverWait.java:95)
at org.openqa.selenium.support.ui.FluentWait.until(FluentWait.java:272)
at com.romanceabroad.ui.BaseActions.ajaxClick(BaseActions.java:91)
at com.romanceabroad.ui.MainPage.clickJoinButton(MainPage.java:46)
at com.romanceabroad.ui.RegistrationTests.testRegistration1(RegistrationTests.java:132)
at java.base/jdk.internal.reflect.NativeMethodAccessorImpl.invoke0(Native Method)
at java.base/jdk.internal.reflect.NativeMethodAccessorImpl.invoke(NativeMethodAccessorImpl.java:62)
at java.base/jdk.internal.reflect.DelegatingMethodAccessorImpl.invoke(DelegatingMethodAccessorImpl.java:43)
at java.base/java.lang.reflect.Method.invoke(Method.java:566)
at org.testng.internal.MethodInvocationHelper.invokeMethod(MethodInvocationHelper.java:133)
at org.testng.internal.TestInvoker.invokeMethod(TestInvoker.java:584)
at org.testng.internal.TestInvoker.invokeTestMethod(TestInvoker.java:172)
at org.testng.internal.MethodRunner.runInSequence(MethodRunner.java:46)
at org.testng.internal.TestInvoker$MethodInvocationAgent.invoke(TestInvoker.java:804)
at org.testng.internal.TestInvoker.invokeTestMethods(TestInvoker.java:145)
at org.testng.internal.TestMethodWorker.invokeTestMethods(TestMethodWorker.java:146)
at org.testng.internal.TestMethodWorker.run(TestMethodWorker.java:128)
at java.base/java.util.ArrayList.forEach(ArrayList.java:1540)
at org.testng.TestRunner.privateRun(TestRunner.java:770)
at org.testng.TestRunner.run(TestRunner.java:591)
at org.testng.SuiteRunner.runTest(SuiteRunner.java:402)
at org.testng.SuiteRunner.runSequentially(SuiteRunner.java:396)
at org.testng.SuiteRunner.privateRun(SuiteRunner.java:355)
at org.testng.SuiteRunner.run(SuiteRunner.java:304)
at org.testng.SuiteRunnerWorker.runSuite(SuiteRunnerWorker.java:53)
at org.testng.SuiteRunnerWorker.run(SuiteRunnerWorker.java:96)
at org.testng.TestNG.runSuitesSequentially(TestNG.java:1180)
at org.testng.TestNG.runSuitesLocally(TestNG.java:1102)
at org.testng.TestNG.runSuites(TestNG.java:1032)
at org.testng.TestNG.run(TestNG.java:1000)
at org.apache.maven.surefire.testng.TestNGExecutor.run(TestNGExecutor.java:283)
at org.apache.maven.surefire.testng.TestNGXmlTestSuite.execute(TestNGXmlTestSuite.java:75)
at org.apache.maven.surefire.testng.TestNGProvider.invoke(TestNGProvider.java:120)
at org.apache.maven.surefire.booter.ForkedBooter.invokeProviderInSameClassLoader(ForkedBooter.java:384)
at org.apache.maven.surefire.booter.ForkedBooter.runSuitesInProcess(ForkedBooter.java:345)
at org.apache.maven.surefire.booter.ForkedBooter.execute(ForkedBooter.java:126)
at org.apache.maven.surefire.booter.ForkedBooter.main(ForkedBooter.java:418)
Caused by: org.openqa.selenium.NoSuchElementException: no such element: Unable to locate element: {"method":"xpath","selector":"//button[@id='show-registration-block']"}
  (Session info: chrome=83.0.4103.97)
For documentation on this error, please visit: https://www.seleniumhq.org/exceptions/no_such_element.html
Build info: version: '3.141.59', revision: 'e82be7d358', time: '2018-11-14T08:17:03'
System info: host: 'Anaras-MacBook-Pro.local', ip: '2601:647:4a00:ccf0:0:0:0:f5fd%en0', os.name: 'Mac OS X', os.arch: 'x86_64', os.version: '10.14.6', java.version: '11.0.5'
Driver info: org.openqa.selenium.chrome.ChromeDriver
Capabilities {acceptInsecureCerts: false, browserName: chrome, browserVersion: 83.0.4103.97, chrome: {chromedriverVersion: 83.0.4103.39 (ccbf011cb2d2b..., userDataDir: /var/folders/6y/hllg1rhd29j...}, goog:chromeOptions: {debuggerAddress: localhost:55962}, javascriptEnabled: true, networkConnectionEnabled: false, pageLoadStrategy: normal, platform: MAC, platformName: MAC, proxy: Proxy(), setWindowRect: true, strictFileInteractability: false, timeouts: {implicit: 0, pageLoad: 300000, script: 30000}, unhandledPromptBehavior: dismiss and notify, webauthn:virtualAuthenticators: true}
Session ID: c5d9acd02065f3faea1944946618a4a4
*** Element info: {Using=xpath, value=//button[@id='show-registration-block']}
at jdk.internal.reflect.GeneratedConstructorAccessor15.newInstance(Unknown Source)
at java.base/jdk.internal.reflect.DelegatingConstructorAccessorImpl.newInstance(DelegatingConstructorAccessorImpl.java:45)
at java.base/java.lang.reflect.Constructor.newInstance(Constructor.java:490)
at org.openqa.selenium.remote.http.W3CHttpResponseCodec.createException(W3CHttpResponseCodec.java:187)
at org.openqa.selenium.remote.http.W3CHttpResponseCodec.decode(W3CHttpResponseCodec.java:122)
at org.openqa.selenium.remote.http.W3CHttpResponseCodec.decode(W3CHttpResponseCodec.java:49)
at org.openqa.selenium.remote.HttpCommandExecutor.execute(HttpCommandExecutor.java:158)
at org.openqa.selenium.remote.service.DriverCommandExecutor.execute(DriverCommandExecutor.java:83)
at org.openqa.selenium.remote.RemoteWebDriver.execute(RemoteWebDriver.java:552)
at org.openqa.selenium.remote.RemoteWebDriver.findElement(RemoteWebDriver.java:323)
at org.openqa.selenium.remote.RemoteWebDriver.findElementByXPath(RemoteWebDriver.java:428)
at org.openqa.selenium.By$ByXPath.findElement(By.java:353)
at org.openqa.selenium.remote.RemoteWebDriver.findElement(RemoteWebDriver.java:315)
at org.openqa.selenium.support.ui.ExpectedConditions$7.apply(ExpectedConditions.java:205)
at org.openqa.selenium.support.ui.ExpectedConditions$7.apply(ExpectedConditions.java:201)
at org.openqa.selenium.support.ui.ExpectedConditions$22.apply(ExpectedConditions.java:641)
at org.openqa.selenium.support.ui.ExpectedConditions$22.apply(ExpectedConditions.java:638)
at org.openqa.selenium.support.ui.FluentWait.until(FluentWait.java:249)
... 35 more
]]>
            </full-stacktrace>
          </exception> <!-- org.openqa.selenium.TimeoutException -->
          <reporter-output>
          </reporter-output>
        </test-method> <!-- testRegistration1 -->
        <test-method is-config="true" signature="closeBrowser(org.testng.ITestResult)[pri:0, instance:com.romanceabroad.ui.RegistrationTests@69453e37]" started-at="2020-06-10T21:14:03 PDT" name="closeBrowser" finished-at="2020-06-10T21:14:04 PDT" duration-ms="652" status="PASS">
          <params>
            <param index="0">
              <value>
                <![CDATA[[TestResult name=testRegistration1 status=FAILURE method=RegistrationTests.testRegistration1(java.lang.String, java.lang.String, java.lang.String, java.lang.String, java.lang.String, java.lang.String, java.lang.String, java.lang.String)[pri:5, instance:com.romanceabroad.ui.RegistrationTests@69453e37] output={null}]]]>
              </value>
            </param>
          </params>
          <reporter-output>
          </reporter-output>
        </test-method> <!-- closeBrowser -->
        <test-method is-config="true" signature="setup(java.lang.String, java.lang.String, java.lang.String, java.lang.String, java.lang.String, java.lang.String, java.lang.reflect.Method, org.testng.ITestContext)[pri:0, instance:com.romanceabroad.ui.RegistrationTests@69453e37]" started-at="2020-06-10T21:14:04 PDT" name="setup" finished-at="2020-06-10T21:14:09 PDT" duration-ms="4796" status="PASS">
          <params>
            <param index="0">
              <value>
                <![CDATA[chrome]]>
              </value>
            </param>
            <param index="1">
              <value>
                <![CDATA[web]]>
              </value>
            </param>
            <param index="2">
              <value is-null="true"/>
            </param>
            <param index="3">
              <value is-null="true"/>
            </param>
            <param index="4">
              <value>
                <![CDATA[iPhone 6/7/8 Plus]]>
              </value>
            </param>
            <param index="5">
              <value>
                <![CDATA[qa]]>
              </value>
            </param>
            <param index="6">
              <value>
                <![CDATA[public void com.romanceabroad.ui.RegistrationTests.testRegistration1(java.lang.String,java.lang.String,java.lang.String,java.lang.String,java.lang.String,java.lang.String,java.lang.String,java.lang.String)]]>
              </value>
            </param>
            <param index="7">
              <value>
                <![CDATA[org.testng.TestRunner@584c289b]]>
              </value>
            </param>
          </params>
          <reporter-output>
          </reporter-output>
        </test-method> <!-- setup -->
        <test-method signature="testRegistration1(java.lang.String, java.lang.String, java.lang.String, java.lang.String, java.lang.String, java.lang.String, java.lang.String, java.lang.String)[pri:5, instance:com.romanceabroad.ui.RegistrationTests@69453e37]" started-at="2020-06-10T21:14:09 PDT" name="testRegistration1" data-provider="Registration" finished-at="2020-06-10T21:14:15 PDT" duration-ms="5760" status="PASS">
          <params>
            <param index="0">
              <value>
                <![CDATA[ya@yahoo.com]]>
              </value>
            </param>
            <param index="1">
              <value>
                <![CDATA[5678910]]>
              </value>
            </param>
            <param index="2">
              <value>
                <![CDATA[6507899090]]>
              </value>
            </param>
            <param index="3">
              <value>
                <![CDATA[Feb]]>
              </value>
            </param>
            <param index="4">
              <value>
                <![CDATA[18]]>
              </value>
            </param>
            <param index="5">
              <value>
                <![CDATA[1960]]>
              </value>
            </param>
            <param index="6">
              <value>
                <![CDATA[Boston]]>
              </value>
            </param>
            <param index="7">
              <value>
                <![CDATA[Massachusetts]]>
              </value>
            </param>
          </params>
          <reporter-output>
          </reporter-output>
        </test-method> <!-- testRegistration1 -->
        <test-method is-config="true" signature="closeBrowser(org.testng.ITestResult)[pri:0, instance:com.romanceabroad.ui.RegistrationTests@69453e37]" started-at="2020-06-10T21:14:15 PDT" name="closeBrowser" finished-at="2020-06-10T21:14:15 PDT" duration-ms="120" status="PASS">
          <params>
            <param index="0">
              <value>
                <![CDATA[[TestResult name=testRegistration1 status=SUCCESS method=RegistrationTests.testRegistration1(java.lang.String, java.lang.String, java.lang.String, java.lang.String, java.lang.String, java.lang.String, java.lang.String, java.lang.String)[pri:5, instance:com.romanceabroad.ui.RegistrationTests@69453e37] output={null}]]]>
              </value>
            </param>
          </params>
          <reporter-output>
          </reporter-output>
        </test-method> <!-- closeBrowser -->
      </class> <!-- com.romanceabroad.ui.RegistrationTests -->
    </test> <!-- iPhone 6/7/8 Plus test cases -->
    <test started-at="2020-06-10T21:14:15 PDT" name="Galaxy Note 3 test cases" finished-at="2020-06-10T21:14:52 PDT" duration-ms="37419">
      <class name="com.romanceabroad.ui.RegistrationTests">
        <test-method is-config="true" signature="setup(java.lang.String, java.lang.String, java.lang.String, java.lang.String, java.lang.String, java.lang.String, java.lang.reflect.Method, org.testng.ITestContext)[pri:0, instance:com.romanceabroad.ui.RegistrationTests@43c1b556]" started-at="2020-06-10T21:14:15 PDT" name="setup" finished-at="2020-06-10T21:14:20 PDT" duration-ms="4927" status="PASS">
          <params>
            <param index="0">
              <value>
                <![CDATA[chrome]]>
              </value>
            </param>
            <param index="1">
              <value>
                <![CDATA[web]]>
              </value>
            </param>
            <param index="2">
              <value is-null="true"/>
            </param>
            <param index="3">
              <value is-null="true"/>
            </param>
            <param index="4">
              <value>
                <![CDATA[Galaxy Note 3]]>
              </value>
            </param>
            <param index="5">
              <value>
                <![CDATA[qa]]>
              </value>
            </param>
            <param index="6">
              <value>
                <![CDATA[public static void com.romanceabroad.ui.RegistrationTests.testBoolean()]]>
              </value>
            </param>
            <param index="7">
              <value>
                <![CDATA[org.testng.TestRunner@76f51ce2]]>
              </value>
            </param>
          </params>
          <reporter-output>
          </reporter-output>
        </test-method> <!-- setup -->
        <test-method signature="testBoolean()[pri:0, instance:com.romanceabroad.ui.RegistrationTests@43c1b556]" started-at="2020-06-10T21:14:20 PDT" name="testBoolean" finished-at="2020-06-10T21:14:20 PDT" duration-ms="1" status="PASS">
          <reporter-output>
          </reporter-output>
        </test-method> <!-- testBoolean -->
        <test-method is-config="true" signature="closeBrowser(org.testng.ITestResult)[pri:0, instance:com.romanceabroad.ui.RegistrationTests@43c1b556]" started-at="2020-06-10T21:14:20 PDT" name="closeBrowser" finished-at="2020-06-10T21:14:20 PDT" duration-ms="124" status="PASS">
          <params>
            <param index="0">
              <value>
                <![CDATA[[TestResult name=testBoolean status=SUCCESS method=RegistrationTests.testBoolean()[pri:0, instance:com.romanceabroad.ui.RegistrationTests@43c1b556] output={null}]]]>
              </value>
            </param>
          </params>
          <reporter-output>
          </reporter-output>
        </test-method> <!-- closeBrowser -->
        <test-method is-config="true" signature="setup(java.lang.String, java.lang.String, java.lang.String, java.lang.String, java.lang.String, java.lang.String, java.lang.reflect.Method, org.testng.ITestContext)[pri:0, instance:com.romanceabroad.ui.RegistrationTests@43c1b556]" started-at="2020-06-10T21:14:20 PDT" name="setup" finished-at="2020-06-10T21:14:25 PDT" duration-ms="4819" status="PASS">
          <params>
            <param index="0">
              <value>
                <![CDATA[chrome]]>
              </value>
            </param>
            <param index="1">
              <value>
                <![CDATA[web]]>
              </value>
            </param>
            <param index="2">
              <value is-null="true"/>
            </param>
            <param index="3">
              <value is-null="true"/>
            </param>
            <param index="4">
              <value>
                <![CDATA[Galaxy Note 3]]>
              </value>
            </param>
            <param index="5">
              <value>
                <![CDATA[qa]]>
              </value>
            </param>
            <param index="6">
              <value>
                <![CDATA[public void com.romanceabroad.ui.RegistrationTests.testRegistrationForInvalidEmailTestCase31(java.lang.String,java.lang.String,boolean)]]>
              </value>
            </param>
            <param index="7">
              <value>
                <![CDATA[org.testng.TestRunner@76f51ce2]]>
              </value>
            </param>
          </params>
          <reporter-output>
          </reporter-output>
        </test-method> <!-- setup -->
        <test-method signature="testRegistrationForInvalidEmailTestCase31(java.lang.String, java.lang.String, boolean)[pri:2, instance:com.romanceabroad.ui.RegistrationTests@43c1b556]" started-at="2020-06-10T21:14:25 PDT" name="testRegistrationForInvalidEmailTestCase31" data-provider="Registration3" finished-at="2020-06-10T21:14:25 PDT" duration-ms="357" status="PASS">
          <params>
            <param index="0">
              <value>
                <![CDATA[1]]>
              </value>
            </param>
            <param index="1">
              <value>
                <![CDATA[Nick81423]]>
              </value>
            </param>
            <param index="2">
              <value>
                <![CDATA[false]]>
              </value>
            </param>
          </params>
          <reporter-output>
          </reporter-output>
        </test-method> <!-- testRegistrationForInvalidEmailTestCase31 -->
        <test-method is-config="true" signature="closeBrowser(org.testng.ITestResult)[pri:0, instance:com.romanceabroad.ui.RegistrationTests@43c1b556]" started-at="2020-06-10T21:14:25 PDT" name="closeBrowser" finished-at="2020-06-10T21:14:25 PDT" duration-ms="116" status="PASS">
          <params>
            <param index="0">
              <value>
                <![CDATA[[TestResult name=testRegistrationForInvalidEmailTestCase31 status=SUCCESS method=RegistrationTests.testRegistrationForInvalidEmailTestCase31(java.lang.String, java.lang.String, boolean)[pri:2, instance:com.romanceabroad.ui.RegistrationTests@43c1b556] output={null}]]]>
              </value>
            </param>
          </params>
          <reporter-output>
          </reporter-output>
        </test-method> <!-- closeBrowser -->
        <test-method is-config="true" signature="setup(java.lang.String, java.lang.String, java.lang.String, java.lang.String, java.lang.String, java.lang.String, java.lang.reflect.Method, org.testng.ITestContext)[pri:0, instance:com.romanceabroad.ui.RegistrationTests@43c1b556]" started-at="2020-06-10T21:14:25 PDT" name="setup" finished-at="2020-06-10T21:14:30 PDT" duration-ms="4627" status="PASS">
          <params>
            <param index="0">
              <value>
                <![CDATA[chrome]]>
              </value>
            </param>
            <param index="1">
              <value>
                <![CDATA[web]]>
              </value>
            </param>
            <param index="2">
              <value is-null="true"/>
            </param>
            <param index="3">
              <value is-null="true"/>
            </param>
            <param index="4">
              <value>
                <![CDATA[Galaxy Note 3]]>
              </value>
            </param>
            <param index="5">
              <value>
                <![CDATA[qa]]>
              </value>
            </param>
            <param index="6">
              <value>
                <![CDATA[public void com.romanceabroad.ui.RegistrationTests.testRegistrationForExistingUserTestCase32(java.lang.String,java.lang.String,boolean)]]>
              </value>
            </param>
            <param index="7">
              <value>
                <![CDATA[org.testng.TestRunner@76f51ce2]]>
              </value>
            </param>
          </params>
          <reporter-output>
          </reporter-output>
        </test-method> <!-- setup -->
        <test-method signature="testRegistrationForExistingUserTestCase32(java.lang.String, java.lang.String, boolean)[pri:3, instance:com.romanceabroad.ui.RegistrationTests@43c1b556]" started-at="2020-06-10T21:14:30 PDT" name="testRegistrationForExistingUserTestCase32" data-provider="Registration4" finished-at="2020-06-10T21:14:31 PDT" duration-ms="1680" status="PASS">
          <params>
            <param index="0">
              <value>
                <![CDATA[imasheva.anara1@gmail.com]]>
              </value>
            </param>
            <param index="1">
              <value>
                <![CDATA[Nick81423]]>
              </value>
            </param>
            <param index="2">
              <value>
                <![CDATA[false]]>
              </value>
            </param>
          </params>
          <reporter-output>
          </reporter-output>
        </test-method> <!-- testRegistrationForExistingUserTestCase32 -->
        <test-method is-config="true" signature="closeBrowser(org.testng.ITestResult)[pri:0, instance:com.romanceabroad.ui.RegistrationTests@43c1b556]" started-at="2020-06-10T21:14:31 PDT" name="closeBrowser" finished-at="2020-06-10T21:14:32 PDT" duration-ms="111" status="PASS">
          <params>
            <param index="0">
              <value>
                <![CDATA[[TestResult name=testRegistrationForExistingUserTestCase32 status=SUCCESS method=RegistrationTests.testRegistrationForExistingUserTestCase32(java.lang.String, java.lang.String, boolean)[pri:3, instance:com.romanceabroad.ui.RegistrationTests@43c1b556] output={null}]]]>
              </value>
            </param>
          </params>
          <reporter-output>
          </reporter-output>
        </test-method> <!-- closeBrowser -->
        <test-method is-config="true" signature="setup(java.lang.String, java.lang.String, java.lang.String, java.lang.String, java.lang.String, java.lang.String, java.lang.reflect.Method, org.testng.ITestContext)[pri:0, instance:com.romanceabroad.ui.RegistrationTests@43c1b556]" started-at="2020-06-10T21:14:32 PDT" name="setup" finished-at="2020-06-10T21:14:36 PDT" duration-ms="4828" status="PASS">
          <params>
            <param index="0">
              <value>
                <![CDATA[chrome]]>
              </value>
            </param>
            <param index="1">
              <value>
                <![CDATA[web]]>
              </value>
            </param>
            <param index="2">
              <value is-null="true"/>
            </param>
            <param index="3">
              <value is-null="true"/>
            </param>
            <param index="4">
              <value>
                <![CDATA[Galaxy Note 3]]>
              </value>
            </param>
            <param index="5">
              <value>
                <![CDATA[qa]]>
              </value>
            </param>
            <param index="6">
              <value>
                <![CDATA[public void com.romanceabroad.ui.RegistrationTests.testRegistration1(java.lang.String,java.lang.String,java.lang.String,java.lang.String,java.lang.String,java.lang.String,java.lang.String,java.lang.String)]]>
              </value>
            </param>
            <param index="7">
              <value>
                <![CDATA[org.testng.TestRunner@76f51ce2]]>
              </value>
            </param>
          </params>
          <reporter-output>
          </reporter-output>
        </test-method> <!-- setup -->
        <test-method signature="testRegistration1(java.lang.String, java.lang.String, java.lang.String, java.lang.String, java.lang.String, java.lang.String, java.lang.String, java.lang.String)[pri:5, instance:com.romanceabroad.ui.RegistrationTests@43c1b556]" started-at="2020-06-10T21:14:36 PDT" name="testRegistration1" data-provider="Registration" finished-at="2020-06-10T21:14:42 PDT" duration-ms="5596" status="PASS">
          <params>
            <param index="0">
              <value>
                <![CDATA[imashva@gmail.com]]>
              </value>
            </param>
            <param index="1">
              <value>
                <![CDATA[123456]]>
              </value>
            </param>
            <param index="2">
              <value>
                <![CDATA[6197247589]]>
              </value>
            </param>
            <param index="3">
              <value>
                <![CDATA[Jun]]>
              </value>
            </param>
            <param index="4">
              <value>
                <![CDATA[18]]>
              </value>
            </param>
            <param index="5">
              <value>
                <![CDATA[1985]]>
              </value>
            </param>
            <param index="6">
              <value>
                <![CDATA[Sydney]]>
              </value>
            </param>
            <param index="7">
              <value>
                <![CDATA[State of New South Wales]]>
              </value>
            </param>
          </params>
          <reporter-output>
          </reporter-output>
        </test-method> <!-- testRegistration1 -->
        <test-method is-config="true" signature="closeBrowser(org.testng.ITestResult)[pri:0, instance:com.romanceabroad.ui.RegistrationTests@43c1b556]" started-at="2020-06-10T21:14:42 PDT" name="closeBrowser" finished-at="2020-06-10T21:14:42 PDT" duration-ms="125" status="PASS">
          <params>
            <param index="0">
              <value>
                <![CDATA[[TestResult name=testRegistration1 status=SUCCESS method=RegistrationTests.testRegistration1(java.lang.String, java.lang.String, java.lang.String, java.lang.String, java.lang.String, java.lang.String, java.lang.String, java.lang.String)[pri:5, instance:com.romanceabroad.ui.RegistrationTests@43c1b556] output={null}]]]>
              </value>
            </param>
          </params>
          <reporter-output>
          </reporter-output>
        </test-method> <!-- closeBrowser -->
        <test-method is-config="true" signature="setup(java.lang.String, java.lang.String, java.lang.String, java.lang.String, java.lang.String, java.lang.String, java.lang.reflect.Method, org.testng.ITestContext)[pri:0, instance:com.romanceabroad.ui.RegistrationTests@43c1b556]" started-at="2020-06-10T21:14:42 PDT" name="setup" finished-at="2020-06-10T21:14:47 PDT" duration-ms="4596" status="PASS">
          <params>
            <param index="0">
              <value>
                <![CDATA[chrome]]>
              </value>
            </param>
            <param index="1">
              <value>
                <![CDATA[web]]>
              </value>
            </param>
            <param index="2">
              <value is-null="true"/>
            </param>
            <param index="3">
              <value is-null="true"/>
            </param>
            <param index="4">
              <value>
                <![CDATA[Galaxy Note 3]]>
              </value>
            </param>
            <param index="5">
              <value>
                <![CDATA[qa]]>
              </value>
            </param>
            <param index="6">
              <value>
                <![CDATA[public void com.romanceabroad.ui.RegistrationTests.testRegistration1(java.lang.String,java.lang.String,java.lang.String,java.lang.String,java.lang.String,java.lang.String,java.lang.String,java.lang.String)]]>
              </value>
            </param>
            <param index="7">
              <value>
                <![CDATA[org.testng.TestRunner@76f51ce2]]>
              </value>
            </param>
          </params>
          <reporter-output>
          </reporter-output>
        </test-method> <!-- setup -->
        <test-method signature="testRegistration1(java.lang.String, java.lang.String, java.lang.String, java.lang.String, java.lang.String, java.lang.String, java.lang.String, java.lang.String)[pri:5, instance:com.romanceabroad.ui.RegistrationTests@43c1b556]" started-at="2020-06-10T21:14:47 PDT" name="testRegistration1" data-provider="Registration" finished-at="2020-06-10T21:14:52 PDT" duration-ms="5382" status="PASS">
          <params>
            <param index="0">
              <value>
                <![CDATA[ya@yahoo.com]]>
              </value>
            </param>
            <param index="1">
              <value>
                <![CDATA[5678910]]>
              </value>
            </param>
            <param index="2">
              <value>
                <![CDATA[6507899090]]>
              </value>
            </param>
            <param index="3">
              <value>
                <![CDATA[Feb]]>
              </value>
            </param>
            <param index="4">
              <value>
                <![CDATA[18]]>
              </value>
            </param>
            <param index="5">
              <value>
                <![CDATA[1960]]>
              </value>
            </param>
            <param index="6">
              <value>
                <![CDATA[Boston]]>
              </value>
            </param>
            <param index="7">
              <value>
                <![CDATA[Massachusetts]]>
              </value>
            </param>
          </params>
          <reporter-output>
          </reporter-output>
        </test-method> <!-- testRegistration1 -->
        <test-method is-config="true" signature="closeBrowser(org.testng.ITestResult)[pri:0, instance:com.romanceabroad.ui.RegistrationTests@43c1b556]" started-at="2020-06-10T21:14:52 PDT" name="closeBrowser" finished-at="2020-06-10T21:14:52 PDT" duration-ms="123" status="PASS">
          <params>
            <param index="0">
              <value>
                <![CDATA[[TestResult name=testRegistration1 status=SUCCESS method=RegistrationTests.testRegistration1(java.lang.String, java.lang.String, java.lang.String, java.lang.String, java.lang.String, java.lang.String, java.lang.String, java.lang.String)[pri:5, instance:com.romanceabroad.ui.RegistrationTests@43c1b556] output={null}]]]>
              </value>
            </param>
          </params>
          <reporter-output>
          </reporter-output>
        </test-method> <!-- closeBrowser -->
      </class> <!-- com.romanceabroad.ui.RegistrationTests -->
    </test> <!-- Galaxy Note 3 test cases -->
  </suite> <!-- Mobile Test Suite -->
</testng-results>
