<?xml version="1.0" encoding="UTF-8"?>
<!-- Generated by org.testng.reporters.JUnitXMLReporter -->
<testsuite ignored="0" hostname="Anaras-MacBook-Pro.local" failures="1" tests="54" name="Chrome Tests" time="975.212" errors="0" timestamp="2020-06-07T12:52:37 PDT">
  <testcase classname="com.romanceabroad.ui.RegistrationTests" name="testBoolean" time="0.002"/>
  <testcase classname="com.romanceabroad.ui.RegistrationTests" name="testRegistration2" time="4.833"/>
  <testcase classname="com.romanceabroad.ui.RegistrationTests" name="testRegistration2" time="0.376"/>
  <testcase classname="com.romanceabroad.ui.RegistrationTests" name="testRegistration2" time="4.429"/>
  <testcase classname="com.romanceabroad.ui.RegistrationTests" name="testRegistrationForInvalidEmailTestCase31" time="0.366"/>
  <testcase classname="com.romanceabroad.ui.RegistrationTests" name="testRegistrationForExistingUserTestCase32" time="1.874"/>
  <testcase classname="com.romanceabroad.ui.RegistrationTests" name="testRegistrationForInvalidPasswordTestCase33" time="20.428">
    <failure type="org.openqa.selenium.TimeoutException" message="Expected condition failed: waiting for element to be clickable: By.xpath: //button[@data-action=&amp;apos;next-page&amp;apos;][text()=&amp;apos;Next&amp;apos;] (tried for 20 second(s) with 500 milliseconds interval)
Build info: version: &amp;apos;3.141.59&amp;apos;, revision: &amp;apos;e82be7d358&amp;apos;, time: &amp;apos;2018-11-14T08:17:03&amp;apos;
System info: host: &amp;apos;Anaras-MacBook-Pro.local&amp;apos;, ip: &amp;apos;2601:647:4a00:ccf0:0:0:0:f5fd%en0&amp;apos;, os.name: &amp;apos;Mac OS X&amp;apos;, os.arch: &amp;apos;x86_64&amp;apos;, os.version: &amp;apos;10.14.6&amp;apos;, java.version: &amp;apos;11.0.7&amp;apos;
Driver info: org.openqa.selenium.chrome.ChromeDriver
Capabilities {acceptInsecureCerts: false, browserName: chrome, browserVersion: 83.0.4103.61, chrome: {chromedriverVersion: 83.0.4103.39 (ccbf011cb2d2b..., userDataDir: /var/folders/6y/hllg1rhd29j...}, goog:chromeOptions: {debuggerAddress: localhost:57373}, javascriptEnabled: true, networkConnectionEnabled: false, pageLoadStrategy: normal, platform: MAC, platformName: MAC, proxy: Proxy(), setWindowRect: true, strictFileInteractability: false, timeouts: {implicit: 0, pageLoad: 300000, script: 30000}, unhandledPromptBehavior: dismiss and notify, webauthn:virtualAuthenticators: true}
Session ID: 54ae0cbd2d7223f49588a67b3bc000b7">
      <![CDATA[org.openqa.selenium.TimeoutException: Expected condition failed: waiting for element to be clickable: By.xpath: //button[@data-action='next-page'][text()='Next'] (tried for 20 second(s) with 500 milliseconds interval)
Build info: version: '3.141.59', revision: 'e82be7d358', time: '2018-11-14T08:17:03'
System info: host: 'Anaras-MacBook-Pro.local', ip: '2601:647:4a00:ccf0:0:0:0:f5fd%en0', os.name: 'Mac OS X', os.arch: 'x86_64', os.version: '10.14.6', java.version: '11.0.7'
Driver info: org.openqa.selenium.chrome.ChromeDriver
Capabilities {acceptInsecureCerts: false, browserName: chrome, browserVersion: 83.0.4103.61, chrome: {chromedriverVersion: 83.0.4103.39 (ccbf011cb2d2b..., userDataDir: /var/folders/6y/hllg1rhd29j...}, goog:chromeOptions: {debuggerAddress: localhost:57373}, javascriptEnabled: true, networkConnectionEnabled: false, pageLoadStrategy: normal, platform: MAC, platformName: MAC, proxy: Proxy(), setWindowRect: true, strictFileInteractability: false, timeouts: {implicit: 0, pageLoad: 300000, script: 30000}, unhandledPromptBehavior: dismiss and notify, webauthn:virtualAuthenticators: true}
Session ID: 54ae0cbd2d7223f49588a67b3bc000b7
at org.openqa.selenium.support.ui.WebDriverWait.timeoutException(WebDriverWait.java:95)
at org.openqa.selenium.support.ui.FluentWait.until(FluentWait.java:272)
at com.romanceabroad.ui.MainPage.clickNextButton(MainPage.java:66)
at com.romanceabroad.ui.RegistrationTests.testRegistrationForInvalidPasswordTestCase33(RegistrationTests.java:103)
at java.base/java.util.ArrayList.forEach(ArrayList.java:1540)
... Removed 31 stack frames]]>
    </failure>
  </testcase> <!-- testRegistrationForInvalidPasswordTestCase33 -->
  <testcase classname="com.romanceabroad.ui.RegistrationTests" name="testRegistration1" time="3.679"/>
  <testcase classname="com.romanceabroad.ui.RegistrationTests" name="testRegistration1" time="4.105"/>
  <testcase classname="com.romanceabroad.ui.SignInTest" name="testSignInTestCase1" time="1.635"/>
  <testcase classname="com.romanceabroad.ui.PrettyWomenTest" name="testSplit" time="0.0"/>
  <testcase classname="com.romanceabroad.ui.PrettyWomenTest" name="testPrettyWomenPageTestCase3" time="8.435"/>
  <testcase classname="com.romanceabroad.ui.PrettyWomenTest" name="testSearchByAgeTestCase4" time="5.045"/>
  <testcase classname="com.romanceabroad.ui.PrettyWomenTest" name="testDropDownViewOptionsTestCase5" time="5.164"/>
  <testcase classname="com.romanceabroad.ui.PrettyWomenTest" name="selectRandomDropDownListTestCase6" time="5.719"/>
  <testcase classname="com.romanceabroad.ui.PrettyWomenTest" name="selectDropDownListByAgeMinTestCase7" time="22.877"/>
  <testcase classname="com.romanceabroad.ui.PrettyWomenTest" name="searchDifferentResultsTestCase30" time="77.6"/>
  <testcase classname="com.romanceabroad.ui.PrettyWomenTest" name="searchDifferentResultsTestCase30" time="8.958"/>
  <testcase classname="com.romanceabroad.ui.PrettyWomenTest" name="searchDifferentResultsTestCase30" time="77.671"/>
  <testcase classname="com.romanceabroad.ui.PrettyWomenTest" name="searchDifferentResultsTestCase30" time="8.471"/>
  <testcase classname="com.romanceabroad.ui.PrettyWomenTest" name="testUserProfile" time="12.588"/>
  <testcase classname="com.romanceabroad.ui.PrettyWomenTest" name="testFooter" time="27.27"/>
  <testcase classname="com.romanceabroad.ui.PrettyWomenTest" name="testFooter" time="26.577"/>
  <testcase classname="com.romanceabroad.ui.PrettyWomenTest" name="testFooter" time="26.524"/>
  <testcase classname="com.romanceabroad.ui.PrettyWomenTest" name="testFooter" time="26.831"/>
  <testcase classname="com.romanceabroad.ui.PrettyWomenTest" name="testFooter" time="27.021"/>
  <testcase classname="com.romanceabroad.ui.PrettyWomenTest" name="testFooter" time="26.859"/>
  <testcase classname="com.romanceabroad.ui.PhotosPageTest" name="testPhotosPageTestCase8" time="7.076"/>
  <testcase classname="com.romanceabroad.ui.PhotosPageTest" name="checkPhotosListTestCase9" time="5.554"/>
  <testcase classname="com.romanceabroad.ui.PhotosPageTest" name="testUserTabs" time="15.251"/>
  <testcase classname="com.romanceabroad.ui.PhotosPageTest" name="testUserTabsWithMoreVerifications" time="15.569"/>
  <testcase classname="com.romanceabroad.ui.PhotosPageTest" name="testUserTabs2" time="17.338"/>
  <testcase classname="com.romanceabroad.ui.PhotosPageTest" name="testUserTabs3" time="29.357"/>
  <testcase classname="com.romanceabroad.ui.GiftsTest" name="testGiftsPageTestCase20" time="5.851"/>
  <testcase classname="com.romanceabroad.ui.GiftsTest" name="testSelectionOfBestsellersTestCase21" time="2.678"/>
  <testcase classname="com.romanceabroad.ui.GiftsTest" name="testSelectionOfRegularGiftsTestCase22" time="2.185"/>
  <testcase classname="com.romanceabroad.ui.MainPageTests" name="checkTabsTestCase10" time="3.191"/>
  <testcase classname="com.romanceabroad.ui.MainPageTests" name="checkLinksWithAssertionsTestCase11" time="50.288"/>
  <testcase classname="com.romanceabroad.ui.MainPageTests" name="checkTabsNamesTestCase12" time="0.227"/>
  <testcase classname="com.romanceabroad.ui.MainPageTests" name="verifyIFrameSizeOnMainPageTestCase13" time="3.022"/>
  <testcase classname="com.romanceabroad.ui.MainPageTests" name="testMainPageIFrameTestCase14" time="3.212"/>
  <testcase classname="com.romanceabroad.ui.MainPageTests" name="testBookNowTestCase15" time="0.173"/>
  <testcase classname="com.romanceabroad.ui.MainPageTests" name="testDiscountAlertTestCase16" time="0.166"/>
  <testcase classname="com.romanceabroad.ui.MainPageTests" name="verifyRomanceAbroadHeaderTestCase17" time="0.107"/>
  <testcase classname="com.romanceabroad.ui.MainPageTests" name="smokeTestMainPageTestCase19" time="25.764"/>
  <testcase classname="com.romanceabroad.ui.MainPageTests" name="testLinksOnMainPageTestCase18" time="28.227"/>
  <testcase classname="com.romanceabroad.ui.BlogPageTest" name="testBlogPageTestCase27" time="6.606"/>
  <testcase classname="com.romanceabroad.ui.BlogPageTest" name="testArticlesAndTitlesTestCase28" time="20.062"/>
  <testcase classname="com.romanceabroad.ui.BlogPageTest" name="testLinksBlogPageTestCase29" time="2.249"/>
  <testcase classname="com.romanceabroad.ui.ContactUsPageTest" name="testContactUsPageTestCase23" time="4.273"/>
  <testcase classname="com.romanceabroad.ui.ContactUsPageTest" name="verifySelectReasonDropDownTestCase24" time="4.492"/>
  <testcase classname="com.romanceabroad.ui.ContactUsPageTest" name="verifyDropDownListTestCase25" time="8.481"/>
  <testcase classname="com.romanceabroad.ui.ContactUsPageTest" name="fillOutContactAdministratorForm" time="10.93"/>
  <testcase classname="com.romanceabroad.ui.ContactUsPageTest" name="fillOutContactAdministratorFormTestCase26" time="12.25"/>
</testsuite> <!-- Chrome Tests -->
