<?xml version="1.0" encoding="UTF-8"?>
<!-- Generated by org.testng.reporters.JUnitXMLReporter -->
<testsuite ignored="0" hostname="Anaras-MacBook-Pro.local" failures="1" tests="17" name="Galaxy S5 test cases" time="488.744" errors="0" timestamp="2020-06-10T21:11:24 PDT">
  <testcase classname="com.romanceabroad.ui.PrettyWomenTest" name="testSplit" time="0.0"/>
  <testcase classname="com.romanceabroad.ui.PrettyWomenTest" name="testPrettyWomenPageTestCase3" time="8.27"/>
  <testcase classname="com.romanceabroad.ui.PrettyWomenTest" name="testSearchByAgeTestCase4" time="5.722"/>
  <testcase classname="com.romanceabroad.ui.PrettyWomenTest" name="testDropDownViewOptionsTestCase5" time="6.456"/>
  <testcase classname="com.romanceabroad.ui.PrettyWomenTest" name="selectRandomDropDownListTestCase6" time="0.035">
    <failure type="org.openqa.selenium.ElementNotInteractableException" message="element not interactable
  (Session info: chrome=83.0.4103.97)
Build info: version: &amp;apos;3.141.59&amp;apos;, revision: &amp;apos;e82be7d358&amp;apos;, time: &amp;apos;2018-11-14T08:17:03&amp;apos;
System info: host: &amp;apos;Anaras-MacBook-Pro.local&amp;apos;, ip: &amp;apos;2601:647:4a00:ccf0:0:0:0:f5fd%en0&amp;apos;, os.name: &amp;apos;Mac OS X&amp;apos;, os.arch: &amp;apos;x86_64&amp;apos;, os.version: &amp;apos;10.14.6&amp;apos;, java.version: &amp;apos;11.0.5&amp;apos;
Driver info: org.openqa.selenium.chrome.ChromeDriver
Capabilities {acceptInsecureCerts: false, browserName: chrome, browserVersion: 83.0.4103.97, chrome: {chromedriverVersion: 83.0.4103.39 (ccbf011cb2d2b..., userDataDir: /var/folders/6y/hllg1rhd29j...}, goog:chromeOptions: {debuggerAddress: localhost:52804}, javascriptEnabled: true, networkConnectionEnabled: false, pageLoadStrategy: normal, platform: MAC, platformName: MAC, proxy: Proxy(), setWindowRect: true, strictFileInteractability: false, timeouts: {implicit: 0, pageLoad: 300000, script: 30000}, unhandledPromptBehavior: dismiss and notify, webauthn:virtualAuthenticators: true}
Session ID: b448b785f56b329f4ceb4000f70f3540">
      <![CDATA[org.openqa.selenium.ElementNotInteractableException: element not interactable
  (Session info: chrome=83.0.4103.97)
Build info: version: '3.141.59', revision: 'e82be7d358', time: '2018-11-14T08:17:03'
System info: host: 'Anaras-MacBook-Pro.local', ip: '2601:647:4a00:ccf0:0:0:0:f5fd%en0', os.name: 'Mac OS X', os.arch: 'x86_64', os.version: '10.14.6', java.version: '11.0.5'
Driver info: org.openqa.selenium.chrome.ChromeDriver
Capabilities {acceptInsecureCerts: false, browserName: chrome, browserVersion: 83.0.4103.97, chrome: {chromedriverVersion: 83.0.4103.39 (ccbf011cb2d2b..., userDataDir: /var/folders/6y/hllg1rhd29j...}, goog:chromeOptions: {debuggerAddress: localhost:52804}, javascriptEnabled: true, networkConnectionEnabled: false, pageLoadStrategy: normal, platform: MAC, platformName: MAC, proxy: Proxy(), setWindowRect: true, strictFileInteractability: false, timeouts: {implicit: 0, pageLoad: 300000, script: 30000}, unhandledPromptBehavior: dismiss and notify, webauthn:virtualAuthenticators: true}
Session ID: b448b785f56b329f4ceb4000f70f3540
at org.openqa.selenium.remote.http.W3CHttpResponseCodec.createException(W3CHttpResponseCodec.java:187)
at org.openqa.selenium.remote.http.W3CHttpResponseCodec.decode(W3CHttpResponseCodec.java:122)
at org.openqa.selenium.remote.http.W3CHttpResponseCodec.decode(W3CHttpResponseCodec.java:49)
at org.openqa.selenium.remote.HttpCommandExecutor.execute(HttpCommandExecutor.java:158)
at org.openqa.selenium.remote.service.DriverCommandExecutor.execute(DriverCommandExecutor.java:83)
at org.openqa.selenium.remote.RemoteWebDriver.execute(RemoteWebDriver.java:552)
at org.openqa.selenium.remote.RemoteWebElement.execute(RemoteWebElement.java:285)
at org.openqa.selenium.remote.RemoteWebElement.click(RemoteWebElement.java:84)
at com.romanceabroad.ui.PrettyWomenTest.selectRandomDropDownListTestCase6(PrettyWomenTest.java:77)
at java.base/java.util.ArrayList.forEach(ArrayList.java:1540)
... Removed 35 stack frames]]>
    </failure>
  </testcase> <!-- selectRandomDropDownListTestCase6 -->
  <testcase classname="com.romanceabroad.ui.PrettyWomenTest" name="selectDropDownListByAgeMinTestCase7" time="24.501"/>
  <testcase classname="com.romanceabroad.ui.PrettyWomenTest" name="searchDifferentResultsTestCase30" time="77.609"/>
  <testcase classname="com.romanceabroad.ui.PrettyWomenTest" name="searchDifferentResultsTestCase30" time="8.452"/>
  <testcase classname="com.romanceabroad.ui.PrettyWomenTest" name="searchDifferentResultsTestCase30" time="77.697"/>
  <testcase classname="com.romanceabroad.ui.PrettyWomenTest" name="searchDifferentResultsTestCase30" time="13.606"/>
  <testcase classname="com.romanceabroad.ui.PrettyWomenTest" name="testUserProfile" time="13.527"/>
  <testcase classname="com.romanceabroad.ui.PrettyWomenTest" name="testFooter" time="26.794"/>
  <testcase classname="com.romanceabroad.ui.PrettyWomenTest" name="testFooter" time="26.6"/>
  <testcase classname="com.romanceabroad.ui.PrettyWomenTest" name="testFooter" time="27.707"/>
  <testcase classname="com.romanceabroad.ui.PrettyWomenTest" name="testFooter" time="27.035"/>
  <testcase classname="com.romanceabroad.ui.PrettyWomenTest" name="testFooter" time="26.886"/>
  <testcase classname="com.romanceabroad.ui.PrettyWomenTest" name="testFooter" time="26.85"/>
</testsuite> <!-- Galaxy S5 test cases -->
